<html>
<head>
<title>TestNG:  Conversii</title>
<link href="../testng.css" rel="stylesheet" type="text/css" />
<link href="../my-testng.css" rel="stylesheet" type="text/css" />

<style type="text/css">
.log { display: none;} 
.stack-trace { display: none;} 
</style>
<script type="text/javascript">
<!--
function flip(e) {
  current = e.style.display;
  if (current == 'block') {
    e.style.display = 'none';
    return 0;
  }
  else {
    e.style.display = 'block';
    return 1;
  }
}

function toggleBox(szDivId, elem, msg1, msg2)
{
  var res = -1;  if (document.getElementById) {
    res = flip(document.getElementById(szDivId));
  }
  else if (document.all) {
    // this is the way old msie versions work
    res = flip(document.all[szDivId]);
  }
  if(elem) {
    if(res == 0) elem.innerHTML = msg1; else elem.innerHTML = msg2;
  }

}

function toggleAllBoxes() {
  if (document.getElementsByTagName) {
    d = document.getElementsByTagName('div');
    for (i = 0; i < d.length; i++) {
      if (d[i].className == 'log') {
        flip(d[i]);
      }
    }
  }
}

// -->
</script>

</head>
<body>
<h2 align='center'>Conversii</h2><table border='1' align="center">
<tr>
<td>Tests passed/Failed/Skipped:</td><td>4/4/0</td>
</tr><tr>
<td>Started on:</td><td>Sun Jan 12 09:58:57 EET 2025</td>
</tr>
<tr><td>Total time:</td><td>12 seconds (12097 ms)</td>
</tr><tr>
<td>Included groups:</td><td></td>
</tr><tr>
<td>Excluded groups:</td><td></td>
</tr>
</table><p/>
<small><i>(Hover the method name to see the test class name)</i></small><p/>
<table width='100%' border='1' class='invocation-failed'>
<tr><td colspan='4' align='center'><b>FAILED TESTS</b></td></tr>
<tr><td><b>Test method</b></td>
<td><b>Attribute(s)</b></td>
<td width="30%"><b>Exception</b></td>
<td width="10%"><b>Time (seconds)</b></td>
<td><b>Instance</b></td>
</tr>
<tr>
<td title='automation.testng.testcases.TC003_Conversie_Valutara_Corecta.TC003_Conversie_Valutara_Corecta()'><b>TC003_Conversie_Valutara_Corecta</b><br>Test class: automation.testng.testcases.TC003_Conversie_Valutara_Corecta<br>Parameters: RO, EUR, GBP, 100, 84 GBP</td>
<td><div><pre>java.lang.AssertionError: Valuta sursa s-a schimbat la reincarcarea paginii expected [EUR] but found [RON]
	at automation.testng.testcases.TC003_Conversie_Valutara_Corecta.TC003_Conversie_Valutara_Corecta(TC003_Conversie_Valutara_Corecta.java:26)
	at java.base/java.util.ArrayList.forEach(ArrayList.java:1511)
... Removed 33 stack frames</pre></div><a href='#' onClick='toggleBox("stack-trace1336418989", this, "Click to show all stack frames", "Click to hide stack frames")'>Click to show all stack frames</a>
<div class='stack-trace' id='stack-trace1336418989'><pre>java.lang.AssertionError: Valuta sursa s-a schimbat la reincarcarea paginii expected [EUR] but found [RON]
	at org.testng.Assert.fail(Assert.java:110)
	at org.testng.Assert.failNotEquals(Assert.java:1413)
	at org.testng.Assert.assertEqualsImpl(Assert.java:149)
	at org.testng.Assert.assertEquals(Assert.java:131)
	at automation.testng.testcases.TC003_Conversie_Valutara_Corecta.TC003_Conversie_Valutara_Corecta(TC003_Conversie_Valutara_Corecta.java:26)
	at java.base/jdk.internal.reflect.DirectMethodHandleAccessor.invoke(DirectMethodHandleAccessor.java:104)
	at java.base/java.lang.reflect.Method.invoke(Method.java:578)
	at org.testng.internal.invokers.MethodInvocationHelper.invokeMethod(MethodInvocationHelper.java:139)
	at org.testng.internal.invokers.TestInvoker.invokeMethod(TestInvoker.java:677)
	at org.testng.internal.invokers.TestInvoker.invokeTestMethod(TestInvoker.java:221)
	at org.testng.internal.invokers.MethodRunner.runInSequence(MethodRunner.java:50)
	at org.testng.internal.invokers.TestInvoker$MethodInvocationAgent.invoke(TestInvoker.java:969)
	at org.testng.internal.invokers.TestInvoker.invokeTestMethods(TestInvoker.java:194)
	at org.testng.internal.invokers.TestMethodWorker.invokeTestMethods(TestMethodWorker.java:148)
	at org.testng.internal.invokers.TestMethodWorker.run(TestMethodWorker.java:128)
	at java.base/java.util.ArrayList.forEach(ArrayList.java:1511)
	at org.testng.TestRunner.privateRun(TestRunner.java:829)
	at org.testng.TestRunner.run(TestRunner.java:602)
	at org.testng.SuiteRunner.runTest(SuiteRunner.java:437)
	at org.testng.SuiteRunner.runSequentially(SuiteRunner.java:431)
	at org.testng.SuiteRunner.privateRun(SuiteRunner.java:391)
	at org.testng.SuiteRunner.run(SuiteRunner.java:330)
	at org.testng.SuiteRunnerWorker.runSuite(SuiteRunnerWorker.java:52)
	at org.testng.SuiteRunnerWorker.run(SuiteRunnerWorker.java:95)
	at org.testng.TestNG.runSuitesSequentially(TestNG.java:1256)
	at org.testng.TestNG.runSuitesLocally(TestNG.java:1176)
	at org.testng.TestNG.runSuites(TestNG.java:1099)
	at org.testng.TestNG.run(TestNG.java:1067)
	at org.apache.maven.surefire.testng.TestNGExecutor.run(TestNGExecutor.java:324)
	at org.apache.maven.surefire.testng.TestNGXmlTestSuite.execute(TestNGXmlTestSuite.java:74)
	at org.apache.maven.surefire.testng.TestNGProvider.invoke(TestNGProvider.java:123)
	at org.apache.maven.surefire.booter.ForkedBooter.runSuitesInProcess(ForkedBooter.java:456)
	at org.apache.maven.surefire.booter.ForkedBooter.execute(ForkedBooter.java:169)
	at org.apache.maven.surefire.booter.ForkedBooter.run(ForkedBooter.java:595)
	at org.apache.maven.surefire.booter.ForkedBooter.main(ForkedBooter.java:581)
</pre></div></td>
<td>0</td>
<td>automation.testng.testcases.TC003_Conversie_Valutara_Corecta@5c33f1a9</td></tr>
<tr>
<td title='automation.testng.testcases.TC003_Conversie_Valutara_Corecta.TC003_Conversie_Valutara_Corecta()'><b>TC003_Conversie_Valutara_Corecta</b><br>Test class: automation.testng.testcases.TC003_Conversie_Valutara_Corecta<br>Parameters: RO, CAD, USD, 100, 140 USD</td>
<td><div><pre>java.lang.AssertionError: Expected to end with: &apos;140 USD&apos; but got &apos;Ai ales să schimbi din CAD în USD
Suma pe care o dorești a fi schimbată: 100 CAD
Conform cursului BNR din 19.11.2024, suma convertită în USD este: 71 EUR&apos; expected [true] but found [false]
	at automation.testng.testcases.BaseTest.checkEndsWith(BaseTest.java:48)
	at automation.testng.testcases.TC003_Conversie_Valutara_Corecta.TC003_Conversie_Valutara_Corecta(TC003_Conversie_Valutara_Corecta.java:23)
	at java.base/java.util.ArrayList.forEach(ArrayList.java:1511)
... Removed 32 stack frames</pre></div><a href='#' onClick='toggleBox("stack-trace18338606", this, "Click to show all stack frames", "Click to hide stack frames")'>Click to show all stack frames</a>
<div class='stack-trace' id='stack-trace18338606'><pre>java.lang.AssertionError: Expected to end with: &apos;140 USD&apos; but got &apos;Ai ales să schimbi din CAD în USD
Suma pe care o dorești a fi schimbată: 100 CAD
Conform cursului BNR din 19.11.2024, suma convertită în USD este: 71 EUR&apos; expected [true] but found [false]
	at org.testng.Assert.fail(Assert.java:110)
	at org.testng.Assert.failNotEquals(Assert.java:1413)
	at org.testng.Assert.assertTrue(Assert.java:56)
	at automation.testng.testcases.BaseTest.checkEndsWith(BaseTest.java:48)
	at automation.testng.testcases.TC003_Conversie_Valutara_Corecta.TC003_Conversie_Valutara_Corecta(TC003_Conversie_Valutara_Corecta.java:23)
	at java.base/jdk.internal.reflect.DirectMethodHandleAccessor.invoke(DirectMethodHandleAccessor.java:104)
	at java.base/java.lang.reflect.Method.invoke(Method.java:578)
	at org.testng.internal.invokers.MethodInvocationHelper.invokeMethod(MethodInvocationHelper.java:139)
	at org.testng.internal.invokers.TestInvoker.invokeMethod(TestInvoker.java:677)
	at org.testng.internal.invokers.TestInvoker.invokeTestMethod(TestInvoker.java:221)
	at org.testng.internal.invokers.MethodRunner.runInSequence(MethodRunner.java:50)
	at org.testng.internal.invokers.TestInvoker$MethodInvocationAgent.invoke(TestInvoker.java:969)
	at org.testng.internal.invokers.TestInvoker.invokeTestMethods(TestInvoker.java:194)
	at org.testng.internal.invokers.TestMethodWorker.invokeTestMethods(TestMethodWorker.java:148)
	at org.testng.internal.invokers.TestMethodWorker.run(TestMethodWorker.java:128)
	at java.base/java.util.ArrayList.forEach(ArrayList.java:1511)
	at org.testng.TestRunner.privateRun(TestRunner.java:829)
	at org.testng.TestRunner.run(TestRunner.java:602)
	at org.testng.SuiteRunner.runTest(SuiteRunner.java:437)
	at org.testng.SuiteRunner.runSequentially(SuiteRunner.java:431)
	at org.testng.SuiteRunner.privateRun(SuiteRunner.java:391)
	at org.testng.SuiteRunner.run(SuiteRunner.java:330)
	at org.testng.SuiteRunnerWorker.runSuite(SuiteRunnerWorker.java:52)
	at org.testng.SuiteRunnerWorker.run(SuiteRunnerWorker.java:95)
	at org.testng.TestNG.runSuitesSequentially(TestNG.java:1256)
	at org.testng.TestNG.runSuitesLocally(TestNG.java:1176)
	at org.testng.TestNG.runSuites(TestNG.java:1099)
	at org.testng.TestNG.run(TestNG.java:1067)
	at org.apache.maven.surefire.testng.TestNGExecutor.run(TestNGExecutor.java:324)
	at org.apache.maven.surefire.testng.TestNGXmlTestSuite.execute(TestNGXmlTestSuite.java:74)
	at org.apache.maven.surefire.testng.TestNGProvider.invoke(TestNGProvider.java:123)
	at org.apache.maven.surefire.booter.ForkedBooter.runSuitesInProcess(ForkedBooter.java:456)
	at org.apache.maven.surefire.booter.ForkedBooter.execute(ForkedBooter.java:169)
	at org.apache.maven.surefire.booter.ForkedBooter.run(ForkedBooter.java:595)
	at org.apache.maven.surefire.booter.ForkedBooter.main(ForkedBooter.java:581)
</pre></div></td>
<td>0</td>
<td>automation.testng.testcases.TC003_Conversie_Valutara_Corecta@5c33f1a9</td></tr>
<tr>
<td title='automation.testng.testcases.TC005_Conversie_Neaplicata.TC005_Conversie_Neaplicata()'><b>TC005_Conversie_Neaplicata</b><br>Test class: automation.testng.testcases.TC005_Conversie_Neaplicata</td>
<td><div><pre>org.testng.internal.reflect.MethodMatcherException: 
[public void automation.testng.testcases.TC005_Conversie_Neaplicata.TC005_Conversie_Neaplicata(automation.enums.Language,automation.enums.Currency,automation.enums.Currency,java.lang.String,java.lang.String) throws java.lang.InterruptedException] has no parameters defined but was found to be using a data provider (either explicitly specified or inherited from class level annotation).
Data provider mismatch
Method: TC005_Conversie_Neaplicata([automation.enums.Language arg0, automation.enums.Currency arg1, automation.enums.Currency arg2, java.lang.String arg3, java.lang.String arg4])
Arguments: [(automation.enums.Language) RO,(automation.enums.Currency) RON,(java.lang.String) 23,(java.lang.String) Suma rămâne neschimbată]
	at java.base/java.util.ArrayList.forEach(ArrayList.java:1511)
... Removed 26 stack frames</pre></div><a href='#' onClick='toggleBox("stack-trace1145023109", this, "Click to show all stack frames", "Click to hide stack frames")'>Click to show all stack frames</a>
<div class='stack-trace' id='stack-trace1145023109'><pre>org.testng.internal.reflect.MethodMatcherException: 
[public void automation.testng.testcases.TC005_Conversie_Neaplicata.TC005_Conversie_Neaplicata(automation.enums.Language,automation.enums.Currency,automation.enums.Currency,java.lang.String,java.lang.String) throws java.lang.InterruptedException] has no parameters defined but was found to be using a data provider (either explicitly specified or inherited from class level annotation).
Data provider mismatch
Method: TC005_Conversie_Neaplicata([automation.enums.Language arg0, automation.enums.Currency arg1, automation.enums.Currency arg2, java.lang.String arg3, java.lang.String arg4])
Arguments: [(automation.enums.Language) RO,(automation.enums.Currency) RON,(java.lang.String) 23,(java.lang.String) Suma rămâne neschimbată]
	at org.testng.internal.reflect.DataProviderMethodMatcher.getConformingArguments(DataProviderMethodMatcher.java:46)
	at org.testng.internal.Parameters.injectParameters(Parameters.java:909)
	at org.testng.internal.invokers.MethodRunner.runInSequence(MethodRunner.java:37)
	at org.testng.internal.invokers.TestInvoker$MethodInvocationAgent.invoke(TestInvoker.java:969)
	at org.testng.internal.invokers.TestInvoker.invokeTestMethods(TestInvoker.java:194)
	at org.testng.internal.invokers.TestMethodWorker.invokeTestMethods(TestMethodWorker.java:148)
	at org.testng.internal.invokers.TestMethodWorker.run(TestMethodWorker.java:128)
	at java.base/java.util.ArrayList.forEach(ArrayList.java:1511)
	at org.testng.TestRunner.privateRun(TestRunner.java:829)
	at org.testng.TestRunner.run(TestRunner.java:602)
	at org.testng.SuiteRunner.runTest(SuiteRunner.java:437)
	at org.testng.SuiteRunner.runSequentially(SuiteRunner.java:431)
	at org.testng.SuiteRunner.privateRun(SuiteRunner.java:391)
	at org.testng.SuiteRunner.run(SuiteRunner.java:330)
	at org.testng.SuiteRunnerWorker.runSuite(SuiteRunnerWorker.java:52)
	at org.testng.SuiteRunnerWorker.run(SuiteRunnerWorker.java:95)
	at org.testng.TestNG.runSuitesSequentially(TestNG.java:1256)
	at org.testng.TestNG.runSuitesLocally(TestNG.java:1176)
	at org.testng.TestNG.runSuites(TestNG.java:1099)
	at org.testng.TestNG.run(TestNG.java:1067)
	at org.apache.maven.surefire.testng.TestNGExecutor.run(TestNGExecutor.java:324)
	at org.apache.maven.surefire.testng.TestNGXmlTestSuite.execute(TestNGXmlTestSuite.java:74)
	at org.apache.maven.surefire.testng.TestNGProvider.invoke(TestNGProvider.java:123)
	at org.apache.maven.surefire.booter.ForkedBooter.runSuitesInProcess(ForkedBooter.java:456)
	at org.apache.maven.surefire.booter.ForkedBooter.execute(ForkedBooter.java:169)
	at org.apache.maven.surefire.booter.ForkedBooter.run(ForkedBooter.java:595)
	at org.apache.maven.surefire.booter.ForkedBooter.main(ForkedBooter.java:581)
</pre></div></td>
<td>0</td>
<td>automation.testng.testcases.TC005_Conversie_Neaplicata@1623b78d</td></tr>
<tr>
<td title='automation.testng.testcases.TC003_Conversie_Valutara_Corecta.TC003_Conversie_Valutara_Corecta()'><b>TC003_Conversie_Valutara_Corecta</b><br>Test class: automation.testng.testcases.TC003_Conversie_Valutara_Corecta<br>Parameters: RO, RON, HUF, 100, 8175 HUF</td>
<td><div><pre>java.lang.AssertionError: Valuta sursa s-a schimbat la reincarcarea paginii expected [RON] but found [RON]
	at automation.testng.testcases.TC003_Conversie_Valutara_Corecta.TC003_Conversie_Valutara_Corecta(TC003_Conversie_Valutara_Corecta.java:26)
	at java.base/java.util.ArrayList.forEach(ArrayList.java:1511)
... Removed 33 stack frames</pre></div><a href='#' onClick='toggleBox("stack-trace365201320", this, "Click to show all stack frames", "Click to hide stack frames")'>Click to show all stack frames</a>
<div class='stack-trace' id='stack-trace365201320'><pre>java.lang.AssertionError: Valuta sursa s-a schimbat la reincarcarea paginii expected [RON] but found [RON]
	at org.testng.Assert.fail(Assert.java:110)
	at org.testng.Assert.failNotEquals(Assert.java:1413)
	at org.testng.Assert.assertEqualsImpl(Assert.java:149)
	at org.testng.Assert.assertEquals(Assert.java:131)
	at automation.testng.testcases.TC003_Conversie_Valutara_Corecta.TC003_Conversie_Valutara_Corecta(TC003_Conversie_Valutara_Corecta.java:26)
	at java.base/jdk.internal.reflect.DirectMethodHandleAccessor.invoke(DirectMethodHandleAccessor.java:104)
	at java.base/java.lang.reflect.Method.invoke(Method.java:578)
	at org.testng.internal.invokers.MethodInvocationHelper.invokeMethod(MethodInvocationHelper.java:139)
	at org.testng.internal.invokers.TestInvoker.invokeMethod(TestInvoker.java:677)
	at org.testng.internal.invokers.TestInvoker.invokeTestMethod(TestInvoker.java:221)
	at org.testng.internal.invokers.MethodRunner.runInSequence(MethodRunner.java:50)
	at org.testng.internal.invokers.TestInvoker$MethodInvocationAgent.invoke(TestInvoker.java:969)
	at org.testng.internal.invokers.TestInvoker.invokeTestMethods(TestInvoker.java:194)
	at org.testng.internal.invokers.TestMethodWorker.invokeTestMethods(TestMethodWorker.java:148)
	at org.testng.internal.invokers.TestMethodWorker.run(TestMethodWorker.java:128)
	at java.base/java.util.ArrayList.forEach(ArrayList.java:1511)
	at org.testng.TestRunner.privateRun(TestRunner.java:829)
	at org.testng.TestRunner.run(TestRunner.java:602)
	at org.testng.SuiteRunner.runTest(SuiteRunner.java:437)
	at org.testng.SuiteRunner.runSequentially(SuiteRunner.java:431)
	at org.testng.SuiteRunner.privateRun(SuiteRunner.java:391)
	at org.testng.SuiteRunner.run(SuiteRunner.java:330)
	at org.testng.SuiteRunnerWorker.runSuite(SuiteRunnerWorker.java:52)
	at org.testng.SuiteRunnerWorker.run(SuiteRunnerWorker.java:95)
	at org.testng.TestNG.runSuitesSequentially(TestNG.java:1256)
	at org.testng.TestNG.runSuitesLocally(TestNG.java:1176)
	at org.testng.TestNG.runSuites(TestNG.java:1099)
	at org.testng.TestNG.run(TestNG.java:1067)
	at org.apache.maven.surefire.testng.TestNGExecutor.run(TestNGExecutor.java:324)
	at org.apache.maven.surefire.testng.TestNGXmlTestSuite.execute(TestNGXmlTestSuite.java:74)
	at org.apache.maven.surefire.testng.TestNGProvider.invoke(TestNGProvider.java:123)
	at org.apache.maven.surefire.booter.ForkedBooter.runSuitesInProcess(ForkedBooter.java:456)
	at org.apache.maven.surefire.booter.ForkedBooter.execute(ForkedBooter.java:169)
	at org.apache.maven.surefire.booter.ForkedBooter.run(ForkedBooter.java:595)
	at org.apache.maven.surefire.booter.ForkedBooter.main(ForkedBooter.java:581)
</pre></div></td>
<td>0</td>
<td>automation.testng.testcases.TC003_Conversie_Valutara_Corecta@5c33f1a9</td></tr>
</table><p>
<table width='100%' border='1' class='invocation-passed'>
<tr><td colspan='4' align='center'><b>PASSED TESTS</b></td></tr>
<tr><td><b>Test method</b></td>
<td><b>Attribute(s)</b></td>
<td width="30%"><b>Exception</b></td>
<td width="10%"><b>Time (seconds)</b></td>
<td><b>Instance</b></td>
</tr>
<tr>
<td title='automation.testng.testcases.TC006_Conversie_Valori_Negative.TC006_Conversie_Valori_Negative()'><b>TC006_Conversie_Valori_Negative</b><br>Test class: automation.testng.testcases.TC006_Conversie_Valori_Negative<br>Parameters: RO, GBP, EUR, -50, -60 EUR</td>
<td></td>
<td>0</td>
<td>automation.testng.testcases.TC006_Conversie_Valori_Negative@c8c12ac</td></tr>
<tr>
<td title='automation.testng.testcases.TC006_Conversie_Valori_Negative.TC006_Conversie_Valori_Negative()'><b>TC006_Conversie_Valori_Negative</b><br>Test class: automation.testng.testcases.TC006_Conversie_Valori_Negative<br>Parameters: RO, USD, CAD, -50, -70 CAD</td>
<td></td>
<td>0</td>
<td>automation.testng.testcases.TC006_Conversie_Valori_Negative@c8c12ac</td></tr>
<tr>
<td title='automation.testng.testcases.TC002_Existentei_Optiunilor_Valutare.TC002_Existentei_Optiunilor_Valutare()'><b>TC002_Existentei_Optiunilor_Valutare</b><br>Test class: automation.testng.testcases.TC002_Existentei_Optiunilor_Valutare</td>
<td></td>
<td>0</td>
<td>automation.testng.testcases.TC002_Existentei_Optiunilor_Valutare@7f0eb4b4</td></tr>
<tr>
<td title='automation.testng.testcases.TC006_Conversie_Valori_Negative.TC006_Conversie_Valori_Negative()'><b>TC006_Conversie_Valori_Negative</b><br>Test class: automation.testng.testcases.TC006_Conversie_Valori_Negative<br>Parameters: RO, HUF, RON, -50, -0,6 RON</td>
<td></td>
<td>0</td>
<td>automation.testng.testcases.TC006_Conversie_Valori_Negative@c8c12ac</td></tr>
</table><p>
</body>
</html>