<!DOCTYPE html PUBLIC "-//W3C//DTD XHTML 1.1//EN" "https://www.w3.org/TR/xhtml11/DTD/xhtml11.dtd">
<html xmlns="https://www.w3.org/1999/xhtml">
<head>
<meta http-equiv="content-type" content="text/html; charset=UTF-8"/>
<title>TestNG Report</title>
<style type="text/css">table {margin-bottom:10px;border-collapse:collapse;empty-cells:show}th,td {border:1px solid #009;padding:.25em .5em}th {vertical-align:bottom}td {vertical-align:top}table a {font-weight:bold}.stripe td {background-color: #E6EBF9}.num {text-align:right}.passedodd td {background-color: #3F3}.passedeven td {background-color: #0A0}.skippedodd td {background-color: #DDD}.skippedeven td {background-color: #CCC}.failedodd td,.attn {background-color: #F33}.failedeven td,.stripe .attn {background-color: #D00}.stacktrace {white-space:pre;font-family:monospace}.totop {font-size:85%;text-align:center;border-bottom:2px solid #000}.invisible {display:none}</style>
</head>
<body>
<table>
<tr><th>Test</th><th># Passed</th><th># Skipped</th><th># Retried</th><th># Failed</th><th>Time (ms)</th><th>Included Groups</th><th>Excluded Groups</th></tr>
<tr><th colspan="8">Regression testing - in Chrome</th></tr>
<tr><td><a href="#t0">Localizare aplicatie</a></td><td class="num">2</td><td class="num">0</td><td class="num">0</td><td class="num attn">2</td><td class="num">9.412</td><td></td><td></td></tr>
<tr class="stripe"><td><a href="#t1">Conversii</a></td><td class="num">4</td><td class="num">0</td><td class="num">0</td><td class="num attn">4</td><td class="num">12.097</td><td></td><td></td></tr>
<tr><td><a href="#t2">Validari</a></td><td class="num">5</td><td class="num">0</td><td class="num">0</td><td class="num attn">4</td><td class="num">76.251</td><td></td><td></td></tr>
<tr><th colspan="8">Test de Performanta</th></tr>
<tr class="stripe"><td><a href="#t3">Timp de raspuns</a></td><td class="num">1</td><td class="num">0</td><td class="num">0</td><td class="num">0</td><td class="num">1.602</td><td></td><td></td></tr>
<tr><th colspan="8">Compatibilitate Firefox</th></tr>
<tr><td><a href="#t4">Localizare aplicatie</a></td><td class="num">2</td><td class="num">0</td><td class="num">0</td><td class="num attn">2</td><td class="num">20.249</td><td></td><td></td></tr>
<tr class="stripe"><td><a href="#t5">Conversii</a></td><td class="num">4</td><td class="num">0</td><td class="num">0</td><td class="num">0</td><td class="num">19.273</td><td></td><td></td></tr>
<tr><th>Total</th><th class="num">18</th><th class="num">0</th><th class="num">0</th><th class="num attn">12</th><th class="num">138.884</th><th colspan="2"></th></tr>
</table>
<table id='summary'><thead><tr><th>Class</th><th>Method</th><th>Start</th><th>Time (ms)</th></tr></thead><tbody><tr><th colspan="4">Regression testing - in Chrome</th></tr></tbody><tbody id="t0"><tr><th colspan="4">Localizare aplicatie &#8212; failed</th></tr><tr class="failedeven"><td rowspan="2">automation.testng.testcases.TC001_Selectarea_Limbii_Interfetei</td><td><a href="#m0">TC001_Selectarea_Limbii_Interfetei</a></td><td rowspan="2">1736668732275</td><td rowspan="2">657</td></tr><tr class="failedeven"><td><a href="#m1">TC001_Selectarea_Limbii_Interfetei</a></td></tr><tr><th colspan="4">Localizare aplicatie &#8212; passed</th></tr><tr class="passedeven"><td rowspan="2">automation.testng.testcases.TC001_Selectarea_Limbii_Interfetei</td><td><a href="#m2">TC001_Selectarea_Limbii_Interfetei</a></td><td rowspan="2">1736668736257</td><td rowspan="2">853</td></tr><tr class="passedeven"><td><a href="#m3">TC001_Selectarea_Limbii_Interfetei</a></td></tr></tbody>
<tbody id="t1"><tr><th colspan="4">Conversii &#8212; failed</th></tr><tr class="failedeven"><td rowspan="3">automation.testng.testcases.TC003_Conversie_Valutara_Corecta</td><td><a href="#m4">TC003_Conversie_Valutara_Corecta</a></td><td rowspan="3">1736668741664</td><td rowspan="3">582</td></tr><tr class="failedeven"><td><a href="#m5">TC003_Conversie_Valutara_Corecta</a></td></tr><tr class="failedeven"><td><a href="#m6">TC003_Conversie_Valutara_Corecta</a></td></tr><tr class="failedodd"><td rowspan="1">automation.testng.testcases.TC005_Conversie_Neaplicata</td><td><a href="#m7">TC005_Conversie_Neaplicata</a></td><td rowspan="1">1736668744226</td><td rowspan="1">1</td></tr><tr><th colspan="4">Conversii &#8212; passed</th></tr><tr class="passedeven"><td rowspan="1">automation.testng.testcases.TC002_Existentei_Optiunilor_Valutare</td><td><a href="#m8">TC002_Existentei_Optiunilor_Valutare</a></td><td rowspan="1">1736668738422</td><td rowspan="1">268</td></tr><tr class="passedodd"><td rowspan="3">automation.testng.testcases.TC006_Conversie_Valori_Negative</td><td><a href="#m9">TC006_Conversie_Valori_Negative</a></td><td rowspan="3">1736668747076</td><td rowspan="3">504</td></tr><tr class="passedodd"><td><a href="#m10">TC006_Conversie_Valori_Negative</a></td></tr><tr class="passedodd"><td><a href="#m11">TC006_Conversie_Valori_Negative</a></td></tr></tbody>
<tbody id="t2"><tr><th colspan="4">Validari &#8212; failed</th></tr><tr class="failedeven"><td rowspan="4">automation.testng.testcases.TC004_Validare_Date_Introduse</td><td><a href="#m12">TC004_Validare_Date_Introduse</a></td><td rowspan="4">1736668809953</td><td rowspan="4">15583</td></tr><tr class="failedeven"><td><a href="#m13">TC004_Validare_Date_Introduse</a></td></tr><tr class="failedeven"><td><a href="#m14">TC004_Validare_Date_Introduse</a></td></tr><tr class="failedeven"><td><a href="#m15">TC004_Validare_Date_Introduse</a></td></tr><tr><th colspan="4">Validari &#8212; passed</th></tr><tr class="passedeven"><td rowspan="5">automation.testng.testcases.TC004_Validare_Date_Introduse</td><td><a href="#m16">TC004_Validare_Date_Introduse</a></td><td rowspan="5">1736668754168</td><td rowspan="5">565</td></tr><tr class="passedeven"><td><a href="#m17">TC004_Validare_Date_Introduse</a></td></tr><tr class="passedeven"><td><a href="#m18">TC004_Validare_Date_Introduse</a></td></tr><tr class="passedeven"><td><a href="#m19">TC004_Validare_Date_Introduse</a></td></tr><tr class="passedeven"><td><a href="#m20">TC004_Validare_Date_Introduse</a></td></tr></tbody>
<tbody><tr><th colspan="4">Test de Performanta</th></tr></tbody><tbody id="t3"><tr><th colspan="4">Timp de raspuns &#8212; passed</th></tr><tr class="passedeven"><td rowspan="1">automation.testng.testcases.TC007_Performanta</td><td><a href="#m21">TC007_Performanta</a></td><td rowspan="1">1736668866279</td><td rowspan="1">451</td></tr></tbody>
<tbody><tr><th colspan="4">Compatibilitate Firefox</th></tr></tbody><tbody id="t4"><tr><th colspan="4">Localizare aplicatie &#8212; failed</th></tr><tr class="failedeven"><td rowspan="2">automation.testng.testcases.TC001_Selectarea_Limbii_Interfetei</td><td><a href="#m22">TC001_Selectarea_Limbii_Interfetei</a></td><td rowspan="2">1736668839377</td><td rowspan="2">745</td></tr><tr class="failedeven"><td><a href="#m23">TC001_Selectarea_Limbii_Interfetei</a></td></tr><tr><th colspan="4">Localizare aplicatie &#8212; passed</th></tr><tr class="passedeven"><td rowspan="2">automation.testng.testcases.TC001_Selectarea_Limbii_Interfetei</td><td><a href="#m24">TC001_Selectarea_Limbii_Interfetei</a></td><td rowspan="2">1736668829650</td><td rowspan="2">589</td></tr><tr class="passedeven"><td><a href="#m25">TC001_Selectarea_Limbii_Interfetei</a></td></tr></tbody>
<tbody id="t5"><tr><th colspan="4">Conversii &#8212; passed</th></tr><tr class="passedeven"><td rowspan="1">automation.testng.testcases.TC002_Existentei_Optiunilor_Valutare</td><td><a href="#m26">TC002_Existentei_Optiunilor_Valutare</a></td><td rowspan="1">1736668849385</td><td rowspan="1">330</td></tr><tr class="passedodd"><td rowspan="3">automation.testng.testcases.TC006_Conversie_Valori_Negative</td><td><a href="#m27">TC006_Conversie_Valori_Negative</a></td><td rowspan="3">1736668859037</td><td rowspan="3">684</td></tr><tr class="passedodd"><td><a href="#m28">TC006_Conversie_Valori_Negative</a></td></tr><tr class="passedodd"><td><a href="#m29">TC006_Conversie_Valori_Negative</a></td></tr></tbody>
</table>
<h2>Localizare aplicatie</h2><h3 id="m0">automation.testng.testcases.TC001_Selectarea_Limbii_Interfetei#TC001_Selectarea_Limbii_Interfetei</h3><table class="result"><tr class="param"><th>Parameter #1</th><th>Parameter #2</th></tr><tr class="param stripe"><td>FR</td><td>Selon le taux de change de la BNR du 19.11.2024, le montant converti en EUR est: 0,2 EUR</td></tr><tr><th colspan="2">Exception</th></tr><tr><td colspan="2"><div class="stacktrace">java.lang.AssertionError: Expected to end with: &apos;Selon le taux de change de la BNR du 19.11.2024, le montant converti en EUR est: 0,2 EUR&apos; but got &apos;Vous avez choisi de convertir de RON en EUR
Le montant que vous souhaitez convertir est: 1 RON
Selon le taux de change de la BNR du 19.11.2024, le montant converti en EUR est: 1 EUR EUR&apos; expected [true] but found [false]
	at automation.testng.testcases.BaseTest.checkEndsWith(BaseTest.java:48)
	at automation.testng.testcases.TC001_Selectarea_Limbii_Interfetei.TC001_Selectarea_Limbii_Interfetei(TC001_Selectarea_Limbii_Interfetei.java:20)
	at java.base/java.util.ArrayList.forEach(ArrayList.java:1511)
... Removed 32 stack frames</div></td></tr></table><p class="totop"><a href="#summary">back to summary</a></p>
<h3 id="m1">automation.testng.testcases.TC001_Selectarea_Limbii_Interfetei#TC001_Selectarea_Limbii_Interfetei</h3><table class="result"><tr class="param"><th>Parameter #1</th><th>Parameter #2</th></tr><tr class="param stripe"><td>HU</td><td>A 2024.11.19-i BNR árfolyam szerint az átváltott összeg EUR-ban: 0,2 EUR</td></tr><tr><th colspan="2">Exception</th></tr><tr><td colspan="2"><div class="stacktrace">java.lang.AssertionError: Expected to end with: &apos;A 2024.11.19-i BNR árfolyam szerint az átváltott összeg EUR-ban: 0,2 EUR&apos; but got &apos;A kiválasztott átváltás: RON-ról EUR-ra
Az átváltani kívánt összeg: 1 RON
A 2024.11.19-i BNR árfolyam szerint az átváltott összeg: 0,2 EUR&apos; expected [true] but found [false]
	at automation.testng.testcases.BaseTest.checkEndsWith(BaseTest.java:48)
	at automation.testng.testcases.TC001_Selectarea_Limbii_Interfetei.TC001_Selectarea_Limbii_Interfetei(TC001_Selectarea_Limbii_Interfetei.java:20)
	at java.base/java.util.ArrayList.forEach(ArrayList.java:1511)
... Removed 32 stack frames</div></td></tr></table><p class="totop"><a href="#summary">back to summary</a></p>
<h3 id="m2">automation.testng.testcases.TC001_Selectarea_Limbii_Interfetei#TC001_Selectarea_Limbii_Interfetei</h3><table class="result"><tr class="param"><th>Parameter #1</th><th>Parameter #2</th></tr><tr class="param stripe"><td>EN</td><td>According to the BNR exchange rate from 19.11.2024, the exchanged amount in EUR is: 0.2 EUR</td></tr></table><p class="totop"><a href="#summary">back to summary</a></p>
<h3 id="m3">automation.testng.testcases.TC001_Selectarea_Limbii_Interfetei#TC001_Selectarea_Limbii_Interfetei</h3><table class="result"><tr class="param"><th>Parameter #1</th><th>Parameter #2</th></tr><tr class="param stripe"><td>RO</td><td>Conform cursului BNR din 19.11.2024, suma convertită în EUR este: 0,2 EUR</td></tr></table><p class="totop"><a href="#summary">back to summary</a></p>
<h2>Conversii</h2><h3 id="m4">automation.testng.testcases.TC003_Conversie_Valutara_Corecta#TC003_Conversie_Valutara_Corecta</h3><table class="result"><tr class="param"><th>Parameter #1</th><th>Parameter #2</th><th>Parameter #3</th><th>Parameter #4</th><th>Parameter #5</th></tr><tr class="param stripe"><td>RO</td><td>EUR</td><td>GBP</td><td>100</td><td>84 GBP</td></tr><tr><th colspan="5">Exception</th></tr><tr><td colspan="5"><div class="stacktrace">java.lang.AssertionError: Valuta sursa s-a schimbat la reincarcarea paginii expected [EUR] but found [RON]
	at automation.testng.testcases.TC003_Conversie_Valutara_Corecta.TC003_Conversie_Valutara_Corecta(TC003_Conversie_Valutara_Corecta.java:26)
	at java.base/java.util.ArrayList.forEach(ArrayList.java:1511)
... Removed 33 stack frames</div></td></tr></table><p class="totop"><a href="#summary">back to summary</a></p>
<h3 id="m5">automation.testng.testcases.TC003_Conversie_Valutara_Corecta#TC003_Conversie_Valutara_Corecta</h3><table class="result"><tr class="param"><th>Parameter #1</th><th>Parameter #2</th><th>Parameter #3</th><th>Parameter #4</th><th>Parameter #5</th></tr><tr class="param stripe"><td>RO</td><td>CAD</td><td>USD</td><td>100</td><td>140 USD</td></tr><tr><th colspan="5">Exception</th></tr><tr><td colspan="5"><div class="stacktrace">java.lang.AssertionError: Expected to end with: &apos;140 USD&apos; but got &apos;Ai ales să schimbi din CAD în USD
Suma pe care o dorești a fi schimbată: 100 CAD
Conform cursului BNR din 19.11.2024, suma convertită în USD este: 71 EUR&apos; expected [true] but found [false]
	at automation.testng.testcases.BaseTest.checkEndsWith(BaseTest.java:48)
	at automation.testng.testcases.TC003_Conversie_Valutara_Corecta.TC003_Conversie_Valutara_Corecta(TC003_Conversie_Valutara_Corecta.java:23)
	at java.base/java.util.ArrayList.forEach(ArrayList.java:1511)
... Removed 32 stack frames</div></td></tr></table><p class="totop"><a href="#summary">back to summary</a></p>
<h3 id="m6">automation.testng.testcases.TC003_Conversie_Valutara_Corecta#TC003_Conversie_Valutara_Corecta</h3><table class="result"><tr class="param"><th>Parameter #1</th><th>Parameter #2</th><th>Parameter #3</th><th>Parameter #4</th><th>Parameter #5</th></tr><tr class="param stripe"><td>RO</td><td>RON</td><td>HUF</td><td>100</td><td>8175 HUF</td></tr><tr><th colspan="5">Exception</th></tr><tr><td colspan="5"><div class="stacktrace">java.lang.AssertionError: Valuta sursa s-a schimbat la reincarcarea paginii expected [RON] but found [RON]
	at automation.testng.testcases.TC003_Conversie_Valutara_Corecta.TC003_Conversie_Valutara_Corecta(TC003_Conversie_Valutara_Corecta.java:26)
	at java.base/java.util.ArrayList.forEach(ArrayList.java:1511)
... Removed 33 stack frames</div></td></tr></table><p class="totop"><a href="#summary">back to summary</a></p>
<h3 id="m7">automation.testng.testcases.TC005_Conversie_Neaplicata#TC005_Conversie_Neaplicata</h3><table class="result"><tr><th>Exception</th></tr><tr><td><div class="stacktrace">org.testng.internal.reflect.MethodMatcherException: 
[public void automation.testng.testcases.TC005_Conversie_Neaplicata.TC005_Conversie_Neaplicata(automation.enums.Language,automation.enums.Currency,automation.enums.Currency,java.lang.String,java.lang.String) throws java.lang.InterruptedException] has no parameters defined but was found to be using a data provider (either explicitly specified or inherited from class level annotation).
Data provider mismatch
Method: TC005_Conversie_Neaplicata([automation.enums.Language arg0, automation.enums.Currency arg1, automation.enums.Currency arg2, java.lang.String arg3, java.lang.String arg4])
Arguments: [(automation.enums.Language) RO,(automation.enums.Currency) RON,(java.lang.String) 23,(java.lang.String) Suma rămâne neschimbată]
	at java.base/java.util.ArrayList.forEach(ArrayList.java:1511)
... Removed 26 stack frames</div></td></tr></table><p class="totop"><a href="#summary">back to summary</a></p>
<h3 id="m8">automation.testng.testcases.TC002_Existentei_Optiunilor_Valutare#TC002_Existentei_Optiunilor_Valutare</h3><table class="result"><tr><th class="invisible"/></tr></table><p class="totop"><a href="#summary">back to summary</a></p>
<h3 id="m9">automation.testng.testcases.TC006_Conversie_Valori_Negative#TC006_Conversie_Valori_Negative</h3><table class="result"><tr class="param"><th>Parameter #1</th><th>Parameter #2</th><th>Parameter #3</th><th>Parameter #4</th><th>Parameter #5</th></tr><tr class="param stripe"><td>RO</td><td>GBP</td><td>EUR</td><td>-50</td><td>-60 EUR</td></tr></table><p class="totop"><a href="#summary">back to summary</a></p>
<h3 id="m10">automation.testng.testcases.TC006_Conversie_Valori_Negative#TC006_Conversie_Valori_Negative</h3><table class="result"><tr class="param"><th>Parameter #1</th><th>Parameter #2</th><th>Parameter #3</th><th>Parameter #4</th><th>Parameter #5</th></tr><tr class="param stripe"><td>RO</td><td>USD</td><td>CAD</td><td>-50</td><td>-70 CAD</td></tr></table><p class="totop"><a href="#summary">back to summary</a></p>
<h3 id="m11">automation.testng.testcases.TC006_Conversie_Valori_Negative#TC006_Conversie_Valori_Negative</h3><table class="result"><tr class="param"><th>Parameter #1</th><th>Parameter #2</th><th>Parameter #3</th><th>Parameter #4</th><th>Parameter #5</th></tr><tr class="param stripe"><td>RO</td><td>HUF</td><td>RON</td><td>-50</td><td>-0,6 RON</td></tr></table><p class="totop"><a href="#summary">back to summary</a></p>
<h2>Validari</h2><h3 id="m12">automation.testng.testcases.TC004_Validare_Date_Introduse#TC004_Validare_Date_Introduse</h3><table class="result"><tr class="param"><th>Parameter #1</th><th>Parameter #2</th><th>Parameter #3</th><th>Parameter #4</th><th>Parameter #5</th></tr><tr class="param stripe"><td>HU</td><td>CAD</td><td>USD</td><td>10.50</td><td>Meg kell adnia egy számot.</td></tr><tr><th colspan="5">Exception</th></tr><tr><td colspan="5"><div class="stacktrace">org.openqa.selenium.NoSuchElementException: no such element: Unable to locate element: {&quot;method&quot;:&quot;css selector&quot;,&quot;selector&quot;:&quot;.result-box p&quot;}
  (Session info: chrome=131.0.6778.265)
For documentation on this error, please visit: https://www.selenium.dev/documentation/webdriver/troubleshooting/errors#no-such-element-exception
Build info: version: &apos;4.12.1&apos;, revision: &apos;8e34639b11&apos;
System info: os.name: &apos;Windows 11&apos;, os.arch: &apos;amd64&apos;, os.version: &apos;10.0&apos;, java.version: &apos;20.0.2&apos;
Driver info: org.openqa.selenium.chrome.ChromeDriver
Command: [f6bab41660edbfee4d6fa4b14802e7ec, findElement {using=css selector, value=.result-box p}]
Capabilities {acceptInsecureCerts: false, browserName: chrome, browserVersion: 131.0.6778.265, chrome: {chromedriverVersion: 131.0.6778.264 (2d05e315153..., userDataDir: C:\WINDOWS\SystemTemp\scope...}, fedcm:accounts: true, goog:chromeOptions: {debuggerAddress: localhost:51066}, networkConnectionEnabled: false, pageLoadStrategy: normal, platformName: windows, proxy: Proxy(), se:cdp: ws://localhost:51066/devtoo..., se:cdpVersion: 131.0.6778.265, setWindowRect: true, strictFileInteractability: false, timeouts: {implicit: 0, pageLoad: 300000, script: 30000}, unhandledPromptBehavior: dismiss and notify, webauthn:extension:credBlob: true, webauthn:extension:largeBlob: true, webauthn:extension:minPinLength: true, webauthn:extension:prf: true, webauthn:virtualAuthenticators: true}
Session ID: f6bab41660edbfee4d6fa4b14802e7ec
	at org.openqa.selenium.remote.codec.w3c.W3CHttpResponseCodec.createException(W3CHttpResponseCodec.java:200)
	at org.openqa.selenium.remote.codec.w3c.W3CHttpResponseCodec.decode(W3CHttpResponseCodec.java:133)
	at org.openqa.selenium.remote.codec.w3c.W3CHttpResponseCodec.decode(W3CHttpResponseCodec.java:52)
	at org.openqa.selenium.remote.HttpCommandExecutor.execute(HttpCommandExecutor.java:191)
	at org.openqa.selenium.remote.service.DriverCommandExecutor.invokeExecute(DriverCommandExecutor.java:196)
	at org.openqa.selenium.remote.service.DriverCommandExecutor.execute(DriverCommandExecutor.java:171)
	at org.openqa.selenium.remote.RemoteWebDriver.execute(RemoteWebDriver.java:602)
	at org.openqa.selenium.remote.ElementLocation$ElementFinder$2.findElement(ElementLocation.java:165)
	at org.openqa.selenium.remote.ElementLocation.findElement(ElementLocation.java:59)
	at org.openqa.selenium.remote.RemoteWebDriver.findElement(RemoteWebDriver.java:359)
	at org.openqa.selenium.remote.RemoteWebDriver.findElement(RemoteWebDriver.java:353)
	at automation.pages.MainPage.getErrorText(MainPage.java:82)
	at automation.testng.testcases.TC004_Validare_Date_Introduse.TC004_Validare_Date_Introduse(TC004_Validare_Date_Introduse.java:21)
	at java.base/java.util.ArrayList.forEach(ArrayList.java:1511)
... Removed 32 stack frames</div></td></tr></table><p class="totop"><a href="#summary">back to summary</a></p>
<h3 id="m13">automation.testng.testcases.TC004_Validare_Date_Introduse#TC004_Validare_Date_Introduse</h3><table class="result"><tr class="param"><th>Parameter #1</th><th>Parameter #2</th><th>Parameter #3</th><th>Parameter #4</th><th>Parameter #5</th></tr><tr class="param stripe"><td>FR</td><td>CAD</td><td>USD</td><td>10.50</td><td>Vous devez entrer un nombre.</td></tr><tr><th colspan="5">Exception</th></tr><tr><td colspan="5"><div class="stacktrace">org.openqa.selenium.NoSuchElementException: no such element: Unable to locate element: {&quot;method&quot;:&quot;css selector&quot;,&quot;selector&quot;:&quot;.result-box p&quot;}
  (Session info: chrome=131.0.6778.265)
For documentation on this error, please visit: https://www.selenium.dev/documentation/webdriver/troubleshooting/errors#no-such-element-exception
Build info: version: &apos;4.12.1&apos;, revision: &apos;8e34639b11&apos;
System info: os.name: &apos;Windows 11&apos;, os.arch: &apos;amd64&apos;, os.version: &apos;10.0&apos;, java.version: &apos;20.0.2&apos;
Driver info: org.openqa.selenium.chrome.ChromeDriver
Command: [e0c1fe8c38fd3c859ebf5429d929cfc8, findElement {using=css selector, value=.result-box p}]
Capabilities {acceptInsecureCerts: false, browserName: chrome, browserVersion: 131.0.6778.265, chrome: {chromedriverVersion: 131.0.6778.264 (2d05e315153..., userDataDir: C:\WINDOWS\SystemTemp\scope...}, fedcm:accounts: true, goog:chromeOptions: {debuggerAddress: localhost:51048}, networkConnectionEnabled: false, pageLoadStrategy: normal, platformName: windows, proxy: Proxy(), se:cdp: ws://localhost:51048/devtoo..., se:cdpVersion: 131.0.6778.265, setWindowRect: true, strictFileInteractability: false, timeouts: {implicit: 0, pageLoad: 300000, script: 30000}, unhandledPromptBehavior: dismiss and notify, webauthn:extension:credBlob: true, webauthn:extension:largeBlob: true, webauthn:extension:minPinLength: true, webauthn:extension:prf: true, webauthn:virtualAuthenticators: true}
Session ID: e0c1fe8c38fd3c859ebf5429d929cfc8
	at org.openqa.selenium.remote.codec.w3c.W3CHttpResponseCodec.createException(W3CHttpResponseCodec.java:200)
	at org.openqa.selenium.remote.codec.w3c.W3CHttpResponseCodec.decode(W3CHttpResponseCodec.java:133)
	at org.openqa.selenium.remote.codec.w3c.W3CHttpResponseCodec.decode(W3CHttpResponseCodec.java:52)
	at org.openqa.selenium.remote.HttpCommandExecutor.execute(HttpCommandExecutor.java:191)
	at org.openqa.selenium.remote.service.DriverCommandExecutor.invokeExecute(DriverCommandExecutor.java:196)
	at org.openqa.selenium.remote.service.DriverCommandExecutor.execute(DriverCommandExecutor.java:171)
	at org.openqa.selenium.remote.RemoteWebDriver.execute(RemoteWebDriver.java:602)
	at org.openqa.selenium.remote.ElementLocation$ElementFinder$2.findElement(ElementLocation.java:165)
	at org.openqa.selenium.remote.ElementLocation.findElement(ElementLocation.java:59)
	at org.openqa.selenium.remote.RemoteWebDriver.findElement(RemoteWebDriver.java:359)
	at org.openqa.selenium.remote.RemoteWebDriver.findElement(RemoteWebDriver.java:353)
	at automation.pages.MainPage.getErrorText(MainPage.java:82)
	at automation.testng.testcases.TC004_Validare_Date_Introduse.TC004_Validare_Date_Introduse(TC004_Validare_Date_Introduse.java:21)
	at java.base/java.util.ArrayList.forEach(ArrayList.java:1511)
... Removed 32 stack frames</div></td></tr></table><p class="totop"><a href="#summary">back to summary</a></p>
<h3 id="m14">automation.testng.testcases.TC004_Validare_Date_Introduse#TC004_Validare_Date_Introduse</h3><table class="result"><tr class="param"><th>Parameter #1</th><th>Parameter #2</th><th>Parameter #3</th><th>Parameter #4</th><th>Parameter #5</th></tr><tr class="param stripe"><td>EN</td><td>CAD</td><td>USD</td><td>+10</td><td>You must enter a number.</td></tr><tr><th colspan="5">Exception</th></tr><tr><td colspan="5"><div class="stacktrace">org.openqa.selenium.NoSuchElementException: no such element: Unable to locate element: {&quot;method&quot;:&quot;css selector&quot;,&quot;selector&quot;:&quot;.result-box p&quot;}
  (Session info: chrome=131.0.6778.265)
For documentation on this error, please visit: https://www.selenium.dev/documentation/webdriver/troubleshooting/errors#no-such-element-exception
Build info: version: &apos;4.12.1&apos;, revision: &apos;8e34639b11&apos;
System info: os.name: &apos;Windows 11&apos;, os.arch: &apos;amd64&apos;, os.version: &apos;10.0&apos;, java.version: &apos;20.0.2&apos;
Driver info: org.openqa.selenium.chrome.ChromeDriver
Command: [7f9e8c467840d3bc2b1f3c19abb23cef, findElement {using=css selector, value=.result-box p}]
Capabilities {acceptInsecureCerts: false, browserName: chrome, browserVersion: 131.0.6778.265, chrome: {chromedriverVersion: 131.0.6778.264 (2d05e315153..., userDataDir: C:\WINDOWS\SystemTemp\scope...}, fedcm:accounts: true, goog:chromeOptions: {debuggerAddress: localhost:50996}, networkConnectionEnabled: false, pageLoadStrategy: normal, platformName: windows, proxy: Proxy(), se:cdp: ws://localhost:50996/devtoo..., se:cdpVersion: 131.0.6778.265, setWindowRect: true, strictFileInteractability: false, timeouts: {implicit: 0, pageLoad: 300000, script: 30000}, unhandledPromptBehavior: dismiss and notify, webauthn:extension:credBlob: true, webauthn:extension:largeBlob: true, webauthn:extension:minPinLength: true, webauthn:extension:prf: true, webauthn:virtualAuthenticators: true}
Session ID: 7f9e8c467840d3bc2b1f3c19abb23cef
	at org.openqa.selenium.remote.codec.w3c.W3CHttpResponseCodec.createException(W3CHttpResponseCodec.java:200)
	at org.openqa.selenium.remote.codec.w3c.W3CHttpResponseCodec.decode(W3CHttpResponseCodec.java:133)
	at org.openqa.selenium.remote.codec.w3c.W3CHttpResponseCodec.decode(W3CHttpResponseCodec.java:52)
	at org.openqa.selenium.remote.HttpCommandExecutor.execute(HttpCommandExecutor.java:191)
	at org.openqa.selenium.remote.service.DriverCommandExecutor.invokeExecute(DriverCommandExecutor.java:196)
	at org.openqa.selenium.remote.service.DriverCommandExecutor.execute(DriverCommandExecutor.java:171)
	at org.openqa.selenium.remote.RemoteWebDriver.execute(RemoteWebDriver.java:602)
	at org.openqa.selenium.remote.ElementLocation$ElementFinder$2.findElement(ElementLocation.java:165)
	at org.openqa.selenium.remote.ElementLocation.findElement(ElementLocation.java:59)
	at org.openqa.selenium.remote.RemoteWebDriver.findElement(RemoteWebDriver.java:359)
	at org.openqa.selenium.remote.RemoteWebDriver.findElement(RemoteWebDriver.java:353)
	at automation.pages.MainPage.getErrorText(MainPage.java:82)
	at automation.testng.testcases.TC004_Validare_Date_Introduse.TC004_Validare_Date_Introduse(TC004_Validare_Date_Introduse.java:21)
	at java.base/java.util.ArrayList.forEach(ArrayList.java:1511)
... Removed 32 stack frames</div></td></tr></table><p class="totop"><a href="#summary">back to summary</a></p>
<h3 id="m15">automation.testng.testcases.TC004_Validare_Date_Introduse#TC004_Validare_Date_Introduse</h3><table class="result"><tr class="param"><th>Parameter #1</th><th>Parameter #2</th><th>Parameter #3</th><th>Parameter #4</th><th>Parameter #5</th></tr><tr class="param stripe"><td>RO</td><td>CAD</td><td>USD</td><td>10.50</td><td>Trebuie introdus un număr.</td></tr><tr><th colspan="5">Exception</th></tr><tr><td colspan="5"><div class="stacktrace">org.openqa.selenium.NoSuchElementException: no such element: Unable to locate element: {&quot;method&quot;:&quot;css selector&quot;,&quot;selector&quot;:&quot;.result-box p&quot;}
  (Session info: chrome=131.0.6778.265)
For documentation on this error, please visit: https://www.selenium.dev/documentation/webdriver/troubleshooting/errors#no-such-element-exception
Build info: version: &apos;4.12.1&apos;, revision: &apos;8e34639b11&apos;
System info: os.name: &apos;Windows 11&apos;, os.arch: &apos;amd64&apos;, os.version: &apos;10.0&apos;, java.version: &apos;20.0.2&apos;
Driver info: org.openqa.selenium.chrome.ChromeDriver
Command: [1ce43fb84557b12326e30258ba419d72, findElement {using=css selector, value=.result-box p}]
Capabilities {acceptInsecureCerts: false, browserName: chrome, browserVersion: 131.0.6778.265, chrome: {chromedriverVersion: 131.0.6778.264 (2d05e315153..., userDataDir: C:\WINDOWS\SystemTemp\scope...}, fedcm:accounts: true, goog:chromeOptions: {debuggerAddress: localhost:51030}, networkConnectionEnabled: false, pageLoadStrategy: normal, platformName: windows, proxy: Proxy(), se:cdp: ws://localhost:51030/devtoo..., se:cdpVersion: 131.0.6778.265, setWindowRect: true, strictFileInteractability: false, timeouts: {implicit: 0, pageLoad: 300000, script: 30000}, unhandledPromptBehavior: dismiss and notify, webauthn:extension:credBlob: true, webauthn:extension:largeBlob: true, webauthn:extension:minPinLength: true, webauthn:extension:prf: true, webauthn:virtualAuthenticators: true}
Session ID: 1ce43fb84557b12326e30258ba419d72
	at org.openqa.selenium.remote.codec.w3c.W3CHttpResponseCodec.createException(W3CHttpResponseCodec.java:200)
	at org.openqa.selenium.remote.codec.w3c.W3CHttpResponseCodec.decode(W3CHttpResponseCodec.java:133)
	at org.openqa.selenium.remote.codec.w3c.W3CHttpResponseCodec.decode(W3CHttpResponseCodec.java:52)
	at org.openqa.selenium.remote.HttpCommandExecutor.execute(HttpCommandExecutor.java:191)
	at org.openqa.selenium.remote.service.DriverCommandExecutor.invokeExecute(DriverCommandExecutor.java:196)
	at org.openqa.selenium.remote.service.DriverCommandExecutor.execute(DriverCommandExecutor.java:171)
	at org.openqa.selenium.remote.RemoteWebDriver.execute(RemoteWebDriver.java:602)
	at org.openqa.selenium.remote.ElementLocation$ElementFinder$2.findElement(ElementLocation.java:165)
	at org.openqa.selenium.remote.ElementLocation.findElement(ElementLocation.java:59)
	at org.openqa.selenium.remote.RemoteWebDriver.findElement(RemoteWebDriver.java:359)
	at org.openqa.selenium.remote.RemoteWebDriver.findElement(RemoteWebDriver.java:353)
	at automation.pages.MainPage.getErrorText(MainPage.java:82)
	at automation.testng.testcases.TC004_Validare_Date_Introduse.TC004_Validare_Date_Introduse(TC004_Validare_Date_Introduse.java:21)
	at java.base/java.util.ArrayList.forEach(ArrayList.java:1511)
... Removed 32 stack frames</div></td></tr></table><p class="totop"><a href="#summary">back to summary</a></p>
<h3 id="m16">automation.testng.testcases.TC004_Validare_Date_Introduse#TC004_Validare_Date_Introduse</h3><table class="result"><tr class="param"><th>Parameter #1</th><th>Parameter #2</th><th>Parameter #3</th><th>Parameter #4</th><th>Parameter #5</th></tr><tr class="param stripe"><td>FR</td><td>CAD</td><td>USD</td><td>@123</td><td>Vous devez entrer un nombre.</td></tr></table><p class="totop"><a href="#summary">back to summary</a></p>
<h3 id="m17">automation.testng.testcases.TC004_Validare_Date_Introduse#TC004_Validare_Date_Introduse</h3><table class="result"><tr class="param"><th>Parameter #1</th><th>Parameter #2</th><th>Parameter #3</th><th>Parameter #4</th><th>Parameter #5</th></tr><tr class="param stripe"><td>RO</td><td>CAD</td><td>USD</td><td>abc</td><td>Trebuie introdus un număr.</td></tr></table><p class="totop"><a href="#summary">back to summary</a></p>
<h3 id="m18">automation.testng.testcases.TC004_Validare_Date_Introduse#TC004_Validare_Date_Introduse</h3><table class="result"><tr class="param"><th>Parameter #1</th><th>Parameter #2</th><th>Parameter #3</th><th>Parameter #4</th><th>Parameter #5</th></tr><tr class="param stripe"><td>EN</td><td>CAD</td><td>USD</td><td></td><td>You must enter a number.</td></tr></table><p class="totop"><a href="#summary">back to summary</a></p>
<h3 id="m19">automation.testng.testcases.TC004_Validare_Date_Introduse#TC004_Validare_Date_Introduse</h3><table class="result"><tr class="param"><th>Parameter #1</th><th>Parameter #2</th><th>Parameter #3</th><th>Parameter #4</th><th>Parameter #5</th></tr><tr class="param stripe"><td>HU</td><td>CAD</td><td>USD</td><td>10..0</td><td>Meg kell adnia egy számot.</td></tr></table><p class="totop"><a href="#summary">back to summary</a></p>
<h3 id="m20">automation.testng.testcases.TC004_Validare_Date_Introduse#TC004_Validare_Date_Introduse</h3><table class="result"><tr class="param"><th>Parameter #1</th><th>Parameter #2</th><th>Parameter #3</th><th>Parameter #4</th><th>Parameter #5</th></tr><tr class="param stripe"><td>EN</td><td>CAD</td><td>USD</td><td>10,50</td><td>You must enter a number.</td></tr></table><p class="totop"><a href="#summary">back to summary</a></p>
<h2>Timp de raspuns</h2><h3 id="m21">automation.testng.testcases.TC007_Performanta#TC007_Performanta</h3><table class="result"><tr><th class="invisible"/></tr></table><p class="totop"><a href="#summary">back to summary</a></p>
<h2>Localizare aplicatie</h2><h3 id="m22">automation.testng.testcases.TC001_Selectarea_Limbii_Interfetei#TC001_Selectarea_Limbii_Interfetei</h3><table class="result"><tr class="param"><th>Parameter #1</th><th>Parameter #2</th></tr><tr class="param stripe"><td>HU</td><td>A 2024.11.19-i BNR árfolyam szerint az átváltott összeg EUR-ban: 0,2 EUR</td></tr><tr><th colspan="2">Exception</th></tr><tr><td colspan="2"><div class="stacktrace">java.lang.AssertionError: Expected to end with: &apos;A 2024.11.19-i BNR árfolyam szerint az átváltott összeg EUR-ban: 0,2 EUR&apos; but got &apos;A kiválasztott átváltás: RON-ról EUR-ra
Az átváltani kívánt összeg: 1 RON
A 2024.11.19-i BNR árfolyam szerint az átváltott összeg: 0,2 EUR&apos; expected [true] but found [false]
	at automation.testng.testcases.BaseTest.checkEndsWith(BaseTest.java:48)
	at automation.testng.testcases.TC001_Selectarea_Limbii_Interfetei.TC001_Selectarea_Limbii_Interfetei(TC001_Selectarea_Limbii_Interfetei.java:20)
	at java.base/java.util.ArrayList.forEach(ArrayList.java:1511)
... Removed 32 stack frames</div></td></tr></table><p class="totop"><a href="#summary">back to summary</a></p>
<h3 id="m23">automation.testng.testcases.TC001_Selectarea_Limbii_Interfetei#TC001_Selectarea_Limbii_Interfetei</h3><table class="result"><tr class="param"><th>Parameter #1</th><th>Parameter #2</th></tr><tr class="param stripe"><td>FR</td><td>Selon le taux de change de la BNR du 19.11.2024, le montant converti en EUR est: 0,2 EUR</td></tr><tr><th colspan="2">Exception</th></tr><tr><td colspan="2"><div class="stacktrace">java.lang.AssertionError: Expected to end with: &apos;Selon le taux de change de la BNR du 19.11.2024, le montant converti en EUR est: 0,2 EUR&apos; but got &apos;Vous avez choisi de convertir de RON en EUR
Le montant que vous souhaitez convertir est: 1 RON
Selon le taux de change de la BNR du 19.11.2024, le montant converti en EUR est: 1 EUR EUR&apos; expected [true] but found [false]
	at automation.testng.testcases.BaseTest.checkEndsWith(BaseTest.java:48)
	at automation.testng.testcases.TC001_Selectarea_Limbii_Interfetei.TC001_Selectarea_Limbii_Interfetei(TC001_Selectarea_Limbii_Interfetei.java:20)
	at java.base/java.util.ArrayList.forEach(ArrayList.java:1511)
... Removed 32 stack frames</div></td></tr></table><p class="totop"><a href="#summary">back to summary</a></p>
<h3 id="m24">automation.testng.testcases.TC001_Selectarea_Limbii_Interfetei#TC001_Selectarea_Limbii_Interfetei</h3><table class="result"><tr class="param"><th>Parameter #1</th><th>Parameter #2</th></tr><tr class="param stripe"><td>RO</td><td>Conform cursului BNR din 19.11.2024, suma convertită în EUR este: 0,2 EUR</td></tr></table><p class="totop"><a href="#summary">back to summary</a></p>
<h3 id="m25">automation.testng.testcases.TC001_Selectarea_Limbii_Interfetei#TC001_Selectarea_Limbii_Interfetei</h3><table class="result"><tr class="param"><th>Parameter #1</th><th>Parameter #2</th></tr><tr class="param stripe"><td>EN</td><td>According to the BNR exchange rate from 19.11.2024, the exchanged amount in EUR is: 0.2 EUR</td></tr></table><p class="totop"><a href="#summary">back to summary</a></p>
<h2>Conversii</h2><h3 id="m26">automation.testng.testcases.TC002_Existentei_Optiunilor_Valutare#TC002_Existentei_Optiunilor_Valutare</h3><table class="result"><tr><th class="invisible"/></tr></table><p class="totop"><a href="#summary">back to summary</a></p>
<h3 id="m27">automation.testng.testcases.TC006_Conversie_Valori_Negative#TC006_Conversie_Valori_Negative</h3><table class="result"><tr class="param"><th>Parameter #1</th><th>Parameter #2</th><th>Parameter #3</th><th>Parameter #4</th><th>Parameter #5</th></tr><tr class="param stripe"><td>RO</td><td>GBP</td><td>EUR</td><td>-50</td><td>-60 EUR</td></tr></table><p class="totop"><a href="#summary">back to summary</a></p>
<h3 id="m28">automation.testng.testcases.TC006_Conversie_Valori_Negative#TC006_Conversie_Valori_Negative</h3><table class="result"><tr class="param"><th>Parameter #1</th><th>Parameter #2</th><th>Parameter #3</th><th>Parameter #4</th><th>Parameter #5</th></tr><tr class="param stripe"><td>RO</td><td>USD</td><td>CAD</td><td>-50</td><td>-70 CAD</td></tr></table><p class="totop"><a href="#summary">back to summary</a></p>
<h3 id="m29">automation.testng.testcases.TC006_Conversie_Valori_Negative#TC006_Conversie_Valori_Negative</h3><table class="result"><tr class="param"><th>Parameter #1</th><th>Parameter #2</th><th>Parameter #3</th><th>Parameter #4</th><th>Parameter #5</th></tr><tr class="param stripe"><td>RO</td><td>HUF</td><td>RON</td><td>-50</td><td>-0,6 RON</td></tr></table><p class="totop"><a href="#summary">back to summary</a></p>
</body>
</html>
