<!DOCTYPE html>

<html>
  <head>
  <meta charset='utf-8'>
  <title>TestNG reports</title>

    <link type="text/css" href="testng-reports1.css" rel="stylesheet" id="ultra" />
    <link type="text/css" href="testng-reports.css" rel="stylesheet" id="retro" disabled="false"/>
    <script type="text/javascript" src="jquery-3.6.0.min.js"></script>
    <script type="text/javascript" src="testng-reports.js"></script>
    <script type="text/javascript" src="https://www.google.com/jsapi"></script>
    <script type='text/javascript'>
      google.load('visualization', '1', {packages:['table']});
      google.setOnLoadCallback(drawTable);
      var suiteTableInitFunctions = new Array();
      var suiteTableData = new Array();
    </script>
    <!--
      <script type="text/javascript" src="jquery-ui/js/jquery-ui-1.8.16.custom.min.js"></script>
     -->
  </head>

  <body>    <div class="top-banner-root">
      <span class="top-banner-title-font">Test results</span>
      <button id="button" class="button">Switch Retro Theme</button> <!-- button -->
      <br/>
      <span class="top-banner-font-1">3 suites, 12 failed tests</span>
    </div> <!-- top-banner-root -->
    <div class="navigator-root">
      <div class="navigator-suite-header">
        <span>All suites</span>
        <a href="#" title="Collapse/expand all the suites" class="collapse-all-link">
          <img src="collapseall.gif" class="collapse-all-icon">
          </img> <!-- collapse-all-icon -->
        </a> <!-- collapse-all-link -->
      </div> <!-- navigator-suite-header -->
      <div class="suite">
        <div class="rounded-window">
          <div class="suite-header light-rounded-window-top">
            <a href="#" panel-name="suite-Regression_testing___in_Chrome" class="navigator-link">
              <span class="suite-name border-failed">Regression testing - in Chrome</span>
            </a> <!-- navigator-link -->
          </div> <!-- suite-header light-rounded-window-top -->
          <div class="navigator-suite-content">
            <div class="suite-section-title">
              <span>Info</span>
            </div> <!-- suite-section-title -->
            <div class="suite-section-content">
              <ul>
                <li>
                  <a href="#" panel-name="test-xml-Regression_testing___in_Chrome" class="navigator-link ">
                    <span>D:\proiect-testare\teste-automate\src\test\java\automation\testng\testsuites\TS-001_Regresie.xml</span>
                  </a> <!-- navigator-link  -->
                </li>
                <li>
                  <a href="#" panel-name="testlist-Regression_testing___in_Chrome" class="navigator-link ">
                    <span class="test-stats">3 tests</span>
                  </a> <!-- navigator-link  -->
                </li>
                <li>
                  <a href="#" panel-name="group-Regression_testing___in_Chrome" class="navigator-link ">
                    <span>0 groups</span>
                  </a> <!-- navigator-link  -->
                </li>
                <li>
                  <a href="#" panel-name="times-Regression_testing___in_Chrome" class="navigator-link ">
                    <span>Times</span>
                  </a> <!-- navigator-link  -->
                </li>
                <li>
                  <a href="#" panel-name="reporter-Regression_testing___in_Chrome" class="navigator-link ">
                    <span>Reporter output</span>
                  </a> <!-- navigator-link  -->
                </li>
                <li>
                  <a href="#" panel-name="ignored-methods-Regression_testing___in_Chrome" class="navigator-link ">
                    <span>Ignored methods</span>
                  </a> <!-- navigator-link  -->
                </li>
                <li>
                  <a href="#" panel-name="chronological-Regression_testing___in_Chrome" class="navigator-link ">
                    <span>Chronological view</span>
                  </a> <!-- navigator-link  -->
                </li>
              </ul>
            </div> <!-- suite-section-content -->
            <div class="result-section">
              <div class="suite-section-title">
                <span>Results</span>
              </div> <!-- suite-section-title -->
              <div class="suite-section-content">
                <ul>
                  <li>
                    <span class="method-stats">21 methods, 10 failed,   11 passed</span>
                  </li>
                  <li>
                    <span class="method-list-title failed">Failed methods</span>
                    <span class="show-or-hide-methods failed">
                      <a href="#" panel-name="suite-Regression_testing___in_Chrome" class="hide-methods failed suite-Regression_testing___in_Chrome"> (hide)</a> <!-- hide-methods failed suite-Regression_testing___in_Chrome -->
                      <a href="#" panel-name="suite-Regression_testing___in_Chrome" class="show-methods failed suite-Regression_testing___in_Chrome"> (show)</a> <!-- show-methods failed suite-Regression_testing___in_Chrome -->
                    </span>
                    <div class="method-list-content failed suite-Regression_testing___in_Chrome">
                      <span>
                        <img src="failed.png" width="3%"/>
                        <a href="#" panel-name="suite-Regression_testing___in_Chrome" title="automation.testng.testcases.TC001_Selectarea_Limbii_Interfetei" class="method navigator-link" hash-for-method="TC001_Selectarea_Limbii_Interfetei(FR, Selon le taux de change de la BNR du 19.11.2024, le montant converti en EUR est: 0,2 EUR)">TC001_Selectarea_Limbii_Interfetei(FR, Selon le taux de change de la BNR du 19.11.2024, le montant converti en EUR est: 0,2 EUR)</a> <!-- method navigator-link -->
                      </span>
                      <br/>
                      <span>
                        <img src="failed.png" width="3%"/>
                        <a href="#" panel-name="suite-Regression_testing___in_Chrome" title="automation.testng.testcases.TC001_Selectarea_Limbii_Interfetei" class="method navigator-link" hash-for-method="TC001_Selectarea_Limbii_Interfetei(HU, A 2024.11.19-i BNR árfolyam szerint az átváltott összeg EUR-ban: 0,2 EUR)">TC001_Selectarea_Limbii_Interfetei(HU, A 2024.11.19-i BNR árfolyam szerint az átváltott összeg EUR-ban: 0,2 EUR)</a> <!-- method navigator-link -->
                      </span>
                      <br/>
                      <span>
                        <img src="failed.png" width="3%"/>
                        <a href="#" panel-name="suite-Regression_testing___in_Chrome" title="automation.testng.testcases.TC003_Conversie_Valutara_Corecta" class="method navigator-link" hash-for-method="TC003_Conversie_Valutara_Corecta(RO, EUR, GBP, 100, 84 GBP)">TC003_Conversie_Valutara_Corecta(RO, EUR, GBP, 100, 84 GBP)</a> <!-- method navigator-link -->
                      </span>
                      <br/>
                      <span>
                        <img src="failed.png" width="3%"/>
                        <a href="#" panel-name="suite-Regression_testing___in_Chrome" title="automation.testng.testcases.TC003_Conversie_Valutara_Corecta" class="method navigator-link" hash-for-method="TC003_Conversie_Valutara_Corecta(RO, CAD, USD, 100, 140 USD)">TC003_Conversie_Valutara_Corecta(RO, CAD, USD, 100, 140 USD)</a> <!-- method navigator-link -->
                      </span>
                      <br/>
                      <span>
                        <img src="failed.png" width="3%"/>
                        <a href="#" panel-name="suite-Regression_testing___in_Chrome" title="automation.testng.testcases.TC003_Conversie_Valutara_Corecta" class="method navigator-link" hash-for-method="TC003_Conversie_Valutara_Corecta(RO, RON, HUF, 100, 8175 HUF)">TC003_Conversie_Valutara_Corecta(RO, RON, HUF, 100, 8175 HUF)</a> <!-- method navigator-link -->
                      </span>
                      <br/>
                      <span>
                        <img src="failed.png" width="3%"/>
                        <a href="#" panel-name="suite-Regression_testing___in_Chrome" title="automation.testng.testcases.TC004_Validare_Date_Introduse" class="method navigator-link" hash-for-method="TC004_Validare_Date_Introduse(HU, CAD, USD, 10.50, Meg kell adnia egy számot.)">TC004_Validare_Date_Introduse(HU, CAD, USD, 10.50, Meg kell adnia egy számot.)</a> <!-- method navigator-link -->
                      </span>
                      <br/>
                      <span>
                        <img src="failed.png" width="3%"/>
                        <a href="#" panel-name="suite-Regression_testing___in_Chrome" title="automation.testng.testcases.TC004_Validare_Date_Introduse" class="method navigator-link" hash-for-method="TC004_Validare_Date_Introduse(FR, CAD, USD, 10.50, Vous devez entrer un nombre.)">TC004_Validare_Date_Introduse(FR, CAD, USD, 10.50, Vous devez entrer un nombre.)</a> <!-- method navigator-link -->
                      </span>
                      <br/>
                      <span>
                        <img src="failed.png" width="3%"/>
                        <a href="#" panel-name="suite-Regression_testing___in_Chrome" title="automation.testng.testcases.TC004_Validare_Date_Introduse" class="method navigator-link" hash-for-method="TC004_Validare_Date_Introduse(EN, CAD, USD, +10, You must enter a number.)">TC004_Validare_Date_Introduse(EN, CAD, USD, +10, You must enter a number.)</a> <!-- method navigator-link -->
                      </span>
                      <br/>
                      <span>
                        <img src="failed.png" width="3%"/>
                        <a href="#" panel-name="suite-Regression_testing___in_Chrome" title="automation.testng.testcases.TC004_Validare_Date_Introduse" class="method navigator-link" hash-for-method="TC004_Validare_Date_Introduse(RO, CAD, USD, 10.50, Trebuie introdus un număr.)">TC004_Validare_Date_Introduse(RO, CAD, USD, 10.50, Trebuie introdus un număr.)</a> <!-- method navigator-link -->
                      </span>
                      <br/>
                      <span>
                        <img src="failed.png" width="3%"/>
                        <a href="#" panel-name="suite-Regression_testing___in_Chrome" title="automation.testng.testcases.TC005_Conversie_Neaplicata" class="method navigator-link" hash-for-method="TC005_Conversie_Neaplicata">TC005_Conversie_Neaplicata</a> <!-- method navigator-link -->
                      </span>
                      <br/>
                    </div> <!-- method-list-content failed suite-Regression_testing___in_Chrome -->
                  </li>
                  <li>
                    <span class="method-list-title passed">Passed methods</span>
                    <span class="show-or-hide-methods passed">
                      <a href="#" panel-name="suite-Regression_testing___in_Chrome" class="hide-methods passed suite-Regression_testing___in_Chrome"> (hide)</a> <!-- hide-methods passed suite-Regression_testing___in_Chrome -->
                      <a href="#" panel-name="suite-Regression_testing___in_Chrome" class="show-methods passed suite-Regression_testing___in_Chrome"> (show)</a> <!-- show-methods passed suite-Regression_testing___in_Chrome -->
                    </span>
                    <div class="method-list-content passed suite-Regression_testing___in_Chrome">
                      <span>
                        <img src="passed.png" width="3%"/>
                        <a href="#" panel-name="suite-Regression_testing___in_Chrome" title="automation.testng.testcases.TC001_Selectarea_Limbii_Interfetei" class="method navigator-link" hash-for-method="TC001_Selectarea_Limbii_Interfetei(EN, According to the BNR exchange rate from 19.11.2024, the exchanged amount in EUR is: 0.2 EUR)">TC001_Selectarea_Limbii_Interfetei(EN, According to the BNR exchange rate from 19.11.2024, the exchanged amount in EUR is: 0.2 EUR)</a> <!-- method navigator-link -->
                      </span>
                      <br/>
                      <span>
                        <img src="passed.png" width="3%"/>
                        <a href="#" panel-name="suite-Regression_testing___in_Chrome" title="automation.testng.testcases.TC001_Selectarea_Limbii_Interfetei" class="method navigator-link" hash-for-method="TC001_Selectarea_Limbii_Interfetei(RO, Conform cursului BNR din 19.11.2024, suma convertită în EUR este: 0,2 EUR)">TC001_Selectarea_Limbii_Interfetei(RO, Conform cursului BNR din 19.11.2024, suma convertită în EUR este: 0,2 EUR)</a> <!-- method navigator-link -->
                      </span>
                      <br/>
                      <span>
                        <img src="passed.png" width="3%"/>
                        <a href="#" panel-name="suite-Regression_testing___in_Chrome" title="automation.testng.testcases.TC002_Existentei_Optiunilor_Valutare" class="method navigator-link" hash-for-method="TC002_Existentei_Optiunilor_Valutare">TC002_Existentei_Optiunilor_Valutare</a> <!-- method navigator-link -->
                      </span>
                      <br/>
                      <span>
                        <img src="passed.png" width="3%"/>
                        <a href="#" panel-name="suite-Regression_testing___in_Chrome" title="automation.testng.testcases.TC004_Validare_Date_Introduse" class="method navigator-link" hash-for-method="TC004_Validare_Date_Introduse(FR, CAD, USD, @123, Vous devez entrer un nombre.)">TC004_Validare_Date_Introduse(FR, CAD, USD, @123, Vous devez entrer un nombre.)</a> <!-- method navigator-link -->
                      </span>
                      <br/>
                      <span>
                        <img src="passed.png" width="3%"/>
                        <a href="#" panel-name="suite-Regression_testing___in_Chrome" title="automation.testng.testcases.TC004_Validare_Date_Introduse" class="method navigator-link" hash-for-method="TC004_Validare_Date_Introduse(RO, CAD, USD, abc, Trebuie introdus un număr.)">TC004_Validare_Date_Introduse(RO, CAD, USD, abc, Trebuie introdus un număr.)</a> <!-- method navigator-link -->
                      </span>
                      <br/>
                      <span>
                        <img src="passed.png" width="3%"/>
                        <a href="#" panel-name="suite-Regression_testing___in_Chrome" title="automation.testng.testcases.TC004_Validare_Date_Introduse" class="method navigator-link" hash-for-method="TC004_Validare_Date_Introduse(EN, CAD, USD, , You must enter a number.)">TC004_Validare_Date_Introduse(EN, CAD, USD, , You must enter a number.)</a> <!-- method navigator-link -->
                      </span>
                      <br/>
                      <span>
                        <img src="passed.png" width="3%"/>
                        <a href="#" panel-name="suite-Regression_testing___in_Chrome" title="automation.testng.testcases.TC004_Validare_Date_Introduse" class="method navigator-link" hash-for-method="TC004_Validare_Date_Introduse(HU, CAD, USD, 10..0, Meg kell adnia egy számot.)">TC004_Validare_Date_Introduse(HU, CAD, USD, 10..0, Meg kell adnia egy számot.)</a> <!-- method navigator-link -->
                      </span>
                      <br/>
                      <span>
                        <img src="passed.png" width="3%"/>
                        <a href="#" panel-name="suite-Regression_testing___in_Chrome" title="automation.testng.testcases.TC004_Validare_Date_Introduse" class="method navigator-link" hash-for-method="TC004_Validare_Date_Introduse(EN, CAD, USD, 10,50, You must enter a number.)">TC004_Validare_Date_Introduse(EN, CAD, USD, 10,50, You must enter a number.)</a> <!-- method navigator-link -->
                      </span>
                      <br/>
                      <span>
                        <img src="passed.png" width="3%"/>
                        <a href="#" panel-name="suite-Regression_testing___in_Chrome" title="automation.testng.testcases.TC006_Conversie_Valori_Negative" class="method navigator-link" hash-for-method="TC006_Conversie_Valori_Negative(RO, GBP, EUR, -50, -60 EUR)">TC006_Conversie_Valori_Negative(RO, GBP, EUR, -50, -60 EUR)</a> <!-- method navigator-link -->
                      </span>
                      <br/>
                      <span>
                        <img src="passed.png" width="3%"/>
                        <a href="#" panel-name="suite-Regression_testing___in_Chrome" title="automation.testng.testcases.TC006_Conversie_Valori_Negative" class="method navigator-link" hash-for-method="TC006_Conversie_Valori_Negative(RO, USD, CAD, -50, -70 CAD)">TC006_Conversie_Valori_Negative(RO, USD, CAD, -50, -70 CAD)</a> <!-- method navigator-link -->
                      </span>
                      <br/>
                      <span>
                        <img src="passed.png" width="3%"/>
                        <a href="#" panel-name="suite-Regression_testing___in_Chrome" title="automation.testng.testcases.TC006_Conversie_Valori_Negative" class="method navigator-link" hash-for-method="TC006_Conversie_Valori_Negative(RO, HUF, RON, -50, -0,6 RON)">TC006_Conversie_Valori_Negative(RO, HUF, RON, -50, -0,6 RON)</a> <!-- method navigator-link -->
                      </span>
                      <br/>
                    </div> <!-- method-list-content passed suite-Regression_testing___in_Chrome -->
                  </li>
                </ul>
              </div> <!-- suite-section-content -->
            </div> <!-- result-section -->
          </div> <!-- navigator-suite-content -->
        </div> <!-- rounded-window -->
      </div> <!-- suite -->
      <div class="suite">
        <div class="rounded-window">
          <div class="suite-header light-rounded-window-top">
            <a href="#" panel-name="suite-Test_de_Performanta" class="navigator-link">
              <span class="suite-name border-passed">Test de Performanta</span>
            </a> <!-- navigator-link -->
          </div> <!-- suite-header light-rounded-window-top -->
          <div class="navigator-suite-content">
            <div class="suite-section-title">
              <span>Info</span>
            </div> <!-- suite-section-title -->
            <div class="suite-section-content">
              <ul>
                <li>
                  <a href="#" panel-name="test-xml-Test_de_Performanta" class="navigator-link ">
                    <span>D:\proiect-testare\teste-automate\src\test\java\automation\testng\testsuites\TS-003_Performanta.xml</span>
                  </a> <!-- navigator-link  -->
                </li>
                <li>
                  <a href="#" panel-name="testlist-Test_de_Performanta" class="navigator-link ">
                    <span class="test-stats">1 test</span>
                  </a> <!-- navigator-link  -->
                </li>
                <li>
                  <a href="#" panel-name="group-Test_de_Performanta" class="navigator-link ">
                    <span>0 groups</span>
                  </a> <!-- navigator-link  -->
                </li>
                <li>
                  <a href="#" panel-name="times-Test_de_Performanta" class="navigator-link ">
                    <span>Times</span>
                  </a> <!-- navigator-link  -->
                </li>
                <li>
                  <a href="#" panel-name="reporter-Test_de_Performanta" class="navigator-link ">
                    <span>Reporter output</span>
                  </a> <!-- navigator-link  -->
                </li>
                <li>
                  <a href="#" panel-name="ignored-methods-Test_de_Performanta" class="navigator-link ">
                    <span>Ignored methods</span>
                  </a> <!-- navigator-link  -->
                </li>
                <li>
                  <a href="#" panel-name="chronological-Test_de_Performanta" class="navigator-link ">
                    <span>Chronological view</span>
                  </a> <!-- navigator-link  -->
                </li>
              </ul>
            </div> <!-- suite-section-content -->
            <div class="result-section">
              <div class="suite-section-title">
                <span>Results</span>
              </div> <!-- suite-section-title -->
              <div class="suite-section-content">
                <ul>
                  <li>
                    <span class="method-stats">1 method,   1 passed</span>
                  </li>
                  <li>
                    <span class="method-list-title passed">Passed methods</span>
                    <span class="show-or-hide-methods passed">
                      <a href="#" panel-name="suite-Test_de_Performanta" class="hide-methods passed suite-Test_de_Performanta"> (hide)</a> <!-- hide-methods passed suite-Test_de_Performanta -->
                      <a href="#" panel-name="suite-Test_de_Performanta" class="show-methods passed suite-Test_de_Performanta"> (show)</a> <!-- show-methods passed suite-Test_de_Performanta -->
                    </span>
                    <div class="method-list-content passed suite-Test_de_Performanta">
                      <span>
                        <img src="passed.png" width="3%"/>
                        <a href="#" panel-name="suite-Test_de_Performanta" title="automation.testng.testcases.TC007_Performanta" class="method navigator-link" hash-for-method="TC007_Performanta">TC007_Performanta</a> <!-- method navigator-link -->
                      </span>
                      <br/>
                    </div> <!-- method-list-content passed suite-Test_de_Performanta -->
                  </li>
                </ul>
              </div> <!-- suite-section-content -->
            </div> <!-- result-section -->
          </div> <!-- navigator-suite-content -->
        </div> <!-- rounded-window -->
      </div> <!-- suite -->
      <div class="suite">
        <div class="rounded-window">
          <div class="suite-header light-rounded-window-top">
            <a href="#" panel-name="suite-Compatibilitate_Firefox" class="navigator-link">
              <span class="suite-name border-failed">Compatibilitate Firefox</span>
            </a> <!-- navigator-link -->
          </div> <!-- suite-header light-rounded-window-top -->
          <div class="navigator-suite-content">
            <div class="suite-section-title">
              <span>Info</span>
            </div> <!-- suite-section-title -->
            <div class="suite-section-content">
              <ul>
                <li>
                  <a href="#" panel-name="test-xml-Compatibilitate_Firefox" class="navigator-link ">
                    <span>D:\proiect-testare\teste-automate\src\test\java\automation\testng\testsuites\TS-002_Firefox.xml</span>
                  </a> <!-- navigator-link  -->
                </li>
                <li>
                  <a href="#" panel-name="testlist-Compatibilitate_Firefox" class="navigator-link ">
                    <span class="test-stats">2 tests</span>
                  </a> <!-- navigator-link  -->
                </li>
                <li>
                  <a href="#" panel-name="group-Compatibilitate_Firefox" class="navigator-link ">
                    <span>0 groups</span>
                  </a> <!-- navigator-link  -->
                </li>
                <li>
                  <a href="#" panel-name="times-Compatibilitate_Firefox" class="navigator-link ">
                    <span>Times</span>
                  </a> <!-- navigator-link  -->
                </li>
                <li>
                  <a href="#" panel-name="reporter-Compatibilitate_Firefox" class="navigator-link ">
                    <span>Reporter output</span>
                  </a> <!-- navigator-link  -->
                </li>
                <li>
                  <a href="#" panel-name="ignored-methods-Compatibilitate_Firefox" class="navigator-link ">
                    <span>Ignored methods</span>
                  </a> <!-- navigator-link  -->
                </li>
                <li>
                  <a href="#" panel-name="chronological-Compatibilitate_Firefox" class="navigator-link ">
                    <span>Chronological view</span>
                  </a> <!-- navigator-link  -->
                </li>
              </ul>
            </div> <!-- suite-section-content -->
            <div class="result-section">
              <div class="suite-section-title">
                <span>Results</span>
              </div> <!-- suite-section-title -->
              <div class="suite-section-content">
                <ul>
                  <li>
                    <span class="method-stats">8 methods, 2 failed,   6 passed</span>
                  </li>
                  <li>
                    <span class="method-list-title failed">Failed methods</span>
                    <span class="show-or-hide-methods failed">
                      <a href="#" panel-name="suite-Compatibilitate_Firefox" class="hide-methods failed suite-Compatibilitate_Firefox"> (hide)</a> <!-- hide-methods failed suite-Compatibilitate_Firefox -->
                      <a href="#" panel-name="suite-Compatibilitate_Firefox" class="show-methods failed suite-Compatibilitate_Firefox"> (show)</a> <!-- show-methods failed suite-Compatibilitate_Firefox -->
                    </span>
                    <div class="method-list-content failed suite-Compatibilitate_Firefox">
                      <span>
                        <img src="failed.png" width="3%"/>
                        <a href="#" panel-name="suite-Compatibilitate_Firefox" title="automation.testng.testcases.TC001_Selectarea_Limbii_Interfetei" class="method navigator-link" hash-for-method="TC001_Selectarea_Limbii_Interfetei(HU, A 2024.11.19-i BNR árfolyam szerint az átváltott összeg EUR-ban: 0,2 EUR)">TC001_Selectarea_Limbii_Interfetei(HU, A 2024.11.19-i BNR árfolyam szerint az átváltott összeg EUR-ban: 0,2 EUR)</a> <!-- method navigator-link -->
                      </span>
                      <br/>
                      <span>
                        <img src="failed.png" width="3%"/>
                        <a href="#" panel-name="suite-Compatibilitate_Firefox" title="automation.testng.testcases.TC001_Selectarea_Limbii_Interfetei" class="method navigator-link" hash-for-method="TC001_Selectarea_Limbii_Interfetei(FR, Selon le taux de change de la BNR du 19.11.2024, le montant converti en EUR est: 0,2 EUR)">TC001_Selectarea_Limbii_Interfetei(FR, Selon le taux de change de la BNR du 19.11.2024, le montant converti en EUR est: 0,2 EUR)</a> <!-- method navigator-link -->
                      </span>
                      <br/>
                    </div> <!-- method-list-content failed suite-Compatibilitate_Firefox -->
                  </li>
                  <li>
                    <span class="method-list-title passed">Passed methods</span>
                    <span class="show-or-hide-methods passed">
                      <a href="#" panel-name="suite-Compatibilitate_Firefox" class="hide-methods passed suite-Compatibilitate_Firefox"> (hide)</a> <!-- hide-methods passed suite-Compatibilitate_Firefox -->
                      <a href="#" panel-name="suite-Compatibilitate_Firefox" class="show-methods passed suite-Compatibilitate_Firefox"> (show)</a> <!-- show-methods passed suite-Compatibilitate_Firefox -->
                    </span>
                    <div class="method-list-content passed suite-Compatibilitate_Firefox">
                      <span>
                        <img src="passed.png" width="3%"/>
                        <a href="#" panel-name="suite-Compatibilitate_Firefox" title="automation.testng.testcases.TC001_Selectarea_Limbii_Interfetei" class="method navigator-link" hash-for-method="TC001_Selectarea_Limbii_Interfetei(RO, Conform cursului BNR din 19.11.2024, suma convertită în EUR este: 0,2 EUR)">TC001_Selectarea_Limbii_Interfetei(RO, Conform cursului BNR din 19.11.2024, suma convertită în EUR este: 0,2 EUR)</a> <!-- method navigator-link -->
                      </span>
                      <br/>
                      <span>
                        <img src="passed.png" width="3%"/>
                        <a href="#" panel-name="suite-Compatibilitate_Firefox" title="automation.testng.testcases.TC001_Selectarea_Limbii_Interfetei" class="method navigator-link" hash-for-method="TC001_Selectarea_Limbii_Interfetei(EN, According to the BNR exchange rate from 19.11.2024, the exchanged amount in EUR is: 0.2 EUR)">TC001_Selectarea_Limbii_Interfetei(EN, According to the BNR exchange rate from 19.11.2024, the exchanged amount in EUR is: 0.2 EUR)</a> <!-- method navigator-link -->
                      </span>
                      <br/>
                      <span>
                        <img src="passed.png" width="3%"/>
                        <a href="#" panel-name="suite-Compatibilitate_Firefox" title="automation.testng.testcases.TC002_Existentei_Optiunilor_Valutare" class="method navigator-link" hash-for-method="TC002_Existentei_Optiunilor_Valutare">TC002_Existentei_Optiunilor_Valutare</a> <!-- method navigator-link -->
                      </span>
                      <br/>
                      <span>
                        <img src="passed.png" width="3%"/>
                        <a href="#" panel-name="suite-Compatibilitate_Firefox" title="automation.testng.testcases.TC006_Conversie_Valori_Negative" class="method navigator-link" hash-for-method="TC006_Conversie_Valori_Negative(RO, GBP, EUR, -50, -60 EUR)">TC006_Conversie_Valori_Negative(RO, GBP, EUR, -50, -60 EUR)</a> <!-- method navigator-link -->
                      </span>
                      <br/>
                      <span>
                        <img src="passed.png" width="3%"/>
                        <a href="#" panel-name="suite-Compatibilitate_Firefox" title="automation.testng.testcases.TC006_Conversie_Valori_Negative" class="method navigator-link" hash-for-method="TC006_Conversie_Valori_Negative(RO, USD, CAD, -50, -70 CAD)">TC006_Conversie_Valori_Negative(RO, USD, CAD, -50, -70 CAD)</a> <!-- method navigator-link -->
                      </span>
                      <br/>
                      <span>
                        <img src="passed.png" width="3%"/>
                        <a href="#" panel-name="suite-Compatibilitate_Firefox" title="automation.testng.testcases.TC006_Conversie_Valori_Negative" class="method navigator-link" hash-for-method="TC006_Conversie_Valori_Negative(RO, HUF, RON, -50, -0,6 RON)">TC006_Conversie_Valori_Negative(RO, HUF, RON, -50, -0,6 RON)</a> <!-- method navigator-link -->
                      </span>
                      <br/>
                    </div> <!-- method-list-content passed suite-Compatibilitate_Firefox -->
                  </li>
                </ul>
              </div> <!-- suite-section-content -->
            </div> <!-- result-section -->
          </div> <!-- navigator-suite-content -->
        </div> <!-- rounded-window -->
      </div> <!-- suite -->
    </div> <!-- navigator-root -->
    <div class="wrapper">
      <div class="main-panel-root">
        <div panel-name="suite-Regression_testing___in_Chrome" class="panel Regression_testing___in_Chrome">
          <div class="suite-Regression_testing___in_Chrome-class-failed">
            <div class="main-panel-header rounded-window-top">
              <img src="failed.png"/>
              <span class="class-name">automation.testng.testcases.TC004_Validare_Date_Introduse</span>
            </div> <!-- main-panel-header rounded-window-top -->
            <div class="main-panel-content rounded-window-bottom">
              <div class="method">
                <div class="method-content">
                  <a name="TC004_Validare_Date_Introduse(HU, CAD, USD, 10.50, Meg kell adnia egy számot.)">
                  </a> <!-- TC004_Validare_Date_Introduse(HU, CAD, USD, 10.50, Meg kell adnia egy számot.) -->
                  <span class="method-name">TC004_Validare_Date_Introduse</span>
                  <span class="parameters">(HU,CAD,USD,10.50,Meg kell adnia egy számot.)</span>
                  <div class="stack-trace">org.openqa.selenium.NoSuchElementException: no such element: Unable to locate element: {&quot;method&quot;:&quot;css selector&quot;,&quot;selector&quot;:&quot;.result-box p&quot;}
  (Session info: chrome=131.0.6778.265)
For documentation on this error, please visit: https://www.selenium.dev/documentation/webdriver/troubleshooting/errors#no-such-element-exception
Build info: version: &apos;4.12.1&apos;, revision: &apos;8e34639b11&apos;
System info: os.name: &apos;Windows 11&apos;, os.arch: &apos;amd64&apos;, os.version: &apos;10.0&apos;, java.version: &apos;20.0.2&apos;
Driver info: org.openqa.selenium.chrome.ChromeDriver
Command: [f6bab41660edbfee4d6fa4b14802e7ec, findElement {using=css selector, value=.result-box p}]
Capabilities {acceptInsecureCerts: false, browserName: chrome, browserVersion: 131.0.6778.265, chrome: {chromedriverVersion: 131.0.6778.264 (2d05e315153..., userDataDir: C:\WINDOWS\SystemTemp\scope...}, fedcm:accounts: true, goog:chromeOptions: {debuggerAddress: localhost:51066}, networkConnectionEnabled: false, pageLoadStrategy: normal, platformName: windows, proxy: Proxy(), se:cdp: ws://localhost:51066/devtoo..., se:cdpVersion: 131.0.6778.265, setWindowRect: true, strictFileInteractability: false, timeouts: {implicit: 0, pageLoad: 300000, script: 30000}, unhandledPromptBehavior: dismiss and notify, webauthn:extension:credBlob: true, webauthn:extension:largeBlob: true, webauthn:extension:minPinLength: true, webauthn:extension:prf: true, webauthn:virtualAuthenticators: true}
Session ID: f6bab41660edbfee4d6fa4b14802e7ec
	at org.openqa.selenium.remote.codec.w3c.W3CHttpResponseCodec.createException(W3CHttpResponseCodec.java:200)
	at org.openqa.selenium.remote.codec.w3c.W3CHttpResponseCodec.decode(W3CHttpResponseCodec.java:133)
	at org.openqa.selenium.remote.codec.w3c.W3CHttpResponseCodec.decode(W3CHttpResponseCodec.java:52)
	at org.openqa.selenium.remote.HttpCommandExecutor.execute(HttpCommandExecutor.java:191)
	at org.openqa.selenium.remote.service.DriverCommandExecutor.invokeExecute(DriverCommandExecutor.java:196)
	at org.openqa.selenium.remote.service.DriverCommandExecutor.execute(DriverCommandExecutor.java:171)
	at org.openqa.selenium.remote.RemoteWebDriver.execute(RemoteWebDriver.java:602)
	at org.openqa.selenium.remote.ElementLocation$ElementFinder$2.findElement(ElementLocation.java:165)
	at org.openqa.selenium.remote.ElementLocation.findElement(ElementLocation.java:59)
	at org.openqa.selenium.remote.RemoteWebDriver.findElement(RemoteWebDriver.java:359)
	at org.openqa.selenium.remote.RemoteWebDriver.findElement(RemoteWebDriver.java:353)
	at automation.pages.MainPage.getErrorText(MainPage.java:82)
	at automation.testng.testcases.TC004_Validare_Date_Introduse.TC004_Validare_Date_Introduse(TC004_Validare_Date_Introduse.java:21)
	at java.base/java.util.ArrayList.forEach(ArrayList.java:1511)
... Removed 32 stack frames
</div> <!-- stack-trace -->
                </div> <!-- method-content -->
              </div> <!-- method -->
              <div class="method">
                <div class="method-content">
                  <a name="TC004_Validare_Date_Introduse(FR, CAD, USD, 10.50, Vous devez entrer un nombre.)">
                  </a> <!-- TC004_Validare_Date_Introduse(FR, CAD, USD, 10.50, Vous devez entrer un nombre.) -->
                  <span class="method-name">TC004_Validare_Date_Introduse</span>
                  <span class="parameters">(FR,CAD,USD,10.50,Vous devez entrer un nombre.)</span>
                  <div class="stack-trace">org.openqa.selenium.NoSuchElementException: no such element: Unable to locate element: {&quot;method&quot;:&quot;css selector&quot;,&quot;selector&quot;:&quot;.result-box p&quot;}
  (Session info: chrome=131.0.6778.265)
For documentation on this error, please visit: https://www.selenium.dev/documentation/webdriver/troubleshooting/errors#no-such-element-exception
Build info: version: &apos;4.12.1&apos;, revision: &apos;8e34639b11&apos;
System info: os.name: &apos;Windows 11&apos;, os.arch: &apos;amd64&apos;, os.version: &apos;10.0&apos;, java.version: &apos;20.0.2&apos;
Driver info: org.openqa.selenium.chrome.ChromeDriver
Command: [e0c1fe8c38fd3c859ebf5429d929cfc8, findElement {using=css selector, value=.result-box p}]
Capabilities {acceptInsecureCerts: false, browserName: chrome, browserVersion: 131.0.6778.265, chrome: {chromedriverVersion: 131.0.6778.264 (2d05e315153..., userDataDir: C:\WINDOWS\SystemTemp\scope...}, fedcm:accounts: true, goog:chromeOptions: {debuggerAddress: localhost:51048}, networkConnectionEnabled: false, pageLoadStrategy: normal, platformName: windows, proxy: Proxy(), se:cdp: ws://localhost:51048/devtoo..., se:cdpVersion: 131.0.6778.265, setWindowRect: true, strictFileInteractability: false, timeouts: {implicit: 0, pageLoad: 300000, script: 30000}, unhandledPromptBehavior: dismiss and notify, webauthn:extension:credBlob: true, webauthn:extension:largeBlob: true, webauthn:extension:minPinLength: true, webauthn:extension:prf: true, webauthn:virtualAuthenticators: true}
Session ID: e0c1fe8c38fd3c859ebf5429d929cfc8
	at org.openqa.selenium.remote.codec.w3c.W3CHttpResponseCodec.createException(W3CHttpResponseCodec.java:200)
	at org.openqa.selenium.remote.codec.w3c.W3CHttpResponseCodec.decode(W3CHttpResponseCodec.java:133)
	at org.openqa.selenium.remote.codec.w3c.W3CHttpResponseCodec.decode(W3CHttpResponseCodec.java:52)
	at org.openqa.selenium.remote.HttpCommandExecutor.execute(HttpCommandExecutor.java:191)
	at org.openqa.selenium.remote.service.DriverCommandExecutor.invokeExecute(DriverCommandExecutor.java:196)
	at org.openqa.selenium.remote.service.DriverCommandExecutor.execute(DriverCommandExecutor.java:171)
	at org.openqa.selenium.remote.RemoteWebDriver.execute(RemoteWebDriver.java:602)
	at org.openqa.selenium.remote.ElementLocation$ElementFinder$2.findElement(ElementLocation.java:165)
	at org.openqa.selenium.remote.ElementLocation.findElement(ElementLocation.java:59)
	at org.openqa.selenium.remote.RemoteWebDriver.findElement(RemoteWebDriver.java:359)
	at org.openqa.selenium.remote.RemoteWebDriver.findElement(RemoteWebDriver.java:353)
	at automation.pages.MainPage.getErrorText(MainPage.java:82)
	at automation.testng.testcases.TC004_Validare_Date_Introduse.TC004_Validare_Date_Introduse(TC004_Validare_Date_Introduse.java:21)
	at java.base/java.util.ArrayList.forEach(ArrayList.java:1511)
... Removed 32 stack frames
</div> <!-- stack-trace -->
                </div> <!-- method-content -->
              </div> <!-- method -->
              <div class="method">
                <div class="method-content">
                  <a name="TC004_Validare_Date_Introduse(EN, CAD, USD, +10, You must enter a number.)">
                  </a> <!-- TC004_Validare_Date_Introduse(EN, CAD, USD, +10, You must enter a number.) -->
                  <span class="method-name">TC004_Validare_Date_Introduse</span>
                  <span class="parameters">(EN,CAD,USD,+10,You must enter a number.)</span>
                  <div class="stack-trace">org.openqa.selenium.NoSuchElementException: no such element: Unable to locate element: {&quot;method&quot;:&quot;css selector&quot;,&quot;selector&quot;:&quot;.result-box p&quot;}
  (Session info: chrome=131.0.6778.265)
For documentation on this error, please visit: https://www.selenium.dev/documentation/webdriver/troubleshooting/errors#no-such-element-exception
Build info: version: &apos;4.12.1&apos;, revision: &apos;8e34639b11&apos;
System info: os.name: &apos;Windows 11&apos;, os.arch: &apos;amd64&apos;, os.version: &apos;10.0&apos;, java.version: &apos;20.0.2&apos;
Driver info: org.openqa.selenium.chrome.ChromeDriver
Command: [7f9e8c467840d3bc2b1f3c19abb23cef, findElement {using=css selector, value=.result-box p}]
Capabilities {acceptInsecureCerts: false, browserName: chrome, browserVersion: 131.0.6778.265, chrome: {chromedriverVersion: 131.0.6778.264 (2d05e315153..., userDataDir: C:\WINDOWS\SystemTemp\scope...}, fedcm:accounts: true, goog:chromeOptions: {debuggerAddress: localhost:50996}, networkConnectionEnabled: false, pageLoadStrategy: normal, platformName: windows, proxy: Proxy(), se:cdp: ws://localhost:50996/devtoo..., se:cdpVersion: 131.0.6778.265, setWindowRect: true, strictFileInteractability: false, timeouts: {implicit: 0, pageLoad: 300000, script: 30000}, unhandledPromptBehavior: dismiss and notify, webauthn:extension:credBlob: true, webauthn:extension:largeBlob: true, webauthn:extension:minPinLength: true, webauthn:extension:prf: true, webauthn:virtualAuthenticators: true}
Session ID: 7f9e8c467840d3bc2b1f3c19abb23cef
	at org.openqa.selenium.remote.codec.w3c.W3CHttpResponseCodec.createException(W3CHttpResponseCodec.java:200)
	at org.openqa.selenium.remote.codec.w3c.W3CHttpResponseCodec.decode(W3CHttpResponseCodec.java:133)
	at org.openqa.selenium.remote.codec.w3c.W3CHttpResponseCodec.decode(W3CHttpResponseCodec.java:52)
	at org.openqa.selenium.remote.HttpCommandExecutor.execute(HttpCommandExecutor.java:191)
	at org.openqa.selenium.remote.service.DriverCommandExecutor.invokeExecute(DriverCommandExecutor.java:196)
	at org.openqa.selenium.remote.service.DriverCommandExecutor.execute(DriverCommandExecutor.java:171)
	at org.openqa.selenium.remote.RemoteWebDriver.execute(RemoteWebDriver.java:602)
	at org.openqa.selenium.remote.ElementLocation$ElementFinder$2.findElement(ElementLocation.java:165)
	at org.openqa.selenium.remote.ElementLocation.findElement(ElementLocation.java:59)
	at org.openqa.selenium.remote.RemoteWebDriver.findElement(RemoteWebDriver.java:359)
	at org.openqa.selenium.remote.RemoteWebDriver.findElement(RemoteWebDriver.java:353)
	at automation.pages.MainPage.getErrorText(MainPage.java:82)
	at automation.testng.testcases.TC004_Validare_Date_Introduse.TC004_Validare_Date_Introduse(TC004_Validare_Date_Introduse.java:21)
	at java.base/java.util.ArrayList.forEach(ArrayList.java:1511)
... Removed 32 stack frames
</div> <!-- stack-trace -->
                </div> <!-- method-content -->
              </div> <!-- method -->
              <div class="method">
                <div class="method-content">
                  <a name="TC004_Validare_Date_Introduse(RO, CAD, USD, 10.50, Trebuie introdus un număr.)">
                  </a> <!-- TC004_Validare_Date_Introduse(RO, CAD, USD, 10.50, Trebuie introdus un număr.) -->
                  <span class="method-name">TC004_Validare_Date_Introduse</span>
                  <span class="parameters">(RO,CAD,USD,10.50,Trebuie introdus un număr.)</span>
                  <div class="stack-trace">org.openqa.selenium.NoSuchElementException: no such element: Unable to locate element: {&quot;method&quot;:&quot;css selector&quot;,&quot;selector&quot;:&quot;.result-box p&quot;}
  (Session info: chrome=131.0.6778.265)
For documentation on this error, please visit: https://www.selenium.dev/documentation/webdriver/troubleshooting/errors#no-such-element-exception
Build info: version: &apos;4.12.1&apos;, revision: &apos;8e34639b11&apos;
System info: os.name: &apos;Windows 11&apos;, os.arch: &apos;amd64&apos;, os.version: &apos;10.0&apos;, java.version: &apos;20.0.2&apos;
Driver info: org.openqa.selenium.chrome.ChromeDriver
Command: [1ce43fb84557b12326e30258ba419d72, findElement {using=css selector, value=.result-box p}]
Capabilities {acceptInsecureCerts: false, browserName: chrome, browserVersion: 131.0.6778.265, chrome: {chromedriverVersion: 131.0.6778.264 (2d05e315153..., userDataDir: C:\WINDOWS\SystemTemp\scope...}, fedcm:accounts: true, goog:chromeOptions: {debuggerAddress: localhost:51030}, networkConnectionEnabled: false, pageLoadStrategy: normal, platformName: windows, proxy: Proxy(), se:cdp: ws://localhost:51030/devtoo..., se:cdpVersion: 131.0.6778.265, setWindowRect: true, strictFileInteractability: false, timeouts: {implicit: 0, pageLoad: 300000, script: 30000}, unhandledPromptBehavior: dismiss and notify, webauthn:extension:credBlob: true, webauthn:extension:largeBlob: true, webauthn:extension:minPinLength: true, webauthn:extension:prf: true, webauthn:virtualAuthenticators: true}
Session ID: 1ce43fb84557b12326e30258ba419d72
	at org.openqa.selenium.remote.codec.w3c.W3CHttpResponseCodec.createException(W3CHttpResponseCodec.java:200)
	at org.openqa.selenium.remote.codec.w3c.W3CHttpResponseCodec.decode(W3CHttpResponseCodec.java:133)
	at org.openqa.selenium.remote.codec.w3c.W3CHttpResponseCodec.decode(W3CHttpResponseCodec.java:52)
	at org.openqa.selenium.remote.HttpCommandExecutor.execute(HttpCommandExecutor.java:191)
	at org.openqa.selenium.remote.service.DriverCommandExecutor.invokeExecute(DriverCommandExecutor.java:196)
	at org.openqa.selenium.remote.service.DriverCommandExecutor.execute(DriverCommandExecutor.java:171)
	at org.openqa.selenium.remote.RemoteWebDriver.execute(RemoteWebDriver.java:602)
	at org.openqa.selenium.remote.ElementLocation$ElementFinder$2.findElement(ElementLocation.java:165)
	at org.openqa.selenium.remote.ElementLocation.findElement(ElementLocation.java:59)
	at org.openqa.selenium.remote.RemoteWebDriver.findElement(RemoteWebDriver.java:359)
	at org.openqa.selenium.remote.RemoteWebDriver.findElement(RemoteWebDriver.java:353)
	at automation.pages.MainPage.getErrorText(MainPage.java:82)
	at automation.testng.testcases.TC004_Validare_Date_Introduse.TC004_Validare_Date_Introduse(TC004_Validare_Date_Introduse.java:21)
	at java.base/java.util.ArrayList.forEach(ArrayList.java:1511)
... Removed 32 stack frames
</div> <!-- stack-trace -->
                </div> <!-- method-content -->
              </div> <!-- method -->
            </div> <!-- main-panel-content rounded-window-bottom -->
          </div> <!-- suite-Regression_testing___in_Chrome-class-failed -->
          <div class="suite-Regression_testing___in_Chrome-class-failed">
            <div class="main-panel-header rounded-window-top">
              <img src="failed.png"/>
              <span class="class-name">automation.testng.testcases.TC003_Conversie_Valutara_Corecta</span>
            </div> <!-- main-panel-header rounded-window-top -->
            <div class="main-panel-content rounded-window-bottom">
              <div class="method">
                <div class="method-content">
                  <a name="TC003_Conversie_Valutara_Corecta(RO, EUR, GBP, 100, 84 GBP)">
                  </a> <!-- TC003_Conversie_Valutara_Corecta(RO, EUR, GBP, 100, 84 GBP) -->
                  <span class="method-name">TC003_Conversie_Valutara_Corecta</span>
                  <span class="parameters">(RO,EUR,GBP,100,84 GBP)</span>
                  <div class="stack-trace">java.lang.AssertionError: Valuta sursa s-a schimbat la reincarcarea paginii expected [EUR] but found [RON]
	at automation.testng.testcases.TC003_Conversie_Valutara_Corecta.TC003_Conversie_Valutara_Corecta(TC003_Conversie_Valutara_Corecta.java:26)
	at java.base/java.util.ArrayList.forEach(ArrayList.java:1511)
... Removed 33 stack frames
</div> <!-- stack-trace -->
                </div> <!-- method-content -->
              </div> <!-- method -->
              <div class="method">
                <div class="method-content">
                  <a name="TC003_Conversie_Valutara_Corecta(RO, CAD, USD, 100, 140 USD)">
                  </a> <!-- TC003_Conversie_Valutara_Corecta(RO, CAD, USD, 100, 140 USD) -->
                  <span class="method-name">TC003_Conversie_Valutara_Corecta</span>
                  <span class="parameters">(RO,CAD,USD,100,140 USD)</span>
                  <div class="stack-trace">java.lang.AssertionError: Expected to end with: &apos;140 USD&apos; but got &apos;Ai ales să schimbi din CAD în USD
Suma pe care o dorești a fi schimbată: 100 CAD
Conform cursului BNR din 19.11.2024, suma convertită în USD este: 71 EUR&apos; expected [true] but found [false]
	at automation.testng.testcases.BaseTest.checkEndsWith(BaseTest.java:48)
	at automation.testng.testcases.TC003_Conversie_Valutara_Corecta.TC003_Conversie_Valutara_Corecta(TC003_Conversie_Valutara_Corecta.java:23)
	at java.base/java.util.ArrayList.forEach(ArrayList.java:1511)
... Removed 32 stack frames
</div> <!-- stack-trace -->
                </div> <!-- method-content -->
              </div> <!-- method -->
              <div class="method">
                <div class="method-content">
                  <a name="TC003_Conversie_Valutara_Corecta(RO, RON, HUF, 100, 8175 HUF)">
                  </a> <!-- TC003_Conversie_Valutara_Corecta(RO, RON, HUF, 100, 8175 HUF) -->
                  <span class="method-name">TC003_Conversie_Valutara_Corecta</span>
                  <span class="parameters">(RO,RON,HUF,100,8175 HUF)</span>
                  <div class="stack-trace">java.lang.AssertionError: Valuta sursa s-a schimbat la reincarcarea paginii expected [RON] but found [RON]
	at automation.testng.testcases.TC003_Conversie_Valutara_Corecta.TC003_Conversie_Valutara_Corecta(TC003_Conversie_Valutara_Corecta.java:26)
	at java.base/java.util.ArrayList.forEach(ArrayList.java:1511)
... Removed 33 stack frames
</div> <!-- stack-trace -->
                </div> <!-- method-content -->
              </div> <!-- method -->
            </div> <!-- main-panel-content rounded-window-bottom -->
          </div> <!-- suite-Regression_testing___in_Chrome-class-failed -->
          <div class="suite-Regression_testing___in_Chrome-class-failed">
            <div class="main-panel-header rounded-window-top">
              <img src="failed.png"/>
              <span class="class-name">automation.testng.testcases.TC005_Conversie_Neaplicata</span>
            </div> <!-- main-panel-header rounded-window-top -->
            <div class="main-panel-content rounded-window-bottom">
              <div class="method">
                <div class="method-content">
                  <a name="TC005_Conversie_Neaplicata">
                  </a> <!-- TC005_Conversie_Neaplicata -->
                  <span class="method-name">TC005_Conversie_Neaplicata</span>
                  <div class="stack-trace">org.testng.internal.reflect.MethodMatcherException: 
[public void automation.testng.testcases.TC005_Conversie_Neaplicata.TC005_Conversie_Neaplicata(automation.enums.Language,automation.enums.Currency,automation.enums.Currency,java.lang.String,java.lang.String) throws java.lang.InterruptedException] has no parameters defined but was found to be using a data provider (either explicitly specified or inherited from class level annotation).
Data provider mismatch
Method: TC005_Conversie_Neaplicata([automation.enums.Language arg0, automation.enums.Currency arg1, automation.enums.Currency arg2, java.lang.String arg3, java.lang.String arg4])
Arguments: [(automation.enums.Language) RO,(automation.enums.Currency) RON,(java.lang.String) 23,(java.lang.String) Suma rămâne neschimbată]
	at java.base/java.util.ArrayList.forEach(ArrayList.java:1511)
... Removed 26 stack frames
</div> <!-- stack-trace -->
                </div> <!-- method-content -->
              </div> <!-- method -->
            </div> <!-- main-panel-content rounded-window-bottom -->
          </div> <!-- suite-Regression_testing___in_Chrome-class-failed -->
          <div class="suite-Regression_testing___in_Chrome-class-failed">
            <div class="main-panel-header rounded-window-top">
              <img src="failed.png"/>
              <span class="class-name">automation.testng.testcases.TC001_Selectarea_Limbii_Interfetei</span>
            </div> <!-- main-panel-header rounded-window-top -->
            <div class="main-panel-content rounded-window-bottom">
              <div class="method">
                <div class="method-content">
                  <a name="TC001_Selectarea_Limbii_Interfetei(FR, Selon le taux de change de la BNR du 19.11.2024, le montant converti en EUR est: 0,2 EUR)">
                  </a> <!-- TC001_Selectarea_Limbii_Interfetei(FR, Selon le taux de change de la BNR du 19.11.2024, le montant converti en EUR est: 0,2 EUR) -->
                  <span class="method-name">TC001_Selectarea_Limbii_Interfetei</span>
                  <span class="parameters">(FR,Selon le taux de change de la BNR du 19.11.2024, le montant converti en EUR est: 0,2 EUR)</span>
                  <div class="stack-trace">java.lang.AssertionError: Expected to end with: &apos;Selon le taux de change de la BNR du 19.11.2024, le montant converti en EUR est: 0,2 EUR&apos; but got &apos;Vous avez choisi de convertir de RON en EUR
Le montant que vous souhaitez convertir est: 1 RON
Selon le taux de change de la BNR du 19.11.2024, le montant converti en EUR est: 1 EUR EUR&apos; expected [true] but found [false]
	at automation.testng.testcases.BaseTest.checkEndsWith(BaseTest.java:48)
	at automation.testng.testcases.TC001_Selectarea_Limbii_Interfetei.TC001_Selectarea_Limbii_Interfetei(TC001_Selectarea_Limbii_Interfetei.java:20)
	at java.base/java.util.ArrayList.forEach(ArrayList.java:1511)
... Removed 32 stack frames
</div> <!-- stack-trace -->
                </div> <!-- method-content -->
              </div> <!-- method -->
              <div class="method">
                <div class="method-content">
                  <a name="TC001_Selectarea_Limbii_Interfetei(HU, A 2024.11.19-i BNR árfolyam szerint az átváltott összeg EUR-ban: 0,2 EUR)">
                  </a> <!-- TC001_Selectarea_Limbii_Interfetei(HU, A 2024.11.19-i BNR árfolyam szerint az átváltott összeg EUR-ban: 0,2 EUR) -->
                  <span class="method-name">TC001_Selectarea_Limbii_Interfetei</span>
                  <span class="parameters">(HU,A 2024.11.19-i BNR árfolyam szerint az átváltott összeg EUR-ban: 0,2 EUR)</span>
                  <div class="stack-trace">java.lang.AssertionError: Expected to end with: &apos;A 2024.11.19-i BNR árfolyam szerint az átváltott összeg EUR-ban: 0,2 EUR&apos; but got &apos;A kiválasztott átváltás: RON-ról EUR-ra
Az átváltani kívánt összeg: 1 RON
A 2024.11.19-i BNR árfolyam szerint az átváltott összeg: 0,2 EUR&apos; expected [true] but found [false]
	at automation.testng.testcases.BaseTest.checkEndsWith(BaseTest.java:48)
	at automation.testng.testcases.TC001_Selectarea_Limbii_Interfetei.TC001_Selectarea_Limbii_Interfetei(TC001_Selectarea_Limbii_Interfetei.java:20)
	at java.base/java.util.ArrayList.forEach(ArrayList.java:1511)
... Removed 32 stack frames
</div> <!-- stack-trace -->
                </div> <!-- method-content -->
              </div> <!-- method -->
            </div> <!-- main-panel-content rounded-window-bottom -->
          </div> <!-- suite-Regression_testing___in_Chrome-class-failed -->
          <div class="suite-Regression_testing___in_Chrome-class-passed">
            <div class="main-panel-header rounded-window-top">
              <img src="passed.png"/>
              <span class="class-name">automation.testng.testcases.TC002_Existentei_Optiunilor_Valutare</span>
            </div> <!-- main-panel-header rounded-window-top -->
            <div class="main-panel-content rounded-window-bottom">
              <div class="method">
                <div class="method-content">
                  <a name="TC002_Existentei_Optiunilor_Valutare">
                  </a> <!-- TC002_Existentei_Optiunilor_Valutare -->
                  <span class="method-name">TC002_Existentei_Optiunilor_Valutare</span>
                </div> <!-- method-content -->
              </div> <!-- method -->
            </div> <!-- main-panel-content rounded-window-bottom -->
          </div> <!-- suite-Regression_testing___in_Chrome-class-passed -->
          <div class="suite-Regression_testing___in_Chrome-class-passed">
            <div class="main-panel-header rounded-window-top">
              <img src="passed.png"/>
              <span class="class-name">automation.testng.testcases.TC004_Validare_Date_Introduse</span>
            </div> <!-- main-panel-header rounded-window-top -->
            <div class="main-panel-content rounded-window-bottom">
              <div class="method">
                <div class="method-content">
                  <a name="TC004_Validare_Date_Introduse(FR, CAD, USD, @123, Vous devez entrer un nombre.)">
                  </a> <!-- TC004_Validare_Date_Introduse(FR, CAD, USD, @123, Vous devez entrer un nombre.) -->
                  <span class="method-name">TC004_Validare_Date_Introduse</span>
                  <span class="parameters">(FR,CAD,USD,@123,Vous devez entrer un nombre.)</span>
                </div> <!-- method-content -->
              </div> <!-- method -->
              <div class="method">
                <div class="method-content">
                  <a name="TC004_Validare_Date_Introduse(RO, CAD, USD, abc, Trebuie introdus un număr.)">
                  </a> <!-- TC004_Validare_Date_Introduse(RO, CAD, USD, abc, Trebuie introdus un număr.) -->
                  <span class="method-name">TC004_Validare_Date_Introduse</span>
                  <span class="parameters">(RO,CAD,USD,abc,Trebuie introdus un număr.)</span>
                </div> <!-- method-content -->
              </div> <!-- method -->
              <div class="method">
                <div class="method-content">
                  <a name="TC004_Validare_Date_Introduse(EN, CAD, USD, , You must enter a number.)">
                  </a> <!-- TC004_Validare_Date_Introduse(EN, CAD, USD, , You must enter a number.) -->
                  <span class="method-name">TC004_Validare_Date_Introduse</span>
                  <span class="parameters">(EN,CAD,USD,,You must enter a number.)</span>
                </div> <!-- method-content -->
              </div> <!-- method -->
              <div class="method">
                <div class="method-content">
                  <a name="TC004_Validare_Date_Introduse(HU, CAD, USD, 10..0, Meg kell adnia egy számot.)">
                  </a> <!-- TC004_Validare_Date_Introduse(HU, CAD, USD, 10..0, Meg kell adnia egy számot.) -->
                  <span class="method-name">TC004_Validare_Date_Introduse</span>
                  <span class="parameters">(HU,CAD,USD,10..0,Meg kell adnia egy számot.)</span>
                </div> <!-- method-content -->
              </div> <!-- method -->
              <div class="method">
                <div class="method-content">
                  <a name="TC004_Validare_Date_Introduse(EN, CAD, USD, 10,50, You must enter a number.)">
                  </a> <!-- TC004_Validare_Date_Introduse(EN, CAD, USD, 10,50, You must enter a number.) -->
                  <span class="method-name">TC004_Validare_Date_Introduse</span>
                  <span class="parameters">(EN,CAD,USD,10,50,You must enter a number.)</span>
                </div> <!-- method-content -->
              </div> <!-- method -->
            </div> <!-- main-panel-content rounded-window-bottom -->
          </div> <!-- suite-Regression_testing___in_Chrome-class-passed -->
          <div class="suite-Regression_testing___in_Chrome-class-passed">
            <div class="main-panel-header rounded-window-top">
              <img src="passed.png"/>
              <span class="class-name">automation.testng.testcases.TC006_Conversie_Valori_Negative</span>
            </div> <!-- main-panel-header rounded-window-top -->
            <div class="main-panel-content rounded-window-bottom">
              <div class="method">
                <div class="method-content">
                  <a name="TC006_Conversie_Valori_Negative(RO, GBP, EUR, -50, -60 EUR)">
                  </a> <!-- TC006_Conversie_Valori_Negative(RO, GBP, EUR, -50, -60 EUR) -->
                  <span class="method-name">TC006_Conversie_Valori_Negative</span>
                  <span class="parameters">(RO,GBP,EUR,-50,-60 EUR)</span>
                </div> <!-- method-content -->
              </div> <!-- method -->
              <div class="method">
                <div class="method-content">
                  <a name="TC006_Conversie_Valori_Negative(RO, USD, CAD, -50, -70 CAD)">
                  </a> <!-- TC006_Conversie_Valori_Negative(RO, USD, CAD, -50, -70 CAD) -->
                  <span class="method-name">TC006_Conversie_Valori_Negative</span>
                  <span class="parameters">(RO,USD,CAD,-50,-70 CAD)</span>
                </div> <!-- method-content -->
              </div> <!-- method -->
              <div class="method">
                <div class="method-content">
                  <a name="TC006_Conversie_Valori_Negative(RO, HUF, RON, -50, -0,6 RON)">
                  </a> <!-- TC006_Conversie_Valori_Negative(RO, HUF, RON, -50, -0,6 RON) -->
                  <span class="method-name">TC006_Conversie_Valori_Negative</span>
                  <span class="parameters">(RO,HUF,RON,-50,-0,6 RON)</span>
                </div> <!-- method-content -->
              </div> <!-- method -->
            </div> <!-- main-panel-content rounded-window-bottom -->
          </div> <!-- suite-Regression_testing___in_Chrome-class-passed -->
          <div class="suite-Regression_testing___in_Chrome-class-passed">
            <div class="main-panel-header rounded-window-top">
              <img src="passed.png"/>
              <span class="class-name">automation.testng.testcases.TC001_Selectarea_Limbii_Interfetei</span>
            </div> <!-- main-panel-header rounded-window-top -->
            <div class="main-panel-content rounded-window-bottom">
              <div class="method">
                <div class="method-content">
                  <a name="TC001_Selectarea_Limbii_Interfetei(EN, According to the BNR exchange rate from 19.11.2024, the exchanged amount in EUR is: 0.2 EUR)">
                  </a> <!-- TC001_Selectarea_Limbii_Interfetei(EN, According to the BNR exchange rate from 19.11.2024, the exchanged amount in EUR is: 0.2 EUR) -->
                  <span class="method-name">TC001_Selectarea_Limbii_Interfetei</span>
                  <span class="parameters">(EN,According to the BNR exchange rate from 19.11.2024, the exchanged amount in EUR is: 0.2 EUR)</span>
                </div> <!-- method-content -->
              </div> <!-- method -->
              <div class="method">
                <div class="method-content">
                  <a name="TC001_Selectarea_Limbii_Interfetei(RO, Conform cursului BNR din 19.11.2024, suma convertită în EUR este: 0,2 EUR)">
                  </a> <!-- TC001_Selectarea_Limbii_Interfetei(RO, Conform cursului BNR din 19.11.2024, suma convertită în EUR este: 0,2 EUR) -->
                  <span class="method-name">TC001_Selectarea_Limbii_Interfetei</span>
                  <span class="parameters">(RO,Conform cursului BNR din 19.11.2024, suma convertită în EUR este: 0,2 EUR)</span>
                </div> <!-- method-content -->
              </div> <!-- method -->
            </div> <!-- main-panel-content rounded-window-bottom -->
          </div> <!-- suite-Regression_testing___in_Chrome-class-passed -->
        </div> <!-- panel Regression_testing___in_Chrome -->
        <div panel-name="suite-Test_de_Performanta" class="panel Test_de_Performanta">
          <div class="suite-Test_de_Performanta-class-passed">
            <div class="main-panel-header rounded-window-top">
              <img src="passed.png"/>
              <span class="class-name">automation.testng.testcases.TC007_Performanta</span>
            </div> <!-- main-panel-header rounded-window-top -->
            <div class="main-panel-content rounded-window-bottom">
              <div class="method">
                <div class="method-content">
                  <a name="TC007_Performanta">
                  </a> <!-- TC007_Performanta -->
                  <span class="method-name">TC007_Performanta</span>
                </div> <!-- method-content -->
              </div> <!-- method -->
            </div> <!-- main-panel-content rounded-window-bottom -->
          </div> <!-- suite-Test_de_Performanta-class-passed -->
        </div> <!-- panel Test_de_Performanta -->
        <div panel-name="suite-Compatibilitate_Firefox" class="panel Compatibilitate_Firefox">
          <div class="suite-Compatibilitate_Firefox-class-failed">
            <div class="main-panel-header rounded-window-top">
              <img src="failed.png"/>
              <span class="class-name">automation.testng.testcases.TC001_Selectarea_Limbii_Interfetei</span>
            </div> <!-- main-panel-header rounded-window-top -->
            <div class="main-panel-content rounded-window-bottom">
              <div class="method">
                <div class="method-content">
                  <a name="TC001_Selectarea_Limbii_Interfetei(HU, A 2024.11.19-i BNR árfolyam szerint az átváltott összeg EUR-ban: 0,2 EUR)">
                  </a> <!-- TC001_Selectarea_Limbii_Interfetei(HU, A 2024.11.19-i BNR árfolyam szerint az átváltott összeg EUR-ban: 0,2 EUR) -->
                  <span class="method-name">TC001_Selectarea_Limbii_Interfetei</span>
                  <span class="parameters">(HU,A 2024.11.19-i BNR árfolyam szerint az átváltott összeg EUR-ban: 0,2 EUR)</span>
                  <div class="stack-trace">java.lang.AssertionError: Expected to end with: &apos;A 2024.11.19-i BNR árfolyam szerint az átváltott összeg EUR-ban: 0,2 EUR&apos; but got &apos;A kiválasztott átváltás: RON-ról EUR-ra
Az átváltani kívánt összeg: 1 RON
A 2024.11.19-i BNR árfolyam szerint az átváltott összeg: 0,2 EUR&apos; expected [true] but found [false]
	at automation.testng.testcases.BaseTest.checkEndsWith(BaseTest.java:48)
	at automation.testng.testcases.TC001_Selectarea_Limbii_Interfetei.TC001_Selectarea_Limbii_Interfetei(TC001_Selectarea_Limbii_Interfetei.java:20)
	at java.base/java.util.ArrayList.forEach(ArrayList.java:1511)
... Removed 32 stack frames
</div> <!-- stack-trace -->
                </div> <!-- method-content -->
              </div> <!-- method -->
              <div class="method">
                <div class="method-content">
                  <a name="TC001_Selectarea_Limbii_Interfetei(FR, Selon le taux de change de la BNR du 19.11.2024, le montant converti en EUR est: 0,2 EUR)">
                  </a> <!-- TC001_Selectarea_Limbii_Interfetei(FR, Selon le taux de change de la BNR du 19.11.2024, le montant converti en EUR est: 0,2 EUR) -->
                  <span class="method-name">TC001_Selectarea_Limbii_Interfetei</span>
                  <span class="parameters">(FR,Selon le taux de change de la BNR du 19.11.2024, le montant converti en EUR est: 0,2 EUR)</span>
                  <div class="stack-trace">java.lang.AssertionError: Expected to end with: &apos;Selon le taux de change de la BNR du 19.11.2024, le montant converti en EUR est: 0,2 EUR&apos; but got &apos;Vous avez choisi de convertir de RON en EUR
Le montant que vous souhaitez convertir est: 1 RON
Selon le taux de change de la BNR du 19.11.2024, le montant converti en EUR est: 1 EUR EUR&apos; expected [true] but found [false]
	at automation.testng.testcases.BaseTest.checkEndsWith(BaseTest.java:48)
	at automation.testng.testcases.TC001_Selectarea_Limbii_Interfetei.TC001_Selectarea_Limbii_Interfetei(TC001_Selectarea_Limbii_Interfetei.java:20)
	at java.base/java.util.ArrayList.forEach(ArrayList.java:1511)
... Removed 32 stack frames
</div> <!-- stack-trace -->
                </div> <!-- method-content -->
              </div> <!-- method -->
            </div> <!-- main-panel-content rounded-window-bottom -->
          </div> <!-- suite-Compatibilitate_Firefox-class-failed -->
          <div class="suite-Compatibilitate_Firefox-class-passed">
            <div class="main-panel-header rounded-window-top">
              <img src="passed.png"/>
              <span class="class-name">automation.testng.testcases.TC002_Existentei_Optiunilor_Valutare</span>
            </div> <!-- main-panel-header rounded-window-top -->
            <div class="main-panel-content rounded-window-bottom">
              <div class="method">
                <div class="method-content">
                  <a name="TC002_Existentei_Optiunilor_Valutare">
                  </a> <!-- TC002_Existentei_Optiunilor_Valutare -->
                  <span class="method-name">TC002_Existentei_Optiunilor_Valutare</span>
                </div> <!-- method-content -->
              </div> <!-- method -->
            </div> <!-- main-panel-content rounded-window-bottom -->
          </div> <!-- suite-Compatibilitate_Firefox-class-passed -->
          <div class="suite-Compatibilitate_Firefox-class-passed">
            <div class="main-panel-header rounded-window-top">
              <img src="passed.png"/>
              <span class="class-name">automation.testng.testcases.TC006_Conversie_Valori_Negative</span>
            </div> <!-- main-panel-header rounded-window-top -->
            <div class="main-panel-content rounded-window-bottom">
              <div class="method">
                <div class="method-content">
                  <a name="TC006_Conversie_Valori_Negative(RO, GBP, EUR, -50, -60 EUR)">
                  </a> <!-- TC006_Conversie_Valori_Negative(RO, GBP, EUR, -50, -60 EUR) -->
                  <span class="method-name">TC006_Conversie_Valori_Negative</span>
                  <span class="parameters">(RO,GBP,EUR,-50,-60 EUR)</span>
                </div> <!-- method-content -->
              </div> <!-- method -->
              <div class="method">
                <div class="method-content">
                  <a name="TC006_Conversie_Valori_Negative(RO, USD, CAD, -50, -70 CAD)">
                  </a> <!-- TC006_Conversie_Valori_Negative(RO, USD, CAD, -50, -70 CAD) -->
                  <span class="method-name">TC006_Conversie_Valori_Negative</span>
                  <span class="parameters">(RO,USD,CAD,-50,-70 CAD)</span>
                </div> <!-- method-content -->
              </div> <!-- method -->
              <div class="method">
                <div class="method-content">
                  <a name="TC006_Conversie_Valori_Negative(RO, HUF, RON, -50, -0,6 RON)">
                  </a> <!-- TC006_Conversie_Valori_Negative(RO, HUF, RON, -50, -0,6 RON) -->
                  <span class="method-name">TC006_Conversie_Valori_Negative</span>
                  <span class="parameters">(RO,HUF,RON,-50,-0,6 RON)</span>
                </div> <!-- method-content -->
              </div> <!-- method -->
            </div> <!-- main-panel-content rounded-window-bottom -->
          </div> <!-- suite-Compatibilitate_Firefox-class-passed -->
          <div class="suite-Compatibilitate_Firefox-class-passed">
            <div class="main-panel-header rounded-window-top">
              <img src="passed.png"/>
              <span class="class-name">automation.testng.testcases.TC001_Selectarea_Limbii_Interfetei</span>
            </div> <!-- main-panel-header rounded-window-top -->
            <div class="main-panel-content rounded-window-bottom">
              <div class="method">
                <div class="method-content">
                  <a name="TC001_Selectarea_Limbii_Interfetei(RO, Conform cursului BNR din 19.11.2024, suma convertită în EUR este: 0,2 EUR)">
                  </a> <!-- TC001_Selectarea_Limbii_Interfetei(RO, Conform cursului BNR din 19.11.2024, suma convertită în EUR este: 0,2 EUR) -->
                  <span class="method-name">TC001_Selectarea_Limbii_Interfetei</span>
                  <span class="parameters">(RO,Conform cursului BNR din 19.11.2024, suma convertită în EUR este: 0,2 EUR)</span>
                </div> <!-- method-content -->
              </div> <!-- method -->
              <div class="method">
                <div class="method-content">
                  <a name="TC001_Selectarea_Limbii_Interfetei(EN, According to the BNR exchange rate from 19.11.2024, the exchanged amount in EUR is: 0.2 EUR)">
                  </a> <!-- TC001_Selectarea_Limbii_Interfetei(EN, According to the BNR exchange rate from 19.11.2024, the exchanged amount in EUR is: 0.2 EUR) -->
                  <span class="method-name">TC001_Selectarea_Limbii_Interfetei</span>
                  <span class="parameters">(EN,According to the BNR exchange rate from 19.11.2024, the exchanged amount in EUR is: 0.2 EUR)</span>
                </div> <!-- method-content -->
              </div> <!-- method -->
            </div> <!-- main-panel-content rounded-window-bottom -->
          </div> <!-- suite-Compatibilitate_Firefox-class-passed -->
        </div> <!-- panel Compatibilitate_Firefox -->
        <div panel-name="test-xml-Regression_testing___in_Chrome" class="panel">
          <div class="main-panel-header rounded-window-top">
            <span class="header-content">D:\proiect-testare\teste-automate\src\test\java\automation\testng\testsuites\TS-001_Regresie.xml</span>
          </div> <!-- main-panel-header rounded-window-top -->
          <div class="main-panel-content rounded-window-bottom">
            <pre>
&lt;?xml version=&quot;1.0&quot; encoding=&quot;UTF-8&quot;?&gt;
&lt;!DOCTYPE suite SYSTEM &quot;https://testng.org/testng-1.0.dtd&quot;&gt;
&lt;suite name=&quot;Regression testing - in Chrome&quot; guice-stage=&quot;DEVELOPMENT&quot; verbose=&quot;0&quot;&gt;
  &lt;test thread-count=&quot;5&quot; name=&quot;Localizare aplicatie&quot; verbose=&quot;0&quot;&gt;
    &lt;parameter name=&quot;browser&quot; value=&quot;Chrome&quot;/&gt;
    &lt;classes&gt;
      &lt;class name=&quot;automation.testng.testcases.TC001_Selectarea_Limbii_Interfetei&quot;/&gt;
    &lt;/classes&gt;
  &lt;/test&gt; &lt;!-- Localizare aplicatie --&gt;
  &lt;test thread-count=&quot;5&quot; name=&quot;Conversii&quot; verbose=&quot;0&quot;&gt;
    &lt;parameter name=&quot;browser&quot; value=&quot;Chrome&quot;/&gt;
    &lt;classes&gt;
      &lt;class name=&quot;automation.testng.testcases.TC002_Existentei_Optiunilor_Valutare&quot;/&gt;
      &lt;class name=&quot;automation.testng.testcases.TC003_Conversie_Valutara_Corecta&quot;/&gt;
      &lt;class name=&quot;automation.testng.testcases.TC005_Conversie_Neaplicata&quot;/&gt;
      &lt;class name=&quot;automation.testng.testcases.TC006_Conversie_Valori_Negative&quot;/&gt;
    &lt;/classes&gt;
  &lt;/test&gt; &lt;!-- Conversii --&gt;
  &lt;test thread-count=&quot;5&quot; name=&quot;Validari&quot; verbose=&quot;0&quot;&gt;
    &lt;parameter name=&quot;browser&quot; value=&quot;chrome&quot;/&gt;
    &lt;classes&gt;
      &lt;class name=&quot;automation.testng.testcases.TC004_Validare_Date_Introduse&quot;/&gt;
    &lt;/classes&gt;
  &lt;/test&gt; &lt;!-- Validari --&gt;
&lt;/suite&gt; &lt;!-- Regression testing - in Chrome --&gt;
            </pre>
          </div> <!-- main-panel-content rounded-window-bottom -->
        </div> <!-- panel -->
        <div panel-name="test-xml-Test_de_Performanta" class="panel">
          <div class="main-panel-header rounded-window-top">
            <span class="header-content">D:\proiect-testare\teste-automate\src\test\java\automation\testng\testsuites\TS-003_Performanta.xml</span>
          </div> <!-- main-panel-header rounded-window-top -->
          <div class="main-panel-content rounded-window-bottom">
            <pre>
&lt;?xml version=&quot;1.0&quot; encoding=&quot;UTF-8&quot;?&gt;
&lt;!DOCTYPE suite SYSTEM &quot;https://testng.org/testng-1.0.dtd&quot;&gt;
&lt;suite name=&quot;Test de Performanta&quot; guice-stage=&quot;DEVELOPMENT&quot; verbose=&quot;0&quot;&gt;
  &lt;test thread-count=&quot;5&quot; name=&quot;Timp de raspuns&quot; verbose=&quot;0&quot;&gt;
    &lt;parameter name=&quot;browser&quot; value=&quot;Chrome&quot;/&gt;
    &lt;classes&gt;
      &lt;class name=&quot;automation.testng.testcases.TC007_Performanta&quot;/&gt;
    &lt;/classes&gt;
  &lt;/test&gt; &lt;!-- Timp de raspuns --&gt;
&lt;/suite&gt; &lt;!-- Test de Performanta --&gt;
            </pre>
          </div> <!-- main-panel-content rounded-window-bottom -->
        </div> <!-- panel -->
        <div panel-name="test-xml-Compatibilitate_Firefox" class="panel">
          <div class="main-panel-header rounded-window-top">
            <span class="header-content">D:\proiect-testare\teste-automate\src\test\java\automation\testng\testsuites\TS-002_Firefox.xml</span>
          </div> <!-- main-panel-header rounded-window-top -->
          <div class="main-panel-content rounded-window-bottom">
            <pre>
&lt;?xml version=&quot;1.0&quot; encoding=&quot;UTF-8&quot;?&gt;
&lt;!DOCTYPE suite SYSTEM &quot;https://testng.org/testng-1.0.dtd&quot;&gt;
&lt;suite name=&quot;Compatibilitate Firefox&quot; guice-stage=&quot;DEVELOPMENT&quot; verbose=&quot;0&quot;&gt;
  &lt;test thread-count=&quot;5&quot; name=&quot;Localizare aplicatie&quot; verbose=&quot;0&quot;&gt;
    &lt;parameter name=&quot;browser&quot; value=&quot;Firefox&quot;/&gt;
    &lt;classes&gt;
      &lt;class name=&quot;automation.testng.testcases.TC001_Selectarea_Limbii_Interfetei&quot;/&gt;
    &lt;/classes&gt;
  &lt;/test&gt; &lt;!-- Localizare aplicatie --&gt;
  &lt;test thread-count=&quot;5&quot; name=&quot;Conversii&quot; verbose=&quot;0&quot;&gt;
    &lt;parameter name=&quot;browser&quot; value=&quot;Firefox&quot;/&gt;
    &lt;classes&gt;
      &lt;class name=&quot;automation.testng.testcases.TC002_Existentei_Optiunilor_Valutare&quot;/&gt;
      &lt;class name=&quot;automation.testng.testcases.TC006_Conversie_Valori_Negative&quot;/&gt;
    &lt;/classes&gt;
  &lt;/test&gt; &lt;!-- Conversii --&gt;
&lt;/suite&gt; &lt;!-- Compatibilitate Firefox --&gt;
            </pre>
          </div> <!-- main-panel-content rounded-window-bottom -->
        </div> <!-- panel -->
        <div panel-name="testlist-Regression_testing___in_Chrome" class="panel">
          <div class="main-panel-header rounded-window-top">
            <span class="header-content">Tests for Regression testing - in Chrome</span>
          </div> <!-- main-panel-header rounded-window-top -->
          <div class="main-panel-content rounded-window-bottom">
            <ul>
              <li>
                <span class="test-name">Localizare aplicatie (1 class)</span>
              </li>
              <li>
                <span class="test-name">Conversii (4 classes)</span>
              </li>
              <li>
                <span class="test-name">Validari (1 class)</span>
              </li>
            </ul>
          </div> <!-- main-panel-content rounded-window-bottom -->
        </div> <!-- panel -->
        <div panel-name="testlist-Test_de_Performanta" class="panel">
          <div class="main-panel-header rounded-window-top">
            <span class="header-content">Tests for Test de Performanta</span>
          </div> <!-- main-panel-header rounded-window-top -->
          <div class="main-panel-content rounded-window-bottom">
            <ul>
              <li>
                <span class="test-name">Timp de raspuns (1 class)</span>
              </li>
            </ul>
          </div> <!-- main-panel-content rounded-window-bottom -->
        </div> <!-- panel -->
        <div panel-name="testlist-Compatibilitate_Firefox" class="panel">
          <div class="main-panel-header rounded-window-top">
            <span class="header-content">Tests for Compatibilitate Firefox</span>
          </div> <!-- main-panel-header rounded-window-top -->
          <div class="main-panel-content rounded-window-bottom">
            <ul>
              <li>
                <span class="test-name">Localizare aplicatie (1 class)</span>
              </li>
              <li>
                <span class="test-name">Conversii (2 classes)</span>
              </li>
            </ul>
          </div> <!-- main-panel-content rounded-window-bottom -->
        </div> <!-- panel -->
        <div panel-name="group-Regression_testing___in_Chrome" class="panel">
          <div class="main-panel-header rounded-window-top">
            <span class="header-content">Groups for Regression testing - in Chrome</span>
          </div> <!-- main-panel-header rounded-window-top -->
          <div class="main-panel-content rounded-window-bottom">
          </div> <!-- main-panel-content rounded-window-bottom -->
        </div> <!-- panel -->
        <div panel-name="group-Test_de_Performanta" class="panel">
          <div class="main-panel-header rounded-window-top">
            <span class="header-content">Groups for Test de Performanta</span>
          </div> <!-- main-panel-header rounded-window-top -->
          <div class="main-panel-content rounded-window-bottom">
          </div> <!-- main-panel-content rounded-window-bottom -->
        </div> <!-- panel -->
        <div panel-name="group-Compatibilitate_Firefox" class="panel">
          <div class="main-panel-header rounded-window-top">
            <span class="header-content">Groups for Compatibilitate Firefox</span>
          </div> <!-- main-panel-header rounded-window-top -->
          <div class="main-panel-content rounded-window-bottom">
          </div> <!-- main-panel-content rounded-window-bottom -->
        </div> <!-- panel -->
        <div panel-name="times-Regression_testing___in_Chrome" class="panel">
          <div class="main-panel-header rounded-window-top">
            <span class="header-content">Times for Regression testing - in Chrome</span>
          </div> <!-- main-panel-header rounded-window-top -->
          <div class="main-panel-content rounded-window-bottom">
            <div class="times-div">
              <script type="text/javascript">
suiteTableInitFunctions.push('tableData_Regression_testing___in_Chrome');
function tableData_Regression_testing___in_Chrome() {
var data = new google.visualization.DataTable();
data.addColumn('number', 'Number');
data.addColumn('string', 'Method');
data.addColumn('string', 'Class');
data.addColumn('number', 'Time (ms)');
data.addRows(21);
data.setCell(0, 0, 0)
data.setCell(0, 1, 'TC004_Validare_Date_Introduse')
data.setCell(0, 2, 'automation.testng.testcases.TC004_Validare_Date_Introduse')
data.setCell(0, 3, 15583);
data.setCell(1, 0, 1)
data.setCell(1, 1, 'TC004_Validare_Date_Introduse')
data.setCell(1, 2, 'automation.testng.testcases.TC004_Validare_Date_Introduse')
data.setCell(1, 3, 15573);
data.setCell(2, 0, 2)
data.setCell(2, 1, 'TC004_Validare_Date_Introduse')
data.setCell(2, 2, 'automation.testng.testcases.TC004_Validare_Date_Introduse')
data.setCell(2, 3, 15556);
data.setCell(3, 0, 3)
data.setCell(3, 1, 'TC004_Validare_Date_Introduse')
data.setCell(3, 2, 'automation.testng.testcases.TC004_Validare_Date_Introduse')
data.setCell(3, 3, 15550);
data.setCell(4, 0, 4)
data.setCell(4, 1, 'TC001_Selectarea_Limbii_Interfetei')
data.setCell(4, 2, 'automation.testng.testcases.TC001_Selectarea_Limbii_Interfetei')
data.setCell(4, 3, 853);
data.setCell(5, 0, 5)
data.setCell(5, 1, 'TC001_Selectarea_Limbii_Interfetei')
data.setCell(5, 2, 'automation.testng.testcases.TC001_Selectarea_Limbii_Interfetei')
data.setCell(5, 3, 740);
data.setCell(6, 0, 6)
data.setCell(6, 1, 'TC001_Selectarea_Limbii_Interfetei')
data.setCell(6, 2, 'automation.testng.testcases.TC001_Selectarea_Limbii_Interfetei')
data.setCell(6, 3, 657);
data.setCell(7, 0, 7)
data.setCell(7, 1, 'TC004_Validare_Date_Introduse')
data.setCell(7, 2, 'automation.testng.testcases.TC004_Validare_Date_Introduse')
data.setCell(7, 3, 632);
data.setCell(8, 0, 8)
data.setCell(8, 1, 'TC004_Validare_Date_Introduse')
data.setCell(8, 2, 'automation.testng.testcases.TC004_Validare_Date_Introduse')
data.setCell(8, 3, 601);
data.setCell(9, 0, 9)
data.setCell(9, 1, 'TC004_Validare_Date_Introduse')
data.setCell(9, 2, 'automation.testng.testcases.TC004_Validare_Date_Introduse')
data.setCell(9, 3, 584);
data.setCell(10, 0, 10)
data.setCell(10, 1, 'TC003_Conversie_Valutara_Corecta')
data.setCell(10, 2, 'automation.testng.testcases.TC003_Conversie_Valutara_Corecta')
data.setCell(10, 3, 582);
data.setCell(11, 0, 11)
data.setCell(11, 1, 'TC004_Validare_Date_Introduse')
data.setCell(11, 2, 'automation.testng.testcases.TC004_Validare_Date_Introduse')
data.setCell(11, 3, 565);
data.setCell(12, 0, 12)
data.setCell(12, 1, 'TC006_Conversie_Valori_Negative')
data.setCell(12, 2, 'automation.testng.testcases.TC006_Conversie_Valori_Negative')
data.setCell(12, 3, 540);
data.setCell(13, 0, 13)
data.setCell(13, 1, 'TC001_Selectarea_Limbii_Interfetei')
data.setCell(13, 2, 'automation.testng.testcases.TC001_Selectarea_Limbii_Interfetei')
data.setCell(13, 3, 520);
data.setCell(14, 0, 14)
data.setCell(14, 1, 'TC003_Conversie_Valutara_Corecta')
data.setCell(14, 2, 'automation.testng.testcases.TC003_Conversie_Valutara_Corecta')
data.setCell(14, 3, 520);
data.setCell(15, 0, 15)
data.setCell(15, 1, 'TC006_Conversie_Valori_Negative')
data.setCell(15, 2, 'automation.testng.testcases.TC006_Conversie_Valori_Negative')
data.setCell(15, 3, 504);
data.setCell(16, 0, 16)
data.setCell(16, 1, 'TC003_Conversie_Valutara_Corecta')
data.setCell(16, 2, 'automation.testng.testcases.TC003_Conversie_Valutara_Corecta')
data.setCell(16, 3, 494);
data.setCell(17, 0, 17)
data.setCell(17, 1, 'TC004_Validare_Date_Introduse')
data.setCell(17, 2, 'automation.testng.testcases.TC004_Validare_Date_Introduse')
data.setCell(17, 3, 494);
data.setCell(18, 0, 18)
data.setCell(18, 1, 'TC006_Conversie_Valori_Negative')
data.setCell(18, 2, 'automation.testng.testcases.TC006_Conversie_Valori_Negative')
data.setCell(18, 3, 484);
data.setCell(19, 0, 19)
data.setCell(19, 1, 'TC002_Existentei_Optiunilor_Valutare')
data.setCell(19, 2, 'automation.testng.testcases.TC002_Existentei_Optiunilor_Valutare')
data.setCell(19, 3, 268);
data.setCell(20, 0, 20)
data.setCell(20, 1, 'TC005_Conversie_Neaplicata')
data.setCell(20, 2, 'automation.testng.testcases.TC005_Conversie_Neaplicata')
data.setCell(20, 3, 1);
window.suiteTableData['Regression_testing___in_Chrome']= { tableData: data, tableDiv: 'times-div-Regression_testing___in_Chrome'}
return data;
}
              </script>
              <span class="suite-total-time">Total running time: 1 minutes</span>
              <div id="times-div-Regression_testing___in_Chrome">
              </div> <!-- times-div-Regression_testing___in_Chrome -->
            </div> <!-- times-div -->
          </div> <!-- main-panel-content rounded-window-bottom -->
        </div> <!-- panel -->
        <div panel-name="times-Test_de_Performanta" class="panel">
          <div class="main-panel-header rounded-window-top">
            <span class="header-content">Times for Test de Performanta</span>
          </div> <!-- main-panel-header rounded-window-top -->
          <div class="main-panel-content rounded-window-bottom">
            <div class="times-div">
              <script type="text/javascript">
suiteTableInitFunctions.push('tableData_Test_de_Performanta');
function tableData_Test_de_Performanta() {
var data = new google.visualization.DataTable();
data.addColumn('number', 'Number');
data.addColumn('string', 'Method');
data.addColumn('string', 'Class');
data.addColumn('number', 'Time (ms)');
data.addRows(1);
data.setCell(0, 0, 0)
data.setCell(0, 1, 'TC007_Performanta')
data.setCell(0, 2, 'automation.testng.testcases.TC007_Performanta')
data.setCell(0, 3, 451);
window.suiteTableData['Test_de_Performanta']= { tableData: data, tableDiv: 'times-div-Test_de_Performanta'}
return data;
}
              </script>
              <span class="suite-total-time">Total running time: 451 ms</span>
              <div id="times-div-Test_de_Performanta">
              </div> <!-- times-div-Test_de_Performanta -->
            </div> <!-- times-div -->
          </div> <!-- main-panel-content rounded-window-bottom -->
        </div> <!-- panel -->
        <div panel-name="times-Compatibilitate_Firefox" class="panel">
          <div class="main-panel-header rounded-window-top">
            <span class="header-content">Times for Compatibilitate Firefox</span>
          </div> <!-- main-panel-header rounded-window-top -->
          <div class="main-panel-content rounded-window-bottom">
            <div class="times-div">
              <script type="text/javascript">
suiteTableInitFunctions.push('tableData_Compatibilitate_Firefox');
function tableData_Compatibilitate_Firefox() {
var data = new google.visualization.DataTable();
data.addColumn('number', 'Number');
data.addColumn('string', 'Method');
data.addColumn('string', 'Class');
data.addColumn('number', 'Time (ms)');
data.addRows(8);
data.setCell(0, 0, 0)
data.setCell(0, 1, 'TC006_Conversie_Valori_Negative')
data.setCell(0, 2, 'automation.testng.testcases.TC006_Conversie_Valori_Negative')
data.setCell(0, 3, 831);
data.setCell(1, 0, 1)
data.setCell(1, 1, 'TC001_Selectarea_Limbii_Interfetei')
data.setCell(1, 2, 'automation.testng.testcases.TC001_Selectarea_Limbii_Interfetei')
data.setCell(1, 3, 745);
data.setCell(2, 0, 2)
data.setCell(2, 1, 'TC006_Conversie_Valori_Negative')
data.setCell(2, 2, 'automation.testng.testcases.TC006_Conversie_Valori_Negative')
data.setCell(2, 3, 684);
data.setCell(3, 0, 3)
data.setCell(3, 1, 'TC001_Selectarea_Limbii_Interfetei')
data.setCell(3, 2, 'automation.testng.testcases.TC001_Selectarea_Limbii_Interfetei')
data.setCell(3, 3, 661);
data.setCell(4, 0, 4)
data.setCell(4, 1, 'TC001_Selectarea_Limbii_Interfetei')
data.setCell(4, 2, 'automation.testng.testcases.TC001_Selectarea_Limbii_Interfetei')
data.setCell(4, 3, 646);
data.setCell(5, 0, 5)
data.setCell(5, 1, 'TC001_Selectarea_Limbii_Interfetei')
data.setCell(5, 2, 'automation.testng.testcases.TC001_Selectarea_Limbii_Interfetei')
data.setCell(5, 3, 589);
data.setCell(6, 0, 6)
data.setCell(6, 1, 'TC006_Conversie_Valori_Negative')
data.setCell(6, 2, 'automation.testng.testcases.TC006_Conversie_Valori_Negative')
data.setCell(6, 3, 556);
data.setCell(7, 0, 7)
data.setCell(7, 1, 'TC002_Existentei_Optiunilor_Valutare')
data.setCell(7, 2, 'automation.testng.testcases.TC002_Existentei_Optiunilor_Valutare')
data.setCell(7, 3, 330);
window.suiteTableData['Compatibilitate_Firefox']= { tableData: data, tableDiv: 'times-div-Compatibilitate_Firefox'}
return data;
}
              </script>
              <span class="suite-total-time">Total running time: 5 seconds</span>
              <div id="times-div-Compatibilitate_Firefox">
              </div> <!-- times-div-Compatibilitate_Firefox -->
            </div> <!-- times-div -->
          </div> <!-- main-panel-content rounded-window-bottom -->
        </div> <!-- panel -->
        <div panel-name="reporter-Regression_testing___in_Chrome" class="panel">
          <div class="main-panel-header rounded-window-top">
            <span class="header-content">Reporter output for Regression testing - in Chrome</span>
          </div> <!-- main-panel-header rounded-window-top -->
          <div class="main-panel-content rounded-window-bottom">
          </div> <!-- main-panel-content rounded-window-bottom -->
        </div> <!-- panel -->
        <div panel-name="reporter-Test_de_Performanta" class="panel">
          <div class="main-panel-header rounded-window-top">
            <span class="header-content">Reporter output for Test de Performanta</span>
          </div> <!-- main-panel-header rounded-window-top -->
          <div class="main-panel-content rounded-window-bottom">
          </div> <!-- main-panel-content rounded-window-bottom -->
        </div> <!-- panel -->
        <div panel-name="reporter-Compatibilitate_Firefox" class="panel">
          <div class="main-panel-header rounded-window-top">
            <span class="header-content">Reporter output for Compatibilitate Firefox</span>
          </div> <!-- main-panel-header rounded-window-top -->
          <div class="main-panel-content rounded-window-bottom">
          </div> <!-- main-panel-content rounded-window-bottom -->
        </div> <!-- panel -->
        <div panel-name="ignored-methods-Regression_testing___in_Chrome" class="panel">
          <div class="main-panel-header rounded-window-top">
            <span class="header-content">0 ignored methods</span>
          </div> <!-- main-panel-header rounded-window-top -->
          <div class="main-panel-content rounded-window-bottom">
          </div> <!-- main-panel-content rounded-window-bottom -->
        </div> <!-- panel -->
        <div panel-name="ignored-methods-Test_de_Performanta" class="panel">
          <div class="main-panel-header rounded-window-top">
            <span class="header-content">0 ignored methods</span>
          </div> <!-- main-panel-header rounded-window-top -->
          <div class="main-panel-content rounded-window-bottom">
          </div> <!-- main-panel-content rounded-window-bottom -->
        </div> <!-- panel -->
        <div panel-name="ignored-methods-Compatibilitate_Firefox" class="panel">
          <div class="main-panel-header rounded-window-top">
            <span class="header-content">0 ignored methods</span>
          </div> <!-- main-panel-header rounded-window-top -->
          <div class="main-panel-content rounded-window-bottom">
          </div> <!-- main-panel-content rounded-window-bottom -->
        </div> <!-- panel -->
        <div panel-name="chronological-Regression_testing___in_Chrome" class="panel">
          <div class="main-panel-header rounded-window-top">
            <span class="header-content">Methods in chronological order</span>
          </div> <!-- main-panel-header rounded-window-top -->
          <div class="main-panel-content rounded-window-bottom">
            <div class="chronological-class">
              <div class="chronological-class-name">automation.testng.testcases.TC001_Selectarea_Limbii_Interfetei</div> <!-- chronological-class-name -->
              <div class="configuration-method before">
                <span class="method-name">setup(Chrome)</span>
                <span class="method-start">0 ms</span>
              </div> <!-- configuration-method before -->
              <div class="test-method">
                <span class="method-name">TC001_Selectarea_Limbii_Interfetei(RO, Conform cursului BNR din 19.11.2024, suma convertită în EUR este: 0,2 EUR)</span>
                <span class="method-start">2579 ms</span>
              </div> <!-- test-method -->
              <div class="configuration-method after">
                <span class="method-name">tearDown</span>
                <span class="method-start">3101 ms</span>
              </div> <!-- configuration-method after -->
              <div class="configuration-method before">
                <span class="method-name">setup(Chrome)</span>
                <span class="method-start">3263 ms</span>
              </div> <!-- configuration-method before -->
              <div class="test-method">
                <img src="failed.png">
                </img>
                <span class="method-name">TC001_Selectarea_Limbii_Interfetei(FR, Selon le taux de change de la BNR du 19.11.2024, le montant converti en EUR est: 0,2 EUR)</span>
                <span class="method-start">4353 ms</span>
              </div> <!-- test-method -->
              <div class="configuration-method after">
                <span class="method-name">tearDown</span>
                <span class="method-start">5013 ms</span>
              </div> <!-- configuration-method after -->
              <div class="configuration-method before">
                <span class="method-name">setup(Chrome)</span>
                <span class="method-start">5193 ms</span>
              </div> <!-- configuration-method before -->
              <div class="test-method">
                <img src="failed.png">
                </img>
                <span class="method-name">TC001_Selectarea_Limbii_Interfetei(HU, A 2024.11.19-i BNR árfolyam szerint az átváltott összeg EUR-ban: 0,2 EUR)</span>
                <span class="method-start">6390 ms</span>
              </div> <!-- test-method -->
              <div class="configuration-method after">
                <span class="method-name">tearDown</span>
                <span class="method-start">7131 ms</span>
              </div> <!-- configuration-method after -->
              <div class="configuration-method before">
                <span class="method-name">setup(Chrome)</span>
                <span class="method-start">7323 ms</span>
              </div> <!-- configuration-method before -->
              <div class="test-method">
                <span class="method-name">TC001_Selectarea_Limbii_Interfetei(EN, According to the BNR exchange rate from 19.11.2024, the exchanged amount in EUR is: 0.2 EUR)</span>
                <span class="method-start">8335 ms</span>
              </div> <!-- test-method -->
              <div class="configuration-method after">
                <span class="method-name">tearDown</span>
                <span class="method-start">9188 ms</span>
              </div> <!-- configuration-method after -->
            </div> <!-- chronological-class -->
            <div class="chronological-class">
              <div class="chronological-class-name">automation.testng.testcases.TC002_Existentei_Optiunilor_Valutare</div> <!-- chronological-class-name -->
              <div class="configuration-method before">
                <span class="method-name">setup(Chrome)</span>
                <span class="method-start">9435 ms</span>
              </div> <!-- configuration-method before -->
              <div class="test-method">
                <span class="method-name">TC002_Existentei_Optiunilor_Valutare</span>
                <span class="method-start">10500 ms</span>
              </div> <!-- test-method -->
              <div class="configuration-method after">
                <span class="method-name">tearDown</span>
                <span class="method-start">10768 ms</span>
              </div> <!-- configuration-method after -->
            </div> <!-- chronological-class -->
            <div class="chronological-class">
              <div class="chronological-class-name">automation.testng.testcases.TC003_Conversie_Valutara_Corecta</div> <!-- chronological-class-name -->
              <div class="configuration-method before">
                <span class="method-name">setup(Chrome)</span>
                <span class="method-start">10915 ms</span>
              </div> <!-- configuration-method before -->
              <div class="test-method">
                <img src="failed.png">
                </img>
                <span class="method-name">TC003_Conversie_Valutara_Corecta(RO, CAD, USD, 100, 140 USD)</span>
                <span class="method-start">11986 ms</span>
              </div> <!-- test-method -->
              <div class="configuration-method after">
                <span class="method-name">tearDown</span>
                <span class="method-start">12507 ms</span>
              </div> <!-- configuration-method after -->
              <div class="configuration-method before">
                <span class="method-name">setup(Chrome)</span>
                <span class="method-start">12650 ms</span>
              </div> <!-- configuration-method before -->
              <div class="test-method">
                <img src="failed.png">
                </img>
                <span class="method-name">TC003_Conversie_Valutara_Corecta(RO, EUR, GBP, 100, 84 GBP)</span>
                <span class="method-start">13742 ms</span>
              </div> <!-- test-method -->
              <div class="configuration-method after">
                <span class="method-name">tearDown</span>
                <span class="method-start">14326 ms</span>
              </div> <!-- configuration-method after -->
              <div class="configuration-method before">
                <span class="method-name">setup(Chrome)</span>
                <span class="method-start">14503 ms</span>
              </div> <!-- configuration-method before -->
              <div class="test-method">
                <img src="failed.png">
                </img>
                <span class="method-name">TC003_Conversie_Valutara_Corecta(RO, RON, HUF, 100, 8175 HUF)</span>
                <span class="method-start">15627 ms</span>
              </div> <!-- test-method -->
              <div class="configuration-method after">
                <span class="method-name">tearDown</span>
                <span class="method-start">16121 ms</span>
              </div> <!-- configuration-method after -->
            </div> <!-- chronological-class -->
            <div class="chronological-class">
              <div class="chronological-class-name">automation.testng.testcases.TC006_Conversie_Valori_Negative</div> <!-- chronological-class-name -->
              <div class="configuration-method before">
                <span class="method-name">setup(Chrome)</span>
                <span class="method-start">16310 ms</span>
              </div> <!-- configuration-method before -->
              <div class="test-method">
                <span class="method-name">TC006_Conversie_Valori_Negative(RO, USD, CAD, -50, -70 CAD)</span>
                <span class="method-start">17385 ms</span>
              </div> <!-- test-method -->
              <div class="configuration-method after">
                <span class="method-name">tearDown</span>
                <span class="method-start">17925 ms</span>
              </div> <!-- configuration-method after -->
              <div class="configuration-method before">
                <span class="method-name">setup(Chrome)</span>
                <span class="method-start">18101 ms</span>
              </div> <!-- configuration-method before -->
              <div class="test-method">
                <span class="method-name">TC006_Conversie_Valori_Negative(RO, GBP, EUR, -50, -60 EUR)</span>
                <span class="method-start">19154 ms</span>
              </div> <!-- test-method -->
              <div class="configuration-method after">
                <span class="method-name">tearDown</span>
                <span class="method-start">19658 ms</span>
              </div> <!-- configuration-method after -->
              <div class="configuration-method before">
                <span class="method-name">setup(Chrome)</span>
                <span class="method-start">19836 ms</span>
              </div> <!-- configuration-method before -->
              <div class="test-method">
                <span class="method-name">TC006_Conversie_Valori_Negative(RO, HUF, RON, -50, -0,6 RON)</span>
                <span class="method-start">20874 ms</span>
              </div> <!-- test-method -->
              <div class="configuration-method after">
                <span class="method-name">tearDown</span>
                <span class="method-start">21358 ms</span>
              </div> <!-- configuration-method after -->
            </div> <!-- chronological-class -->
            <div class="chronological-class">
              <div class="chronological-class-name">automation.testng.testcases.TC004_Validare_Date_Introduse</div> <!-- chronological-class-name -->
              <div class="configuration-method before">
                <span class="method-name">setup(chrome)</span>
                <span class="method-start">21544 ms</span>
              </div> <!-- configuration-method before -->
              <div class="test-method">
                <span class="method-name">TC004_Validare_Date_Introduse(EN, CAD, USD, , You must enter a number.)</span>
                <span class="method-start">22619 ms</span>
              </div> <!-- test-method -->
              <div class="configuration-method after">
                <span class="method-name">tearDown</span>
                <span class="method-start">23203 ms</span>
              </div> <!-- configuration-method after -->
              <div class="configuration-method before">
                <span class="method-name">setup(chrome)</span>
                <span class="method-start">23391 ms</span>
              </div> <!-- configuration-method before -->
              <div class="test-method">
                <span class="method-name">TC004_Validare_Date_Introduse(RO, CAD, USD, abc, Trebuie introdus un număr.)</span>
                <span class="method-start">24523 ms</span>
              </div> <!-- test-method -->
              <div class="configuration-method after">
                <span class="method-name">tearDown</span>
                <span class="method-start">25017 ms</span>
              </div> <!-- configuration-method after -->
              <div class="configuration-method before">
                <span class="method-name">setup(chrome)</span>
                <span class="method-start">25197 ms</span>
              </div> <!-- configuration-method before -->
              <div class="test-method">
                <span class="method-name">TC004_Validare_Date_Introduse(FR, CAD, USD, @123, Vous devez entrer un nombre.)</span>
                <span class="method-start">26246 ms</span>
              </div> <!-- test-method -->
              <div class="configuration-method after">
                <span class="method-name">tearDown</span>
                <span class="method-start">26812 ms</span>
              </div> <!-- configuration-method after -->
              <div class="configuration-method before">
                <span class="method-name">setup(chrome)</span>
                <span class="method-start">26987 ms</span>
              </div> <!-- configuration-method before -->
              <div class="test-method">
                <span class="method-name">TC004_Validare_Date_Introduse(HU, CAD, USD, 10..0, Meg kell adnia egy számot.)</span>
                <span class="method-start">28040 ms</span>
              </div> <!-- test-method -->
              <div class="configuration-method after">
                <span class="method-name">tearDown</span>
                <span class="method-start">28673 ms</span>
              </div> <!-- configuration-method after -->
              <div class="configuration-method before">
                <span class="method-name">setup(chrome)</span>
                <span class="method-start">28854 ms</span>
              </div> <!-- configuration-method before -->
              <div class="test-method">
                <img src="failed.png">
                </img>
                <span class="method-name">TC004_Validare_Date_Introduse(EN, CAD, USD, +10, You must enter a number.)</span>
                <span class="method-start">29904 ms</span>
              </div> <!-- test-method -->
              <div class="configuration-method after">
                <span class="method-name">tearDown</span>
                <span class="method-start">45455 ms</span>
              </div> <!-- configuration-method after -->
              <div class="configuration-method before">
                <span class="method-name">setup(chrome)</span>
                <span class="method-start">45632 ms</span>
              </div> <!-- configuration-method before -->
              <div class="test-method">
                <span class="method-name">TC004_Validare_Date_Introduse(EN, CAD, USD, 10,50, You must enter a number.)</span>
                <span class="method-start">46647 ms</span>
              </div> <!-- test-method -->
              <div class="configuration-method after">
                <span class="method-name">tearDown</span>
                <span class="method-start">47248 ms</span>
              </div> <!-- configuration-method after -->
              <div class="configuration-method before">
                <span class="method-name">setup(chrome)</span>
                <span class="method-start">47434 ms</span>
              </div> <!-- configuration-method before -->
              <div class="test-method">
                <img src="failed.png">
                </img>
                <span class="method-name">TC004_Validare_Date_Introduse(RO, CAD, USD, 10.50, Trebuie introdus un număr.)</span>
                <span class="method-start">48451 ms</span>
              </div> <!-- test-method -->
              <div class="configuration-method after">
                <span class="method-name">tearDown</span>
                <span class="method-start">64008 ms</span>
              </div> <!-- configuration-method after -->
              <div class="configuration-method before">
                <span class="method-name">setup(chrome)</span>
                <span class="method-start">64216 ms</span>
              </div> <!-- configuration-method before -->
              <div class="test-method">
                <img src="failed.png">
                </img>
                <span class="method-name">TC004_Validare_Date_Introduse(FR, CAD, USD, 10.50, Vous devez entrer un nombre.)</span>
                <span class="method-start">65219 ms</span>
              </div> <!-- test-method -->
              <div class="configuration-method after">
                <span class="method-name">tearDown</span>
                <span class="method-start">80793 ms</span>
              </div> <!-- configuration-method after -->
              <div class="configuration-method before">
                <span class="method-name">setup(chrome)</span>
                <span class="method-start">80974 ms</span>
              </div> <!-- configuration-method before -->
              <div class="test-method">
                <img src="failed.png">
                </img>
                <span class="method-name">TC004_Validare_Date_Introduse(HU, CAD, USD, 10.50, Meg kell adnia egy számot.)</span>
                <span class="method-start">82031 ms</span>
              </div> <!-- test-method -->
              <div class="configuration-method after">
                <span class="method-name">tearDown</span>
                <span class="method-start">97615 ms</span>
              </div> <!-- configuration-method after -->
          </div> <!-- main-panel-content rounded-window-bottom -->
        </div> <!-- panel -->
        <div panel-name="chronological-Test_de_Performanta" class="panel">
          <div class="main-panel-header rounded-window-top">
            <span class="header-content">Methods in chronological order</span>
          </div> <!-- main-panel-header rounded-window-top -->
          <div class="main-panel-content rounded-window-bottom">
            <div class="chronological-class">
              <div class="chronological-class-name">automation.testng.testcases.TC007_Performanta</div> <!-- chronological-class-name -->
              <div class="configuration-method before">
                <span class="method-name">setup(Chrome)</span>
                <span class="method-start">0 ms</span>
              </div> <!-- configuration-method before -->
              <div class="test-method">
                <span class="method-name">TC007_Performanta</span>
                <span class="method-start">1006 ms</span>
              </div> <!-- test-method -->
              <div class="configuration-method after">
                <span class="method-name">tearDown</span>
                <span class="method-start">1458 ms</span>
              </div> <!-- configuration-method after -->
          </div> <!-- main-panel-content rounded-window-bottom -->
        </div> <!-- panel -->
        <div panel-name="chronological-Compatibilitate_Firefox" class="panel">
          <div class="main-panel-header rounded-window-top">
            <span class="header-content">Methods in chronological order</span>
          </div> <!-- main-panel-header rounded-window-top -->
          <div class="main-panel-content rounded-window-bottom">
            <div class="chronological-class">
              <div class="chronological-class-name">automation.testng.testcases.TC001_Selectarea_Limbii_Interfetei</div> <!-- chronological-class-name -->
              <div class="configuration-method before">
                <span class="method-name">setup(Firefox)</span>
                <span class="method-start">0 ms</span>
              </div> <!-- configuration-method before -->
              <div class="test-method">
                <span class="method-name">TC001_Selectarea_Limbii_Interfetei(RO, Conform cursului BNR din 19.11.2024, suma convertită în EUR este: 0,2 EUR)</span>
                <span class="method-start">3906 ms</span>
              </div> <!-- test-method -->
              <div class="configuration-method after">
                <span class="method-name">tearDown</span>
                <span class="method-start">4495 ms</span>
              </div> <!-- configuration-method after -->
              <div class="configuration-method before">
                <span class="method-name">setup(Firefox)</span>
                <span class="method-start">5407 ms</span>
              </div> <!-- configuration-method before -->
              <div class="test-method">
                <img src="failed.png">
                </img>
                <span class="method-name">TC001_Selectarea_Limbii_Interfetei(FR, Selon le taux de change de la BNR du 19.11.2024, le montant converti en EUR est: 0,2 EUR)</span>
                <span class="method-start">8850 ms</span>
              </div> <!-- test-method -->
              <div class="configuration-method after">
                <span class="method-name">tearDown</span>
                <span class="method-start">9497 ms</span>
              </div> <!-- configuration-method after -->
              <div class="configuration-method before">
                <span class="method-name">setup(Firefox)</span>
                <span class="method-start">10386 ms</span>
              </div> <!-- configuration-method before -->
              <div class="test-method">
                <img src="failed.png">
                </img>
                <span class="method-name">TC001_Selectarea_Limbii_Interfetei(HU, A 2024.11.19-i BNR árfolyam szerint az átváltott összeg EUR-ban: 0,2 EUR)</span>
                <span class="method-start">13633 ms</span>
              </div> <!-- test-method -->
              <div class="configuration-method after">
                <span class="method-name">tearDown</span>
                <span class="method-start">14379 ms</span>
              </div> <!-- configuration-method after -->
              <div class="configuration-method before">
                <span class="method-name">setup(Firefox)</span>
                <span class="method-start">15244 ms</span>
              </div> <!-- configuration-method before -->
              <div class="test-method">
                <span class="method-name">TC001_Selectarea_Limbii_Interfetei(EN, According to the BNR exchange rate from 19.11.2024, the exchanged amount in EUR is: 0.2 EUR)</span>
                <span class="method-start">18649 ms</span>
              </div> <!-- test-method -->
              <div class="configuration-method after">
                <span class="method-name">tearDown</span>
                <span class="method-start">19310 ms</span>
              </div> <!-- configuration-method after -->
            </div> <!-- chronological-class -->
            <div class="chronological-class">
              <div class="chronological-class-name">automation.testng.testcases.TC002_Existentei_Optiunilor_Valutare</div> <!-- chronological-class-name -->
              <div class="configuration-method before">
                <span class="method-name">setup(Firefox)</span>
                <span class="method-start">20254 ms</span>
              </div> <!-- configuration-method before -->
              <div class="test-method">
                <span class="method-name">TC002_Existentei_Optiunilor_Valutare</span>
                <span class="method-start">23641 ms</span>
              </div> <!-- test-method -->
              <div class="configuration-method after">
                <span class="method-name">tearDown</span>
                <span class="method-start">23972 ms</span>
              </div> <!-- configuration-method after -->
            </div> <!-- chronological-class -->
            <div class="chronological-class">
              <div class="chronological-class-name">automation.testng.testcases.TC006_Conversie_Valori_Negative</div> <!-- chronological-class-name -->
              <div class="configuration-method before">
                <span class="method-name">setup(Firefox)</span>
                <span class="method-start">24912 ms</span>
              </div> <!-- configuration-method before -->
              <div class="test-method">
                <span class="method-name">TC006_Conversie_Valori_Negative(RO, USD, CAD, -50, -70 CAD)</span>
                <span class="method-start">28168 ms</span>
              </div> <!-- test-method -->
              <div class="configuration-method after">
                <span class="method-name">tearDown</span>
                <span class="method-start">28999 ms</span>
              </div> <!-- configuration-method after -->
              <div class="configuration-method before">
                <span class="method-name">setup(Firefox)</span>
                <span class="method-start">29869 ms</span>
              </div> <!-- configuration-method before -->
              <div class="test-method">
                <span class="method-name">TC006_Conversie_Valori_Negative(RO, GBP, EUR, -50, -60 EUR)</span>
                <span class="method-start">33293 ms</span>
              </div> <!-- test-method -->
              <div class="configuration-method after">
                <span class="method-name">tearDown</span>
                <span class="method-start">33977 ms</span>
              </div> <!-- configuration-method after -->
              <div class="configuration-method before">
                <span class="method-name">setup(Firefox)</span>
                <span class="method-start">34849 ms</span>
              </div> <!-- configuration-method before -->
              <div class="test-method">
                <span class="method-name">TC006_Conversie_Valori_Negative(RO, HUF, RON, -50, -0,6 RON)</span>
                <span class="method-start">38108 ms</span>
              </div> <!-- test-method -->
              <div class="configuration-method after">
                <span class="method-name">tearDown</span>
                <span class="method-start">38665 ms</span>
              </div> <!-- configuration-method after -->
          </div> <!-- main-panel-content rounded-window-bottom -->
        </div> <!-- panel -->
      </div> <!-- main-panel-root -->
    </div> <!-- wrapper -->
  </body>
<script type="text/javascript" src="testng-reports2.js"></script>
</html>
