<?xml version="1.0" encoding="UTF-8"?>
<testng-results ignored="0" total="30" passed="18" failed="12" skipped="0">
  <reporter-output>
  </reporter-output>
  <suite started-at="2025-01-12T09:58:47 EET" name="Regression testing - in Chrome" finished-at="2025-01-12T10:00:25 EET" duration-ms="97826">
    <groups>
    </groups>
    <test started-at="2025-01-12T09:58:47 EET" name="Localizare aplicatie" finished-at="2025-01-12T09:58:57 EET" duration-ms="9412">
      <class name="automation.testng.testcases.TC001_Selectarea_Limbii_Interfetei">
        <test-method is-config="true" signature="setup(java.lang.String)[pri:0, instance:automation.testng.testcases.TC001_Selectarea_Limbii_Interfetei@1afd44cb]" started-at="2025-01-12T09:58:47 EET" name="setup" finished-at="2025-01-12T09:58:50 EET" duration-ms="2578" status="PASS">
          <params>
            <param index="0">
              <value>
                <![CDATA[Chrome]]>
              </value>
            </param>
          </params>
          <reporter-output>
          </reporter-output>
        </test-method> <!-- setup -->
        <test-method signature="TC001_Selectarea_Limbii_Interfetei(automation.enums.Language,java.lang.String)[pri:0, instance:automation.testng.testcases.TC001_Selectarea_Limbii_Interfetei@1afd44cb]" started-at="2025-01-12T09:58:50 EET" name="TC001_Selectarea_Limbii_Interfetei" data-provider="languageEnumProvider" finished-at="2025-01-12T09:58:51 EET" duration-ms="520" status="PASS">
          <params>
            <param index="0">
              <value>
                <![CDATA[RO]]>
              </value>
            </param>
            <param index="1">
              <value>
                <![CDATA[Conform cursului BNR din 19.11.2024, suma convertită în EUR este: 0,2 EUR]]>
              </value>
            </param>
          </params>
          <reporter-output>
          </reporter-output>
        </test-method> <!-- TC001_Selectarea_Limbii_Interfetei -->
        <test-method is-config="true" signature="tearDown()[pri:0, instance:automation.testng.testcases.TC001_Selectarea_Limbii_Interfetei@1afd44cb]" started-at="2025-01-12T09:58:51 EET" name="tearDown" finished-at="2025-01-12T09:58:51 EET" duration-ms="161" status="PASS">
          <reporter-output>
          </reporter-output>
        </test-method> <!-- tearDown -->
        <test-method is-config="true" signature="setup(java.lang.String)[pri:0, instance:automation.testng.testcases.TC001_Selectarea_Limbii_Interfetei@1afd44cb]" started-at="2025-01-12T09:58:51 EET" name="setup" finished-at="2025-01-12T09:58:52 EET" duration-ms="1089" status="PASS">
          <params>
            <param index="0">
              <value>
                <![CDATA[Chrome]]>
              </value>
            </param>
          </params>
          <reporter-output>
          </reporter-output>
        </test-method> <!-- setup -->
        <test-method signature="TC001_Selectarea_Limbii_Interfetei(automation.enums.Language,java.lang.String)[pri:0, instance:automation.testng.testcases.TC001_Selectarea_Limbii_Interfetei@1afd44cb]" started-at="2025-01-12T09:58:52 EET" name="TC001_Selectarea_Limbii_Interfetei" data-provider="languageEnumProvider" finished-at="2025-01-12T09:58:52 EET" duration-ms="657" status="FAIL">
          <params>
            <param index="0">
              <value>
                <![CDATA[FR]]>
              </value>
            </param>
            <param index="1">
              <value>
                <![CDATA[Selon le taux de change de la BNR du 19.11.2024, le montant converti en EUR est: 0,2 EUR]]>
              </value>
            </param>
          </params>
          <exception class="java.lang.AssertionError">
            <message>
              <![CDATA[Expected to end with: 'Selon le taux de change de la BNR du 19.11.2024, le montant converti en EUR est: 0,2 EUR' but got 'Vous avez choisi de convertir de RON en EUR
Le montant que vous souhaitez convertir est: 1 RON
Selon le taux de change de la BNR du 19.11.2024, le montant converti en EUR est: 1 EUR EUR' expected [true] but found [false]]]>
            </message>
            <full-stacktrace>
              <![CDATA[java.lang.AssertionError: Expected to end with: 'Selon le taux de change de la BNR du 19.11.2024, le montant converti en EUR est: 0,2 EUR' but got 'Vous avez choisi de convertir de RON en EUR
Le montant que vous souhaitez convertir est: 1 RON
Selon le taux de change de la BNR du 19.11.2024, le montant converti en EUR est: 1 EUR EUR' expected [true] but found [false]
at org.testng.Assert.fail(Assert.java:110)
at org.testng.Assert.failNotEquals(Assert.java:1413)
at org.testng.Assert.assertTrue(Assert.java:56)
at automation.testng.testcases.BaseTest.checkEndsWith(BaseTest.java:48)
at automation.testng.testcases.TC001_Selectarea_Limbii_Interfetei.TC001_Selectarea_Limbii_Interfetei(TC001_Selectarea_Limbii_Interfetei.java:20)
at java.base/jdk.internal.reflect.DirectMethodHandleAccessor.invoke(DirectMethodHandleAccessor.java:104)
at java.base/java.lang.reflect.Method.invoke(Method.java:578)
at org.testng.internal.invokers.MethodInvocationHelper.invokeMethod(MethodInvocationHelper.java:139)
at org.testng.internal.invokers.TestInvoker.invokeMethod(TestInvoker.java:677)
at org.testng.internal.invokers.TestInvoker.invokeTestMethod(TestInvoker.java:221)
at org.testng.internal.invokers.MethodRunner.runInSequence(MethodRunner.java:50)
at org.testng.internal.invokers.TestInvoker$MethodInvocationAgent.invoke(TestInvoker.java:969)
at org.testng.internal.invokers.TestInvoker.invokeTestMethods(TestInvoker.java:194)
at org.testng.internal.invokers.TestMethodWorker.invokeTestMethods(TestMethodWorker.java:148)
at org.testng.internal.invokers.TestMethodWorker.run(TestMethodWorker.java:128)
at java.base/java.util.ArrayList.forEach(ArrayList.java:1511)
at org.testng.TestRunner.privateRun(TestRunner.java:829)
at org.testng.TestRunner.run(TestRunner.java:602)
at org.testng.SuiteRunner.runTest(SuiteRunner.java:437)
at org.testng.SuiteRunner.runSequentially(SuiteRunner.java:431)
at org.testng.SuiteRunner.privateRun(SuiteRunner.java:391)
at org.testng.SuiteRunner.run(SuiteRunner.java:330)
at org.testng.SuiteRunnerWorker.runSuite(SuiteRunnerWorker.java:52)
at org.testng.SuiteRunnerWorker.run(SuiteRunnerWorker.java:95)
at org.testng.TestNG.runSuitesSequentially(TestNG.java:1256)
at org.testng.TestNG.runSuitesLocally(TestNG.java:1176)
at org.testng.TestNG.runSuites(TestNG.java:1099)
at org.testng.TestNG.run(TestNG.java:1067)
at org.apache.maven.surefire.testng.TestNGExecutor.run(TestNGExecutor.java:324)
at org.apache.maven.surefire.testng.TestNGXmlTestSuite.execute(TestNGXmlTestSuite.java:74)
at org.apache.maven.surefire.testng.TestNGProvider.invoke(TestNGProvider.java:123)
at org.apache.maven.surefire.booter.ForkedBooter.runSuitesInProcess(ForkedBooter.java:456)
at org.apache.maven.surefire.booter.ForkedBooter.execute(ForkedBooter.java:169)
at org.apache.maven.surefire.booter.ForkedBooter.run(ForkedBooter.java:595)
at org.apache.maven.surefire.booter.ForkedBooter.main(ForkedBooter.java:581)
]]>
            </full-stacktrace>
          </exception> <!-- java.lang.AssertionError -->
          <reporter-output>
          </reporter-output>
        </test-method> <!-- TC001_Selectarea_Limbii_Interfetei -->
        <test-method is-config="true" signature="tearDown()[pri:0, instance:automation.testng.testcases.TC001_Selectarea_Limbii_Interfetei@1afd44cb]" started-at="2025-01-12T09:58:52 EET" name="tearDown" finished-at="2025-01-12T09:58:53 EET" duration-ms="180" status="PASS">
          <reporter-output>
          </reporter-output>
        </test-method> <!-- tearDown -->
        <test-method is-config="true" signature="setup(java.lang.String)[pri:0, instance:automation.testng.testcases.TC001_Selectarea_Limbii_Interfetei@1afd44cb]" started-at="2025-01-12T09:58:53 EET" name="setup" finished-at="2025-01-12T09:58:54 EET" duration-ms="1197" status="PASS">
          <params>
            <param index="0">
              <value>
                <![CDATA[Chrome]]>
              </value>
            </param>
          </params>
          <reporter-output>
          </reporter-output>
        </test-method> <!-- setup -->
        <test-method signature="TC001_Selectarea_Limbii_Interfetei(automation.enums.Language,java.lang.String)[pri:0, instance:automation.testng.testcases.TC001_Selectarea_Limbii_Interfetei@1afd44cb]" started-at="2025-01-12T09:58:54 EET" name="TC001_Selectarea_Limbii_Interfetei" data-provider="languageEnumProvider" finished-at="2025-01-12T09:58:55 EET" duration-ms="740" status="FAIL">
          <params>
            <param index="0">
              <value>
                <![CDATA[HU]]>
              </value>
            </param>
            <param index="1">
              <value>
                <![CDATA[A 2024.11.19-i BNR árfolyam szerint az átváltott összeg EUR-ban: 0,2 EUR]]>
              </value>
            </param>
          </params>
          <exception class="java.lang.AssertionError">
            <message>
              <![CDATA[Expected to end with: 'A 2024.11.19-i BNR árfolyam szerint az átváltott összeg EUR-ban: 0,2 EUR' but got 'A kiválasztott átváltás: RON-ról EUR-ra
Az átváltani kívánt összeg: 1 RON
A 2024.11.19-i BNR árfolyam szerint az átváltott összeg: 0,2 EUR' expected [true] but found [false]]]>
            </message>
            <full-stacktrace>
              <![CDATA[java.lang.AssertionError: Expected to end with: 'A 2024.11.19-i BNR árfolyam szerint az átváltott összeg EUR-ban: 0,2 EUR' but got 'A kiválasztott átváltás: RON-ról EUR-ra
Az átváltani kívánt összeg: 1 RON
A 2024.11.19-i BNR árfolyam szerint az átváltott összeg: 0,2 EUR' expected [true] but found [false]
at org.testng.Assert.fail(Assert.java:110)
at org.testng.Assert.failNotEquals(Assert.java:1413)
at org.testng.Assert.assertTrue(Assert.java:56)
at automation.testng.testcases.BaseTest.checkEndsWith(BaseTest.java:48)
at automation.testng.testcases.TC001_Selectarea_Limbii_Interfetei.TC001_Selectarea_Limbii_Interfetei(TC001_Selectarea_Limbii_Interfetei.java:20)
at java.base/jdk.internal.reflect.DirectMethodHandleAccessor.invoke(DirectMethodHandleAccessor.java:104)
at java.base/java.lang.reflect.Method.invoke(Method.java:578)
at org.testng.internal.invokers.MethodInvocationHelper.invokeMethod(MethodInvocationHelper.java:139)
at org.testng.internal.invokers.TestInvoker.invokeMethod(TestInvoker.java:677)
at org.testng.internal.invokers.TestInvoker.invokeTestMethod(TestInvoker.java:221)
at org.testng.internal.invokers.MethodRunner.runInSequence(MethodRunner.java:50)
at org.testng.internal.invokers.TestInvoker$MethodInvocationAgent.invoke(TestInvoker.java:969)
at org.testng.internal.invokers.TestInvoker.invokeTestMethods(TestInvoker.java:194)
at org.testng.internal.invokers.TestMethodWorker.invokeTestMethods(TestMethodWorker.java:148)
at org.testng.internal.invokers.TestMethodWorker.run(TestMethodWorker.java:128)
at java.base/java.util.ArrayList.forEach(ArrayList.java:1511)
at org.testng.TestRunner.privateRun(TestRunner.java:829)
at org.testng.TestRunner.run(TestRunner.java:602)
at org.testng.SuiteRunner.runTest(SuiteRunner.java:437)
at org.testng.SuiteRunner.runSequentially(SuiteRunner.java:431)
at org.testng.SuiteRunner.privateRun(SuiteRunner.java:391)
at org.testng.SuiteRunner.run(SuiteRunner.java:330)
at org.testng.SuiteRunnerWorker.runSuite(SuiteRunnerWorker.java:52)
at org.testng.SuiteRunnerWorker.run(SuiteRunnerWorker.java:95)
at org.testng.TestNG.runSuitesSequentially(TestNG.java:1256)
at org.testng.TestNG.runSuitesLocally(TestNG.java:1176)
at org.testng.TestNG.runSuites(TestNG.java:1099)
at org.testng.TestNG.run(TestNG.java:1067)
at org.apache.maven.surefire.testng.TestNGExecutor.run(TestNGExecutor.java:324)
at org.apache.maven.surefire.testng.TestNGXmlTestSuite.execute(TestNGXmlTestSuite.java:74)
at org.apache.maven.surefire.testng.TestNGProvider.invoke(TestNGProvider.java:123)
at org.apache.maven.surefire.booter.ForkedBooter.runSuitesInProcess(ForkedBooter.java:456)
at org.apache.maven.surefire.booter.ForkedBooter.execute(ForkedBooter.java:169)
at org.apache.maven.surefire.booter.ForkedBooter.run(ForkedBooter.java:595)
at org.apache.maven.surefire.booter.ForkedBooter.main(ForkedBooter.java:581)
]]>
            </full-stacktrace>
          </exception> <!-- java.lang.AssertionError -->
          <reporter-output>
          </reporter-output>
        </test-method> <!-- TC001_Selectarea_Limbii_Interfetei -->
        <test-method is-config="true" signature="tearDown()[pri:0, instance:automation.testng.testcases.TC001_Selectarea_Limbii_Interfetei@1afd44cb]" started-at="2025-01-12T09:58:55 EET" name="tearDown" finished-at="2025-01-12T09:58:55 EET" duration-ms="191" status="PASS">
          <reporter-output>
          </reporter-output>
        </test-method> <!-- tearDown -->
        <test-method is-config="true" signature="setup(java.lang.String)[pri:0, instance:automation.testng.testcases.TC001_Selectarea_Limbii_Interfetei@1afd44cb]" started-at="2025-01-12T09:58:55 EET" name="setup" finished-at="2025-01-12T09:58:56 EET" duration-ms="1012" status="PASS">
          <params>
            <param index="0">
              <value>
                <![CDATA[Chrome]]>
              </value>
            </param>
          </params>
          <reporter-output>
          </reporter-output>
        </test-method> <!-- setup -->
        <test-method signature="TC001_Selectarea_Limbii_Interfetei(automation.enums.Language,java.lang.String)[pri:0, instance:automation.testng.testcases.TC001_Selectarea_Limbii_Interfetei@1afd44cb]" started-at="2025-01-12T09:58:56 EET" name="TC001_Selectarea_Limbii_Interfetei" data-provider="languageEnumProvider" finished-at="2025-01-12T09:58:57 EET" duration-ms="853" status="PASS">
          <params>
            <param index="0">
              <value>
                <![CDATA[EN]]>
              </value>
            </param>
            <param index="1">
              <value>
                <![CDATA[According to the BNR exchange rate from 19.11.2024, the exchanged amount in EUR is: 0.2 EUR]]>
              </value>
            </param>
          </params>
          <reporter-output>
          </reporter-output>
        </test-method> <!-- TC001_Selectarea_Limbii_Interfetei -->
        <test-method is-config="true" signature="tearDown()[pri:0, instance:automation.testng.testcases.TC001_Selectarea_Limbii_Interfetei@1afd44cb]" started-at="2025-01-12T09:58:57 EET" name="tearDown" finished-at="2025-01-12T09:58:57 EET" duration-ms="185" status="PASS">
          <reporter-output>
          </reporter-output>
        </test-method> <!-- tearDown -->
      </class> <!-- automation.testng.testcases.TC001_Selectarea_Limbii_Interfetei -->
    </test> <!-- Localizare aplicatie -->
    <test started-at="2025-01-12T09:58:57 EET" name="Conversii" finished-at="2025-01-12T09:59:09 EET" duration-ms="12097">
      <class name="automation.testng.testcases.TC003_Conversie_Valutara_Corecta">
        <test-method is-config="true" signature="setup(java.lang.String)[pri:0, instance:automation.testng.testcases.TC003_Conversie_Valutara_Corecta@5c33f1a9]" started-at="2025-01-12T09:58:58 EET" name="setup" finished-at="2025-01-12T09:58:59 EET" duration-ms="1071" status="PASS">
          <params>
            <param index="0">
              <value>
                <![CDATA[Chrome]]>
              </value>
            </param>
          </params>
          <reporter-output>
          </reporter-output>
        </test-method> <!-- setup -->
        <test-method signature="TC003_Conversie_Valutara_Corecta(automation.enums.Language,automation.enums.Currency,automation.enums.Currency,java.lang.String,java.lang.String)[pri:0, instance:automation.testng.testcases.TC003_Conversie_Valutara_Corecta@5c33f1a9]" started-at="2025-01-12T09:58:59 EET" name="TC003_Conversie_Valutara_Corecta" data-provider="conversionCases" finished-at="2025-01-12T09:59:00 EET" duration-ms="520" status="FAIL">
          <params>
            <param index="0">
              <value>
                <![CDATA[RO]]>
              </value>
            </param>
            <param index="1">
              <value>
                <![CDATA[CAD]]>
              </value>
            </param>
            <param index="2">
              <value>
                <![CDATA[USD]]>
              </value>
            </param>
            <param index="3">
              <value>
                <![CDATA[100]]>
              </value>
            </param>
            <param index="4">
              <value>
                <![CDATA[140 USD]]>
              </value>
            </param>
          </params>
          <exception class="java.lang.AssertionError">
            <message>
              <![CDATA[Expected to end with: '140 USD' but got 'Ai ales să schimbi din CAD în USD
Suma pe care o dorești a fi schimbată: 100 CAD
Conform cursului BNR din 19.11.2024, suma convertită în USD este: 71 EUR' expected [true] but found [false]]]>
            </message>
            <full-stacktrace>
              <![CDATA[java.lang.AssertionError: Expected to end with: '140 USD' but got 'Ai ales să schimbi din CAD în USD
Suma pe care o dorești a fi schimbată: 100 CAD
Conform cursului BNR din 19.11.2024, suma convertită în USD este: 71 EUR' expected [true] but found [false]
at org.testng.Assert.fail(Assert.java:110)
at org.testng.Assert.failNotEquals(Assert.java:1413)
at org.testng.Assert.assertTrue(Assert.java:56)
at automation.testng.testcases.BaseTest.checkEndsWith(BaseTest.java:48)
at automation.testng.testcases.TC003_Conversie_Valutara_Corecta.TC003_Conversie_Valutara_Corecta(TC003_Conversie_Valutara_Corecta.java:23)
at java.base/jdk.internal.reflect.DirectMethodHandleAccessor.invoke(DirectMethodHandleAccessor.java:104)
at java.base/java.lang.reflect.Method.invoke(Method.java:578)
at org.testng.internal.invokers.MethodInvocationHelper.invokeMethod(MethodInvocationHelper.java:139)
at org.testng.internal.invokers.TestInvoker.invokeMethod(TestInvoker.java:677)
at org.testng.internal.invokers.TestInvoker.invokeTestMethod(TestInvoker.java:221)
at org.testng.internal.invokers.MethodRunner.runInSequence(MethodRunner.java:50)
at org.testng.internal.invokers.TestInvoker$MethodInvocationAgent.invoke(TestInvoker.java:969)
at org.testng.internal.invokers.TestInvoker.invokeTestMethods(TestInvoker.java:194)
at org.testng.internal.invokers.TestMethodWorker.invokeTestMethods(TestMethodWorker.java:148)
at org.testng.internal.invokers.TestMethodWorker.run(TestMethodWorker.java:128)
at java.base/java.util.ArrayList.forEach(ArrayList.java:1511)
at org.testng.TestRunner.privateRun(TestRunner.java:829)
at org.testng.TestRunner.run(TestRunner.java:602)
at org.testng.SuiteRunner.runTest(SuiteRunner.java:437)
at org.testng.SuiteRunner.runSequentially(SuiteRunner.java:431)
at org.testng.SuiteRunner.privateRun(SuiteRunner.java:391)
at org.testng.SuiteRunner.run(SuiteRunner.java:330)
at org.testng.SuiteRunnerWorker.runSuite(SuiteRunnerWorker.java:52)
at org.testng.SuiteRunnerWorker.run(SuiteRunnerWorker.java:95)
at org.testng.TestNG.runSuitesSequentially(TestNG.java:1256)
at org.testng.TestNG.runSuitesLocally(TestNG.java:1176)
at org.testng.TestNG.runSuites(TestNG.java:1099)
at org.testng.TestNG.run(TestNG.java:1067)
at org.apache.maven.surefire.testng.TestNGExecutor.run(TestNGExecutor.java:324)
at org.apache.maven.surefire.testng.TestNGXmlTestSuite.execute(TestNGXmlTestSuite.java:74)
at org.apache.maven.surefire.testng.TestNGProvider.invoke(TestNGProvider.java:123)
at org.apache.maven.surefire.booter.ForkedBooter.runSuitesInProcess(ForkedBooter.java:456)
at org.apache.maven.surefire.booter.ForkedBooter.execute(ForkedBooter.java:169)
at org.apache.maven.surefire.booter.ForkedBooter.run(ForkedBooter.java:595)
at org.apache.maven.surefire.booter.ForkedBooter.main(ForkedBooter.java:581)
]]>
            </full-stacktrace>
          </exception> <!-- java.lang.AssertionError -->
          <reporter-output>
          </reporter-output>
        </test-method> <!-- TC003_Conversie_Valutara_Corecta -->
        <test-method is-config="true" signature="tearDown()[pri:0, instance:automation.testng.testcases.TC003_Conversie_Valutara_Corecta@5c33f1a9]" started-at="2025-01-12T09:59:00 EET" name="tearDown" finished-at="2025-01-12T09:59:00 EET" duration-ms="143" status="PASS">
          <reporter-output>
          </reporter-output>
        </test-method> <!-- tearDown -->
        <test-method is-config="true" signature="setup(java.lang.String)[pri:0, instance:automation.testng.testcases.TC003_Conversie_Valutara_Corecta@5c33f1a9]" started-at="2025-01-12T09:59:00 EET" name="setup" finished-at="2025-01-12T09:59:01 EET" duration-ms="1092" status="PASS">
          <params>
            <param index="0">
              <value>
                <![CDATA[Chrome]]>
              </value>
            </param>
          </params>
          <reporter-output>
          </reporter-output>
        </test-method> <!-- setup -->
        <test-method signature="TC003_Conversie_Valutara_Corecta(automation.enums.Language,automation.enums.Currency,automation.enums.Currency,java.lang.String,java.lang.String)[pri:0, instance:automation.testng.testcases.TC003_Conversie_Valutara_Corecta@5c33f1a9]" started-at="2025-01-12T09:59:01 EET" name="TC003_Conversie_Valutara_Corecta" data-provider="conversionCases" finished-at="2025-01-12T09:59:02 EET" duration-ms="582" status="FAIL">
          <params>
            <param index="0">
              <value>
                <![CDATA[RO]]>
              </value>
            </param>
            <param index="1">
              <value>
                <![CDATA[EUR]]>
              </value>
            </param>
            <param index="2">
              <value>
                <![CDATA[GBP]]>
              </value>
            </param>
            <param index="3">
              <value>
                <![CDATA[100]]>
              </value>
            </param>
            <param index="4">
              <value>
                <![CDATA[84 GBP]]>
              </value>
            </param>
          </params>
          <exception class="java.lang.AssertionError">
            <message>
              <![CDATA[Valuta sursa s-a schimbat la reincarcarea paginii expected [EUR] but found [RON]]]>
            </message>
            <full-stacktrace>
              <![CDATA[java.lang.AssertionError: Valuta sursa s-a schimbat la reincarcarea paginii expected [EUR] but found [RON]
at org.testng.Assert.fail(Assert.java:110)
at org.testng.Assert.failNotEquals(Assert.java:1413)
at org.testng.Assert.assertEqualsImpl(Assert.java:149)
at org.testng.Assert.assertEquals(Assert.java:131)
at automation.testng.testcases.TC003_Conversie_Valutara_Corecta.TC003_Conversie_Valutara_Corecta(TC003_Conversie_Valutara_Corecta.java:26)
at java.base/jdk.internal.reflect.DirectMethodHandleAccessor.invoke(DirectMethodHandleAccessor.java:104)
at java.base/java.lang.reflect.Method.invoke(Method.java:578)
at org.testng.internal.invokers.MethodInvocationHelper.invokeMethod(MethodInvocationHelper.java:139)
at org.testng.internal.invokers.TestInvoker.invokeMethod(TestInvoker.java:677)
at org.testng.internal.invokers.TestInvoker.invokeTestMethod(TestInvoker.java:221)
at org.testng.internal.invokers.MethodRunner.runInSequence(MethodRunner.java:50)
at org.testng.internal.invokers.TestInvoker$MethodInvocationAgent.invoke(TestInvoker.java:969)
at org.testng.internal.invokers.TestInvoker.invokeTestMethods(TestInvoker.java:194)
at org.testng.internal.invokers.TestMethodWorker.invokeTestMethods(TestMethodWorker.java:148)
at org.testng.internal.invokers.TestMethodWorker.run(TestMethodWorker.java:128)
at java.base/java.util.ArrayList.forEach(ArrayList.java:1511)
at org.testng.TestRunner.privateRun(TestRunner.java:829)
at org.testng.TestRunner.run(TestRunner.java:602)
at org.testng.SuiteRunner.runTest(SuiteRunner.java:437)
at org.testng.SuiteRunner.runSequentially(SuiteRunner.java:431)
at org.testng.SuiteRunner.privateRun(SuiteRunner.java:391)
at org.testng.SuiteRunner.run(SuiteRunner.java:330)
at org.testng.SuiteRunnerWorker.runSuite(SuiteRunnerWorker.java:52)
at org.testng.SuiteRunnerWorker.run(SuiteRunnerWorker.java:95)
at org.testng.TestNG.runSuitesSequentially(TestNG.java:1256)
at org.testng.TestNG.runSuitesLocally(TestNG.java:1176)
at org.testng.TestNG.runSuites(TestNG.java:1099)
at org.testng.TestNG.run(TestNG.java:1067)
at org.apache.maven.surefire.testng.TestNGExecutor.run(TestNGExecutor.java:324)
at org.apache.maven.surefire.testng.TestNGXmlTestSuite.execute(TestNGXmlTestSuite.java:74)
at org.apache.maven.surefire.testng.TestNGProvider.invoke(TestNGProvider.java:123)
at org.apache.maven.surefire.booter.ForkedBooter.runSuitesInProcess(ForkedBooter.java:456)
at org.apache.maven.surefire.booter.ForkedBooter.execute(ForkedBooter.java:169)
at org.apache.maven.surefire.booter.ForkedBooter.run(ForkedBooter.java:595)
at org.apache.maven.surefire.booter.ForkedBooter.main(ForkedBooter.java:581)
]]>
            </full-stacktrace>
          </exception> <!-- java.lang.AssertionError -->
          <reporter-output>
          </reporter-output>
        </test-method> <!-- TC003_Conversie_Valutara_Corecta -->
        <test-method is-config="true" signature="tearDown()[pri:0, instance:automation.testng.testcases.TC003_Conversie_Valutara_Corecta@5c33f1a9]" started-at="2025-01-12T09:59:02 EET" name="tearDown" finished-at="2025-01-12T09:59:02 EET" duration-ms="176" status="PASS">
          <reporter-output>
          </reporter-output>
        </test-method> <!-- tearDown -->
        <test-method is-config="true" signature="setup(java.lang.String)[pri:0, instance:automation.testng.testcases.TC003_Conversie_Valutara_Corecta@5c33f1a9]" started-at="2025-01-12T09:59:02 EET" name="setup" finished-at="2025-01-12T09:59:03 EET" duration-ms="1124" status="PASS">
          <params>
            <param index="0">
              <value>
                <![CDATA[Chrome]]>
              </value>
            </param>
          </params>
          <reporter-output>
          </reporter-output>
        </test-method> <!-- setup -->
        <test-method signature="TC003_Conversie_Valutara_Corecta(automation.enums.Language,automation.enums.Currency,automation.enums.Currency,java.lang.String,java.lang.String)[pri:0, instance:automation.testng.testcases.TC003_Conversie_Valutara_Corecta@5c33f1a9]" started-at="2025-01-12T09:59:03 EET" name="TC003_Conversie_Valutara_Corecta" data-provider="conversionCases" finished-at="2025-01-12T09:59:04 EET" duration-ms="494" status="FAIL">
          <params>
            <param index="0">
              <value>
                <![CDATA[RO]]>
              </value>
            </param>
            <param index="1">
              <value>
                <![CDATA[RON]]>
              </value>
            </param>
            <param index="2">
              <value>
                <![CDATA[HUF]]>
              </value>
            </param>
            <param index="3">
              <value>
                <![CDATA[100]]>
              </value>
            </param>
            <param index="4">
              <value>
                <![CDATA[8175 HUF]]>
              </value>
            </param>
          </params>
          <exception class="java.lang.AssertionError">
            <message>
              <![CDATA[Valuta sursa s-a schimbat la reincarcarea paginii expected [RON] but found [RON]]]>
            </message>
            <full-stacktrace>
              <![CDATA[java.lang.AssertionError: Valuta sursa s-a schimbat la reincarcarea paginii expected [RON] but found [RON]
at org.testng.Assert.fail(Assert.java:110)
at org.testng.Assert.failNotEquals(Assert.java:1413)
at org.testng.Assert.assertEqualsImpl(Assert.java:149)
at org.testng.Assert.assertEquals(Assert.java:131)
at automation.testng.testcases.TC003_Conversie_Valutara_Corecta.TC003_Conversie_Valutara_Corecta(TC003_Conversie_Valutara_Corecta.java:26)
at java.base/jdk.internal.reflect.DirectMethodHandleAccessor.invoke(DirectMethodHandleAccessor.java:104)
at java.base/java.lang.reflect.Method.invoke(Method.java:578)
at org.testng.internal.invokers.MethodInvocationHelper.invokeMethod(MethodInvocationHelper.java:139)
at org.testng.internal.invokers.TestInvoker.invokeMethod(TestInvoker.java:677)
at org.testng.internal.invokers.TestInvoker.invokeTestMethod(TestInvoker.java:221)
at org.testng.internal.invokers.MethodRunner.runInSequence(MethodRunner.java:50)
at org.testng.internal.invokers.TestInvoker$MethodInvocationAgent.invoke(TestInvoker.java:969)
at org.testng.internal.invokers.TestInvoker.invokeTestMethods(TestInvoker.java:194)
at org.testng.internal.invokers.TestMethodWorker.invokeTestMethods(TestMethodWorker.java:148)
at org.testng.internal.invokers.TestMethodWorker.run(TestMethodWorker.java:128)
at java.base/java.util.ArrayList.forEach(ArrayList.java:1511)
at org.testng.TestRunner.privateRun(TestRunner.java:829)
at org.testng.TestRunner.run(TestRunner.java:602)
at org.testng.SuiteRunner.runTest(SuiteRunner.java:437)
at org.testng.SuiteRunner.runSequentially(SuiteRunner.java:431)
at org.testng.SuiteRunner.privateRun(SuiteRunner.java:391)
at org.testng.SuiteRunner.run(SuiteRunner.java:330)
at org.testng.SuiteRunnerWorker.runSuite(SuiteRunnerWorker.java:52)
at org.testng.SuiteRunnerWorker.run(SuiteRunnerWorker.java:95)
at org.testng.TestNG.runSuitesSequentially(TestNG.java:1256)
at org.testng.TestNG.runSuitesLocally(TestNG.java:1176)
at org.testng.TestNG.runSuites(TestNG.java:1099)
at org.testng.TestNG.run(TestNG.java:1067)
at org.apache.maven.surefire.testng.TestNGExecutor.run(TestNGExecutor.java:324)
at org.apache.maven.surefire.testng.TestNGXmlTestSuite.execute(TestNGXmlTestSuite.java:74)
at org.apache.maven.surefire.testng.TestNGProvider.invoke(TestNGProvider.java:123)
at org.apache.maven.surefire.booter.ForkedBooter.runSuitesInProcess(ForkedBooter.java:456)
at org.apache.maven.surefire.booter.ForkedBooter.execute(ForkedBooter.java:169)
at org.apache.maven.surefire.booter.ForkedBooter.run(ForkedBooter.java:595)
at org.apache.maven.surefire.booter.ForkedBooter.main(ForkedBooter.java:581)
]]>
            </full-stacktrace>
          </exception> <!-- java.lang.AssertionError -->
          <reporter-output>
          </reporter-output>
        </test-method> <!-- TC003_Conversie_Valutara_Corecta -->
        <test-method is-config="true" signature="tearDown()[pri:0, instance:automation.testng.testcases.TC003_Conversie_Valutara_Corecta@5c33f1a9]" started-at="2025-01-12T09:59:04 EET" name="tearDown" finished-at="2025-01-12T09:59:04 EET" duration-ms="182" status="PASS">
          <reporter-output>
          </reporter-output>
        </test-method> <!-- tearDown -->
      </class> <!-- automation.testng.testcases.TC003_Conversie_Valutara_Corecta -->
      <class name="automation.testng.testcases.TC002_Existentei_Optiunilor_Valutare">
        <test-method is-config="true" signature="setup(java.lang.String)[pri:0, instance:automation.testng.testcases.TC002_Existentei_Optiunilor_Valutare@7f0eb4b4]" started-at="2025-01-12T09:58:57 EET" name="setup" finished-at="2025-01-12T09:58:58 EET" duration-ms="1065" status="PASS">
          <params>
            <param index="0">
              <value>
                <![CDATA[Chrome]]>
              </value>
            </param>
          </params>
          <reporter-output>
          </reporter-output>
        </test-method> <!-- setup -->
        <test-method signature="TC002_Existentei_Optiunilor_Valutare()[pri:0, instance:automation.testng.testcases.TC002_Existentei_Optiunilor_Valutare@7f0eb4b4]" started-at="2025-01-12T09:58:58 EET" name="TC002_Existentei_Optiunilor_Valutare" finished-at="2025-01-12T09:58:58 EET" duration-ms="268" status="PASS">
          <reporter-output>
          </reporter-output>
        </test-method> <!-- TC002_Existentei_Optiunilor_Valutare -->
        <test-method is-config="true" signature="tearDown()[pri:0, instance:automation.testng.testcases.TC002_Existentei_Optiunilor_Valutare@7f0eb4b4]" started-at="2025-01-12T09:58:58 EET" name="tearDown" finished-at="2025-01-12T09:58:58 EET" duration-ms="145" status="PASS">
          <reporter-output>
          </reporter-output>
        </test-method> <!-- tearDown -->
      </class> <!-- automation.testng.testcases.TC002_Existentei_Optiunilor_Valutare -->
      <class name="automation.testng.testcases.TC006_Conversie_Valori_Negative">
        <test-method is-config="true" signature="setup(java.lang.String)[pri:0, instance:automation.testng.testcases.TC006_Conversie_Valori_Negative@c8c12ac]" started-at="2025-01-12T09:59:04 EET" name="setup" finished-at="2025-01-12T09:59:05 EET" duration-ms="1074" status="PASS">
          <params>
            <param index="0">
              <value>
                <![CDATA[Chrome]]>
              </value>
            </param>
          </params>
          <reporter-output>
          </reporter-output>
        </test-method> <!-- setup -->
        <test-method signature="TC006_Conversie_Valori_Negative(automation.enums.Language,automation.enums.Currency,automation.enums.Currency,java.lang.String,java.lang.String)[pri:0, instance:automation.testng.testcases.TC006_Conversie_Valori_Negative@c8c12ac]" started-at="2025-01-12T09:59:05 EET" name="TC006_Conversie_Valori_Negative" data-provider="conversionCases" finished-at="2025-01-12T09:59:05 EET" duration-ms="540" status="PASS">
          <params>
            <param index="0">
              <value>
                <![CDATA[RO]]>
              </value>
            </param>
            <param index="1">
              <value>
                <![CDATA[USD]]>
              </value>
            </param>
            <param index="2">
              <value>
                <![CDATA[CAD]]>
              </value>
            </param>
            <param index="3">
              <value>
                <![CDATA[-50]]>
              </value>
            </param>
            <param index="4">
              <value>
                <![CDATA[-70 CAD]]>
              </value>
            </param>
          </params>
          <reporter-output>
          </reporter-output>
        </test-method> <!-- TC006_Conversie_Valori_Negative -->
        <test-method is-config="true" signature="tearDown()[pri:0, instance:automation.testng.testcases.TC006_Conversie_Valori_Negative@c8c12ac]" started-at="2025-01-12T09:59:05 EET" name="tearDown" finished-at="2025-01-12T09:59:06 EET" duration-ms="176" status="PASS">
          <reporter-output>
          </reporter-output>
        </test-method> <!-- tearDown -->
        <test-method is-config="true" signature="setup(java.lang.String)[pri:0, instance:automation.testng.testcases.TC006_Conversie_Valori_Negative@c8c12ac]" started-at="2025-01-12T09:59:06 EET" name="setup" finished-at="2025-01-12T09:59:07 EET" duration-ms="1053" status="PASS">
          <params>
            <param index="0">
              <value>
                <![CDATA[Chrome]]>
              </value>
            </param>
          </params>
          <reporter-output>
          </reporter-output>
        </test-method> <!-- setup -->
        <test-method signature="TC006_Conversie_Valori_Negative(automation.enums.Language,automation.enums.Currency,automation.enums.Currency,java.lang.String,java.lang.String)[pri:0, instance:automation.testng.testcases.TC006_Conversie_Valori_Negative@c8c12ac]" started-at="2025-01-12T09:59:07 EET" name="TC006_Conversie_Valori_Negative" data-provider="conversionCases" finished-at="2025-01-12T09:59:07 EET" duration-ms="504" status="PASS">
          <params>
            <param index="0">
              <value>
                <![CDATA[RO]]>
              </value>
            </param>
            <param index="1">
              <value>
                <![CDATA[GBP]]>
              </value>
            </param>
            <param index="2">
              <value>
                <![CDATA[EUR]]>
              </value>
            </param>
            <param index="3">
              <value>
                <![CDATA[-50]]>
              </value>
            </param>
            <param index="4">
              <value>
                <![CDATA[-60 EUR]]>
              </value>
            </param>
          </params>
          <reporter-output>
          </reporter-output>
        </test-method> <!-- TC006_Conversie_Valori_Negative -->
        <test-method is-config="true" signature="tearDown()[pri:0, instance:automation.testng.testcases.TC006_Conversie_Valori_Negative@c8c12ac]" started-at="2025-01-12T09:59:07 EET" name="tearDown" finished-at="2025-01-12T09:59:07 EET" duration-ms="178" status="PASS">
          <reporter-output>
          </reporter-output>
        </test-method> <!-- tearDown -->
        <test-method is-config="true" signature="setup(java.lang.String)[pri:0, instance:automation.testng.testcases.TC006_Conversie_Valori_Negative@c8c12ac]" started-at="2025-01-12T09:59:07 EET" name="setup" finished-at="2025-01-12T09:59:08 EET" duration-ms="1038" status="PASS">
          <params>
            <param index="0">
              <value>
                <![CDATA[Chrome]]>
              </value>
            </param>
          </params>
          <reporter-output>
          </reporter-output>
        </test-method> <!-- setup -->
        <test-method signature="TC006_Conversie_Valori_Negative(automation.enums.Language,automation.enums.Currency,automation.enums.Currency,java.lang.String,java.lang.String)[pri:0, instance:automation.testng.testcases.TC006_Conversie_Valori_Negative@c8c12ac]" started-at="2025-01-12T09:59:08 EET" name="TC006_Conversie_Valori_Negative" data-provider="conversionCases" finished-at="2025-01-12T09:59:09 EET" duration-ms="484" status="PASS">
          <params>
            <param index="0">
              <value>
                <![CDATA[RO]]>
              </value>
            </param>
            <param index="1">
              <value>
                <![CDATA[HUF]]>
              </value>
            </param>
            <param index="2">
              <value>
                <![CDATA[RON]]>
              </value>
            </param>
            <param index="3">
              <value>
                <![CDATA[-50]]>
              </value>
            </param>
            <param index="4">
              <value>
                <![CDATA[-0,6 RON]]>
              </value>
            </param>
          </params>
          <reporter-output>
          </reporter-output>
        </test-method> <!-- TC006_Conversie_Valori_Negative -->
        <test-method is-config="true" signature="tearDown()[pri:0, instance:automation.testng.testcases.TC006_Conversie_Valori_Negative@c8c12ac]" started-at="2025-01-12T09:59:09 EET" name="tearDown" finished-at="2025-01-12T09:59:09 EET" duration-ms="169" status="PASS">
          <reporter-output>
          </reporter-output>
        </test-method> <!-- tearDown -->
      </class> <!-- automation.testng.testcases.TC006_Conversie_Valori_Negative -->
      <class name="automation.testng.testcases.TC005_Conversie_Neaplicata">
        <test-method signature="TC005_Conversie_Neaplicata(automation.enums.Language,automation.enums.Currency,automation.enums.Currency,java.lang.String,java.lang.String)[pri:0, instance:automation.testng.testcases.TC005_Conversie_Neaplicata@1623b78d]" started-at="2025-01-12T09:59:04 EET" name="TC005_Conversie_Neaplicata" data-provider="languageEnumProvider" finished-at="2025-01-12T09:59:04 EET" duration-ms="1" status="FAIL">
          <exception class="org.testng.internal.reflect.MethodMatcherException">
            <message>
              <![CDATA[
[public void automation.testng.testcases.TC005_Conversie_Neaplicata.TC005_Conversie_Neaplicata(automation.enums.Language,automation.enums.Currency,automation.enums.Currency,java.lang.String,java.lang.String) throws java.lang.InterruptedException] has no parameters defined but was found to be using a data provider (either explicitly specified or inherited from class level annotation).
Data provider mismatch
Method: TC005_Conversie_Neaplicata([automation.enums.Language arg0, automation.enums.Currency arg1, automation.enums.Currency arg2, java.lang.String arg3, java.lang.String arg4])
Arguments: [(automation.enums.Language) RO,(automation.enums.Currency) RON,(java.lang.String) 23,(java.lang.String) Suma rămâne neschimbată]]]>
            </message>
            <full-stacktrace>
              <![CDATA[org.testng.internal.reflect.MethodMatcherException: 
[public void automation.testng.testcases.TC005_Conversie_Neaplicata.TC005_Conversie_Neaplicata(automation.enums.Language,automation.enums.Currency,automation.enums.Currency,java.lang.String,java.lang.String) throws java.lang.InterruptedException] has no parameters defined but was found to be using a data provider (either explicitly specified or inherited from class level annotation).
Data provider mismatch
Method: TC005_Conversie_Neaplicata([automation.enums.Language arg0, automation.enums.Currency arg1, automation.enums.Currency arg2, java.lang.String arg3, java.lang.String arg4])
Arguments: [(automation.enums.Language) RO,(automation.enums.Currency) RON,(java.lang.String) 23,(java.lang.String) Suma rămâne neschimbată]
at org.testng.internal.reflect.DataProviderMethodMatcher.getConformingArguments(DataProviderMethodMatcher.java:46)
at org.testng.internal.Parameters.injectParameters(Parameters.java:909)
at org.testng.internal.invokers.MethodRunner.runInSequence(MethodRunner.java:37)
at org.testng.internal.invokers.TestInvoker$MethodInvocationAgent.invoke(TestInvoker.java:969)
at org.testng.internal.invokers.TestInvoker.invokeTestMethods(TestInvoker.java:194)
at org.testng.internal.invokers.TestMethodWorker.invokeTestMethods(TestMethodWorker.java:148)
at org.testng.internal.invokers.TestMethodWorker.run(TestMethodWorker.java:128)
at java.base/java.util.ArrayList.forEach(ArrayList.java:1511)
at org.testng.TestRunner.privateRun(TestRunner.java:829)
at org.testng.TestRunner.run(TestRunner.java:602)
at org.testng.SuiteRunner.runTest(SuiteRunner.java:437)
at org.testng.SuiteRunner.runSequentially(SuiteRunner.java:431)
at org.testng.SuiteRunner.privateRun(SuiteRunner.java:391)
at org.testng.SuiteRunner.run(SuiteRunner.java:330)
at org.testng.SuiteRunnerWorker.runSuite(SuiteRunnerWorker.java:52)
at org.testng.SuiteRunnerWorker.run(SuiteRunnerWorker.java:95)
at org.testng.TestNG.runSuitesSequentially(TestNG.java:1256)
at org.testng.TestNG.runSuitesLocally(TestNG.java:1176)
at org.testng.TestNG.runSuites(TestNG.java:1099)
at org.testng.TestNG.run(TestNG.java:1067)
at org.apache.maven.surefire.testng.TestNGExecutor.run(TestNGExecutor.java:324)
at org.apache.maven.surefire.testng.TestNGXmlTestSuite.execute(TestNGXmlTestSuite.java:74)
at org.apache.maven.surefire.testng.TestNGProvider.invoke(TestNGProvider.java:123)
at org.apache.maven.surefire.booter.ForkedBooter.runSuitesInProcess(ForkedBooter.java:456)
at org.apache.maven.surefire.booter.ForkedBooter.execute(ForkedBooter.java:169)
at org.apache.maven.surefire.booter.ForkedBooter.run(ForkedBooter.java:595)
at org.apache.maven.surefire.booter.ForkedBooter.main(ForkedBooter.java:581)
]]>
            </full-stacktrace>
          </exception> <!-- org.testng.internal.reflect.MethodMatcherException -->
          <reporter-output>
          </reporter-output>
        </test-method> <!-- TC005_Conversie_Neaplicata -->
      </class> <!-- automation.testng.testcases.TC005_Conversie_Neaplicata -->
    </test> <!-- Conversii -->
    <test started-at="2025-01-12T09:59:09 EET" name="Validari" finished-at="2025-01-12T10:00:25 EET" duration-ms="76251">
      <class name="automation.testng.testcases.TC004_Validare_Date_Introduse">
        <test-method is-config="true" signature="setup(java.lang.String)[pri:0, instance:automation.testng.testcases.TC004_Validare_Date_Introduse@6069db50]" started-at="2025-01-12T09:59:09 EET" name="setup" finished-at="2025-01-12T09:59:10 EET" duration-ms="1075" status="PASS">
          <params>
            <param index="0">
              <value>
                <![CDATA[chrome]]>
              </value>
            </param>
          </params>
          <reporter-output>
          </reporter-output>
        </test-method> <!-- setup -->
        <test-method signature="TC004_Validare_Date_Introduse(automation.enums.Language,automation.enums.Currency,automation.enums.Currency,java.lang.String,java.lang.String)[pri:0, instance:automation.testng.testcases.TC004_Validare_Date_Introduse@6069db50]" started-at="2025-01-12T09:59:10 EET" name="TC004_Validare_Date_Introduse" data-provider="conversionCases" finished-at="2025-01-12T09:59:11 EET" duration-ms="584" status="PASS">
          <params>
            <param index="0">
              <value>
                <![CDATA[EN]]>
              </value>
            </param>
            <param index="1">
              <value>
                <![CDATA[CAD]]>
              </value>
            </param>
            <param index="2">
              <value>
                <![CDATA[USD]]>
              </value>
            </param>
            <param index="3">
              <value>
                <![CDATA[]]>
              </value>
            </param>
            <param index="4">
              <value>
                <![CDATA[You must enter a number.]]>
              </value>
            </param>
          </params>
          <reporter-output>
          </reporter-output>
        </test-method> <!-- TC004_Validare_Date_Introduse -->
        <test-method is-config="true" signature="tearDown()[pri:0, instance:automation.testng.testcases.TC004_Validare_Date_Introduse@6069db50]" started-at="2025-01-12T09:59:11 EET" name="tearDown" finished-at="2025-01-12T09:59:11 EET" duration-ms="186" status="PASS">
          <reporter-output>
          </reporter-output>
        </test-method> <!-- tearDown -->
        <test-method is-config="true" signature="setup(java.lang.String)[pri:0, instance:automation.testng.testcases.TC004_Validare_Date_Introduse@6069db50]" started-at="2025-01-12T09:59:11 EET" name="setup" finished-at="2025-01-12T09:59:12 EET" duration-ms="1132" status="PASS">
          <params>
            <param index="0">
              <value>
                <![CDATA[chrome]]>
              </value>
            </param>
          </params>
          <reporter-output>
          </reporter-output>
        </test-method> <!-- setup -->
        <test-method signature="TC004_Validare_Date_Introduse(automation.enums.Language,automation.enums.Currency,automation.enums.Currency,java.lang.String,java.lang.String)[pri:0, instance:automation.testng.testcases.TC004_Validare_Date_Introduse@6069db50]" started-at="2025-01-12T09:59:12 EET" name="TC004_Validare_Date_Introduse" data-provider="conversionCases" finished-at="2025-01-12T09:59:12 EET" duration-ms="494" status="PASS">
          <params>
            <param index="0">
              <value>
                <![CDATA[RO]]>
              </value>
            </param>
            <param index="1">
              <value>
                <![CDATA[CAD]]>
              </value>
            </param>
            <param index="2">
              <value>
                <![CDATA[USD]]>
              </value>
            </param>
            <param index="3">
              <value>
                <![CDATA[abc]]>
              </value>
            </param>
            <param index="4">
              <value>
                <![CDATA[Trebuie introdus un număr.]]>
              </value>
            </param>
          </params>
          <reporter-output>
          </reporter-output>
        </test-method> <!-- TC004_Validare_Date_Introduse -->
        <test-method is-config="true" signature="tearDown()[pri:0, instance:automation.testng.testcases.TC004_Validare_Date_Introduse@6069db50]" started-at="2025-01-12T09:59:12 EET" name="tearDown" finished-at="2025-01-12T09:59:13 EET" duration-ms="179" status="PASS">
          <reporter-output>
          </reporter-output>
        </test-method> <!-- tearDown -->
        <test-method is-config="true" signature="setup(java.lang.String)[pri:0, instance:automation.testng.testcases.TC004_Validare_Date_Introduse@6069db50]" started-at="2025-01-12T09:59:13 EET" name="setup" finished-at="2025-01-12T09:59:14 EET" duration-ms="1048" status="PASS">
          <params>
            <param index="0">
              <value>
                <![CDATA[chrome]]>
              </value>
            </param>
          </params>
          <reporter-output>
          </reporter-output>
        </test-method> <!-- setup -->
        <test-method signature="TC004_Validare_Date_Introduse(automation.enums.Language,automation.enums.Currency,automation.enums.Currency,java.lang.String,java.lang.String)[pri:0, instance:automation.testng.testcases.TC004_Validare_Date_Introduse@6069db50]" started-at="2025-01-12T09:59:14 EET" name="TC004_Validare_Date_Introduse" data-provider="conversionCases" finished-at="2025-01-12T09:59:14 EET" duration-ms="565" status="PASS">
          <params>
            <param index="0">
              <value>
                <![CDATA[FR]]>
              </value>
            </param>
            <param index="1">
              <value>
                <![CDATA[CAD]]>
              </value>
            </param>
            <param index="2">
              <value>
                <![CDATA[USD]]>
              </value>
            </param>
            <param index="3">
              <value>
                <![CDATA[@123]]>
              </value>
            </param>
            <param index="4">
              <value>
                <![CDATA[Vous devez entrer un nombre.]]>
              </value>
            </param>
          </params>
          <reporter-output>
          </reporter-output>
        </test-method> <!-- TC004_Validare_Date_Introduse -->
        <test-method is-config="true" signature="tearDown()[pri:0, instance:automation.testng.testcases.TC004_Validare_Date_Introduse@6069db50]" started-at="2025-01-12T09:59:14 EET" name="tearDown" finished-at="2025-01-12T09:59:14 EET" duration-ms="175" status="PASS">
          <reporter-output>
          </reporter-output>
        </test-method> <!-- tearDown -->
        <test-method is-config="true" signature="setup(java.lang.String)[pri:0, instance:automation.testng.testcases.TC004_Validare_Date_Introduse@6069db50]" started-at="2025-01-12T09:59:14 EET" name="setup" finished-at="2025-01-12T09:59:15 EET" duration-ms="1053" status="PASS">
          <params>
            <param index="0">
              <value>
                <![CDATA[chrome]]>
              </value>
            </param>
          </params>
          <reporter-output>
          </reporter-output>
        </test-method> <!-- setup -->
        <test-method signature="TC004_Validare_Date_Introduse(automation.enums.Language,automation.enums.Currency,automation.enums.Currency,java.lang.String,java.lang.String)[pri:0, instance:automation.testng.testcases.TC004_Validare_Date_Introduse@6069db50]" started-at="2025-01-12T09:59:15 EET" name="TC004_Validare_Date_Introduse" data-provider="conversionCases" finished-at="2025-01-12T09:59:16 EET" duration-ms="632" status="PASS">
          <params>
            <param index="0">
              <value>
                <![CDATA[HU]]>
              </value>
            </param>
            <param index="1">
              <value>
                <![CDATA[CAD]]>
              </value>
            </param>
            <param index="2">
              <value>
                <![CDATA[USD]]>
              </value>
            </param>
            <param index="3">
              <value>
                <![CDATA[10..0]]>
              </value>
            </param>
            <param index="4">
              <value>
                <![CDATA[Meg kell adnia egy számot.]]>
              </value>
            </param>
          </params>
          <reporter-output>
          </reporter-output>
        </test-method> <!-- TC004_Validare_Date_Introduse -->
        <test-method is-config="true" signature="tearDown()[pri:0, instance:automation.testng.testcases.TC004_Validare_Date_Introduse@6069db50]" started-at="2025-01-12T09:59:16 EET" name="tearDown" finished-at="2025-01-12T09:59:16 EET" duration-ms="180" status="PASS">
          <reporter-output>
          </reporter-output>
        </test-method> <!-- tearDown -->
        <test-method is-config="true" signature="setup(java.lang.String)[pri:0, instance:automation.testng.testcases.TC004_Validare_Date_Introduse@6069db50]" started-at="2025-01-12T09:59:16 EET" name="setup" finished-at="2025-01-12T09:59:17 EET" duration-ms="1050" status="PASS">
          <params>
            <param index="0">
              <value>
                <![CDATA[chrome]]>
              </value>
            </param>
          </params>
          <reporter-output>
          </reporter-output>
        </test-method> <!-- setup -->
        <test-method signature="TC004_Validare_Date_Introduse(automation.enums.Language,automation.enums.Currency,automation.enums.Currency,java.lang.String,java.lang.String)[pri:0, instance:automation.testng.testcases.TC004_Validare_Date_Introduse@6069db50]" started-at="2025-01-12T09:59:17 EET" name="TC004_Validare_Date_Introduse" data-provider="conversionCases" finished-at="2025-01-12T09:59:33 EET" duration-ms="15550" status="FAIL">
          <params>
            <param index="0">
              <value>
                <![CDATA[EN]]>
              </value>
            </param>
            <param index="1">
              <value>
                <![CDATA[CAD]]>
              </value>
            </param>
            <param index="2">
              <value>
                <![CDATA[USD]]>
              </value>
            </param>
            <param index="3">
              <value>
                <![CDATA[+10]]>
              </value>
            </param>
            <param index="4">
              <value>
                <![CDATA[You must enter a number.]]>
              </value>
            </param>
          </params>
          <exception class="org.openqa.selenium.NoSuchElementException">
            <message>
              <![CDATA[no such element: Unable to locate element: {"method":"css selector","selector":".result-box p"}
  (Session info: chrome=131.0.6778.265)
For documentation on this error, please visit: https://www.selenium.dev/documentation/webdriver/troubleshooting/errors#no-such-element-exception
Build info: version: '4.12.1', revision: '8e34639b11'
System info: os.name: 'Windows 11', os.arch: 'amd64', os.version: '10.0', java.version: '20.0.2'
Driver info: org.openqa.selenium.chrome.ChromeDriver
Command: [7f9e8c467840d3bc2b1f3c19abb23cef, findElement {using=css selector, value=.result-box p}]
Capabilities {acceptInsecureCerts: false, browserName: chrome, browserVersion: 131.0.6778.265, chrome: {chromedriverVersion: 131.0.6778.264 (2d05e315153..., userDataDir: C:\WINDOWS\SystemTemp\scope...}, fedcm:accounts: true, goog:chromeOptions: {debuggerAddress: localhost:50996}, networkConnectionEnabled: false, pageLoadStrategy: normal, platformName: windows, proxy: Proxy(), se:cdp: ws://localhost:50996/devtoo..., se:cdpVersion: 131.0.6778.265, setWindowRect: true, strictFileInteractability: false, timeouts: {implicit: 0, pageLoad: 300000, script: 30000}, unhandledPromptBehavior: dismiss and notify, webauthn:extension:credBlob: true, webauthn:extension:largeBlob: true, webauthn:extension:minPinLength: true, webauthn:extension:prf: true, webauthn:virtualAuthenticators: true}
Session ID: 7f9e8c467840d3bc2b1f3c19abb23cef]]>
            </message>
            <full-stacktrace>
              <![CDATA[org.openqa.selenium.NoSuchElementException: no such element: Unable to locate element: {"method":"css selector","selector":".result-box p"}
  (Session info: chrome=131.0.6778.265)
For documentation on this error, please visit: https://www.selenium.dev/documentation/webdriver/troubleshooting/errors#no-such-element-exception
Build info: version: '4.12.1', revision: '8e34639b11'
System info: os.name: 'Windows 11', os.arch: 'amd64', os.version: '10.0', java.version: '20.0.2'
Driver info: org.openqa.selenium.chrome.ChromeDriver
Command: [7f9e8c467840d3bc2b1f3c19abb23cef, findElement {using=css selector, value=.result-box p}]
Capabilities {acceptInsecureCerts: false, browserName: chrome, browserVersion: 131.0.6778.265, chrome: {chromedriverVersion: 131.0.6778.264 (2d05e315153..., userDataDir: C:\WINDOWS\SystemTemp\scope...}, fedcm:accounts: true, goog:chromeOptions: {debuggerAddress: localhost:50996}, networkConnectionEnabled: false, pageLoadStrategy: normal, platformName: windows, proxy: Proxy(), se:cdp: ws://localhost:50996/devtoo..., se:cdpVersion: 131.0.6778.265, setWindowRect: true, strictFileInteractability: false, timeouts: {implicit: 0, pageLoad: 300000, script: 30000}, unhandledPromptBehavior: dismiss and notify, webauthn:extension:credBlob: true, webauthn:extension:largeBlob: true, webauthn:extension:minPinLength: true, webauthn:extension:prf: true, webauthn:virtualAuthenticators: true}
Session ID: 7f9e8c467840d3bc2b1f3c19abb23cef
at java.base/jdk.internal.reflect.DirectConstructorHandleAccessor.newInstance(DirectConstructorHandleAccessor.java:67)
at java.base/java.lang.reflect.Constructor.newInstanceWithCaller(Constructor.java:500)
at java.base/java.lang.reflect.Constructor.newInstance(Constructor.java:484)
at org.openqa.selenium.remote.codec.w3c.W3CHttpResponseCodec.createException(W3CHttpResponseCodec.java:200)
at org.openqa.selenium.remote.codec.w3c.W3CHttpResponseCodec.decode(W3CHttpResponseCodec.java:133)
at org.openqa.selenium.remote.codec.w3c.W3CHttpResponseCodec.decode(W3CHttpResponseCodec.java:52)
at org.openqa.selenium.remote.HttpCommandExecutor.execute(HttpCommandExecutor.java:191)
at org.openqa.selenium.remote.service.DriverCommandExecutor.invokeExecute(DriverCommandExecutor.java:196)
at org.openqa.selenium.remote.service.DriverCommandExecutor.execute(DriverCommandExecutor.java:171)
at org.openqa.selenium.remote.RemoteWebDriver.execute(RemoteWebDriver.java:602)
at org.openqa.selenium.remote.ElementLocation$ElementFinder$2.findElement(ElementLocation.java:165)
at org.openqa.selenium.remote.ElementLocation.findElement(ElementLocation.java:59)
at org.openqa.selenium.remote.RemoteWebDriver.findElement(RemoteWebDriver.java:359)
at org.openqa.selenium.remote.RemoteWebDriver.findElement(RemoteWebDriver.java:353)
at automation.pages.MainPage.getErrorText(MainPage.java:82)
at automation.testng.testcases.TC004_Validare_Date_Introduse.TC004_Validare_Date_Introduse(TC004_Validare_Date_Introduse.java:21)
at java.base/jdk.internal.reflect.DirectMethodHandleAccessor.invoke(DirectMethodHandleAccessor.java:104)
at java.base/java.lang.reflect.Method.invoke(Method.java:578)
at org.testng.internal.invokers.MethodInvocationHelper.invokeMethod(MethodInvocationHelper.java:139)
at org.testng.internal.invokers.TestInvoker.invokeMethod(TestInvoker.java:677)
at org.testng.internal.invokers.TestInvoker.invokeTestMethod(TestInvoker.java:221)
at org.testng.internal.invokers.MethodRunner.runInSequence(MethodRunner.java:50)
at org.testng.internal.invokers.TestInvoker$MethodInvocationAgent.invoke(TestInvoker.java:969)
at org.testng.internal.invokers.TestInvoker.invokeTestMethods(TestInvoker.java:194)
at org.testng.internal.invokers.TestMethodWorker.invokeTestMethods(TestMethodWorker.java:148)
at org.testng.internal.invokers.TestMethodWorker.run(TestMethodWorker.java:128)
at java.base/java.util.ArrayList.forEach(ArrayList.java:1511)
at org.testng.TestRunner.privateRun(TestRunner.java:829)
at org.testng.TestRunner.run(TestRunner.java:602)
at org.testng.SuiteRunner.runTest(SuiteRunner.java:437)
at org.testng.SuiteRunner.runSequentially(SuiteRunner.java:431)
at org.testng.SuiteRunner.privateRun(SuiteRunner.java:391)
at org.testng.SuiteRunner.run(SuiteRunner.java:330)
at org.testng.SuiteRunnerWorker.runSuite(SuiteRunnerWorker.java:52)
at org.testng.SuiteRunnerWorker.run(SuiteRunnerWorker.java:95)
at org.testng.TestNG.runSuitesSequentially(TestNG.java:1256)
at org.testng.TestNG.runSuitesLocally(TestNG.java:1176)
at org.testng.TestNG.runSuites(TestNG.java:1099)
at org.testng.TestNG.run(TestNG.java:1067)
at org.apache.maven.surefire.testng.TestNGExecutor.run(TestNGExecutor.java:324)
at org.apache.maven.surefire.testng.TestNGXmlTestSuite.execute(TestNGXmlTestSuite.java:74)
at org.apache.maven.surefire.testng.TestNGProvider.invoke(TestNGProvider.java:123)
at org.apache.maven.surefire.booter.ForkedBooter.runSuitesInProcess(ForkedBooter.java:456)
at org.apache.maven.surefire.booter.ForkedBooter.execute(ForkedBooter.java:169)
at org.apache.maven.surefire.booter.ForkedBooter.run(ForkedBooter.java:595)
at org.apache.maven.surefire.booter.ForkedBooter.main(ForkedBooter.java:581)
]]>
            </full-stacktrace>
          </exception> <!-- org.openqa.selenium.NoSuchElementException -->
          <reporter-output>
          </reporter-output>
        </test-method> <!-- TC004_Validare_Date_Introduse -->
        <test-method is-config="true" signature="tearDown()[pri:0, instance:automation.testng.testcases.TC004_Validare_Date_Introduse@6069db50]" started-at="2025-01-12T09:59:33 EET" name="tearDown" finished-at="2025-01-12T09:59:33 EET" duration-ms="176" status="PASS">
          <reporter-output>
          </reporter-output>
        </test-method> <!-- tearDown -->
        <test-method is-config="true" signature="setup(java.lang.String)[pri:0, instance:automation.testng.testcases.TC004_Validare_Date_Introduse@6069db50]" started-at="2025-01-12T09:59:33 EET" name="setup" finished-at="2025-01-12T09:59:34 EET" duration-ms="1015" status="PASS">
          <params>
            <param index="0">
              <value>
                <![CDATA[chrome]]>
              </value>
            </param>
          </params>
          <reporter-output>
          </reporter-output>
        </test-method> <!-- setup -->
        <test-method signature="TC004_Validare_Date_Introduse(automation.enums.Language,automation.enums.Currency,automation.enums.Currency,java.lang.String,java.lang.String)[pri:0, instance:automation.testng.testcases.TC004_Validare_Date_Introduse@6069db50]" started-at="2025-01-12T09:59:34 EET" name="TC004_Validare_Date_Introduse" data-provider="conversionCases" finished-at="2025-01-12T09:59:35 EET" duration-ms="601" status="PASS">
          <params>
            <param index="0">
              <value>
                <![CDATA[EN]]>
              </value>
            </param>
            <param index="1">
              <value>
                <![CDATA[CAD]]>
              </value>
            </param>
            <param index="2">
              <value>
                <![CDATA[USD]]>
              </value>
            </param>
            <param index="3">
              <value>
                <![CDATA[10,50]]>
              </value>
            </param>
            <param index="4">
              <value>
                <![CDATA[You must enter a number.]]>
              </value>
            </param>
          </params>
          <reporter-output>
          </reporter-output>
        </test-method> <!-- TC004_Validare_Date_Introduse -->
        <test-method is-config="true" signature="tearDown()[pri:0, instance:automation.testng.testcases.TC004_Validare_Date_Introduse@6069db50]" started-at="2025-01-12T09:59:35 EET" name="tearDown" finished-at="2025-01-12T09:59:35 EET" duration-ms="185" status="PASS">
          <reporter-output>
          </reporter-output>
        </test-method> <!-- tearDown -->
        <test-method is-config="true" signature="setup(java.lang.String)[pri:0, instance:automation.testng.testcases.TC004_Validare_Date_Introduse@6069db50]" started-at="2025-01-12T09:59:35 EET" name="setup" finished-at="2025-01-12T09:59:36 EET" duration-ms="1017" status="PASS">
          <params>
            <param index="0">
              <value>
                <![CDATA[chrome]]>
              </value>
            </param>
          </params>
          <reporter-output>
          </reporter-output>
        </test-method> <!-- setup -->
        <test-method signature="TC004_Validare_Date_Introduse(automation.enums.Language,automation.enums.Currency,automation.enums.Currency,java.lang.String,java.lang.String)[pri:0, instance:automation.testng.testcases.TC004_Validare_Date_Introduse@6069db50]" started-at="2025-01-12T09:59:36 EET" name="TC004_Validare_Date_Introduse" data-provider="conversionCases" finished-at="2025-01-12T09:59:51 EET" duration-ms="15556" status="FAIL">
          <params>
            <param index="0">
              <value>
                <![CDATA[RO]]>
              </value>
            </param>
            <param index="1">
              <value>
                <![CDATA[CAD]]>
              </value>
            </param>
            <param index="2">
              <value>
                <![CDATA[USD]]>
              </value>
            </param>
            <param index="3">
              <value>
                <![CDATA[10.50]]>
              </value>
            </param>
            <param index="4">
              <value>
                <![CDATA[Trebuie introdus un număr.]]>
              </value>
            </param>
          </params>
          <exception class="org.openqa.selenium.NoSuchElementException">
            <message>
              <![CDATA[no such element: Unable to locate element: {"method":"css selector","selector":".result-box p"}
  (Session info: chrome=131.0.6778.265)
For documentation on this error, please visit: https://www.selenium.dev/documentation/webdriver/troubleshooting/errors#no-such-element-exception
Build info: version: '4.12.1', revision: '8e34639b11'
System info: os.name: 'Windows 11', os.arch: 'amd64', os.version: '10.0', java.version: '20.0.2'
Driver info: org.openqa.selenium.chrome.ChromeDriver
Command: [1ce43fb84557b12326e30258ba419d72, findElement {using=css selector, value=.result-box p}]
Capabilities {acceptInsecureCerts: false, browserName: chrome, browserVersion: 131.0.6778.265, chrome: {chromedriverVersion: 131.0.6778.264 (2d05e315153..., userDataDir: C:\WINDOWS\SystemTemp\scope...}, fedcm:accounts: true, goog:chromeOptions: {debuggerAddress: localhost:51030}, networkConnectionEnabled: false, pageLoadStrategy: normal, platformName: windows, proxy: Proxy(), se:cdp: ws://localhost:51030/devtoo..., se:cdpVersion: 131.0.6778.265, setWindowRect: true, strictFileInteractability: false, timeouts: {implicit: 0, pageLoad: 300000, script: 30000}, unhandledPromptBehavior: dismiss and notify, webauthn:extension:credBlob: true, webauthn:extension:largeBlob: true, webauthn:extension:minPinLength: true, webauthn:extension:prf: true, webauthn:virtualAuthenticators: true}
Session ID: 1ce43fb84557b12326e30258ba419d72]]>
            </message>
            <full-stacktrace>
              <![CDATA[org.openqa.selenium.NoSuchElementException: no such element: Unable to locate element: {"method":"css selector","selector":".result-box p"}
  (Session info: chrome=131.0.6778.265)
For documentation on this error, please visit: https://www.selenium.dev/documentation/webdriver/troubleshooting/errors#no-such-element-exception
Build info: version: '4.12.1', revision: '8e34639b11'
System info: os.name: 'Windows 11', os.arch: 'amd64', os.version: '10.0', java.version: '20.0.2'
Driver info: org.openqa.selenium.chrome.ChromeDriver
Command: [1ce43fb84557b12326e30258ba419d72, findElement {using=css selector, value=.result-box p}]
Capabilities {acceptInsecureCerts: false, browserName: chrome, browserVersion: 131.0.6778.265, chrome: {chromedriverVersion: 131.0.6778.264 (2d05e315153..., userDataDir: C:\WINDOWS\SystemTemp\scope...}, fedcm:accounts: true, goog:chromeOptions: {debuggerAddress: localhost:51030}, networkConnectionEnabled: false, pageLoadStrategy: normal, platformName: windows, proxy: Proxy(), se:cdp: ws://localhost:51030/devtoo..., se:cdpVersion: 131.0.6778.265, setWindowRect: true, strictFileInteractability: false, timeouts: {implicit: 0, pageLoad: 300000, script: 30000}, unhandledPromptBehavior: dismiss and notify, webauthn:extension:credBlob: true, webauthn:extension:largeBlob: true, webauthn:extension:minPinLength: true, webauthn:extension:prf: true, webauthn:virtualAuthenticators: true}
Session ID: 1ce43fb84557b12326e30258ba419d72
at java.base/jdk.internal.reflect.DirectConstructorHandleAccessor.newInstance(DirectConstructorHandleAccessor.java:67)
at java.base/java.lang.reflect.Constructor.newInstanceWithCaller(Constructor.java:500)
at java.base/java.lang.reflect.Constructor.newInstance(Constructor.java:484)
at org.openqa.selenium.remote.codec.w3c.W3CHttpResponseCodec.createException(W3CHttpResponseCodec.java:200)
at org.openqa.selenium.remote.codec.w3c.W3CHttpResponseCodec.decode(W3CHttpResponseCodec.java:133)
at org.openqa.selenium.remote.codec.w3c.W3CHttpResponseCodec.decode(W3CHttpResponseCodec.java:52)
at org.openqa.selenium.remote.HttpCommandExecutor.execute(HttpCommandExecutor.java:191)
at org.openqa.selenium.remote.service.DriverCommandExecutor.invokeExecute(DriverCommandExecutor.java:196)
at org.openqa.selenium.remote.service.DriverCommandExecutor.execute(DriverCommandExecutor.java:171)
at org.openqa.selenium.remote.RemoteWebDriver.execute(RemoteWebDriver.java:602)
at org.openqa.selenium.remote.ElementLocation$ElementFinder$2.findElement(ElementLocation.java:165)
at org.openqa.selenium.remote.ElementLocation.findElement(ElementLocation.java:59)
at org.openqa.selenium.remote.RemoteWebDriver.findElement(RemoteWebDriver.java:359)
at org.openqa.selenium.remote.RemoteWebDriver.findElement(RemoteWebDriver.java:353)
at automation.pages.MainPage.getErrorText(MainPage.java:82)
at automation.testng.testcases.TC004_Validare_Date_Introduse.TC004_Validare_Date_Introduse(TC004_Validare_Date_Introduse.java:21)
at java.base/jdk.internal.reflect.DirectMethodHandleAccessor.invoke(DirectMethodHandleAccessor.java:104)
at java.base/java.lang.reflect.Method.invoke(Method.java:578)
at org.testng.internal.invokers.MethodInvocationHelper.invokeMethod(MethodInvocationHelper.java:139)
at org.testng.internal.invokers.TestInvoker.invokeMethod(TestInvoker.java:677)
at org.testng.internal.invokers.TestInvoker.invokeTestMethod(TestInvoker.java:221)
at org.testng.internal.invokers.MethodRunner.runInSequence(MethodRunner.java:50)
at org.testng.internal.invokers.TestInvoker$MethodInvocationAgent.invoke(TestInvoker.java:969)
at org.testng.internal.invokers.TestInvoker.invokeTestMethods(TestInvoker.java:194)
at org.testng.internal.invokers.TestMethodWorker.invokeTestMethods(TestMethodWorker.java:148)
at org.testng.internal.invokers.TestMethodWorker.run(TestMethodWorker.java:128)
at java.base/java.util.ArrayList.forEach(ArrayList.java:1511)
at org.testng.TestRunner.privateRun(TestRunner.java:829)
at org.testng.TestRunner.run(TestRunner.java:602)
at org.testng.SuiteRunner.runTest(SuiteRunner.java:437)
at org.testng.SuiteRunner.runSequentially(SuiteRunner.java:431)
at org.testng.SuiteRunner.privateRun(SuiteRunner.java:391)
at org.testng.SuiteRunner.run(SuiteRunner.java:330)
at org.testng.SuiteRunnerWorker.runSuite(SuiteRunnerWorker.java:52)
at org.testng.SuiteRunnerWorker.run(SuiteRunnerWorker.java:95)
at org.testng.TestNG.runSuitesSequentially(TestNG.java:1256)
at org.testng.TestNG.runSuitesLocally(TestNG.java:1176)
at org.testng.TestNG.runSuites(TestNG.java:1099)
at org.testng.TestNG.run(TestNG.java:1067)
at org.apache.maven.surefire.testng.TestNGExecutor.run(TestNGExecutor.java:324)
at org.apache.maven.surefire.testng.TestNGXmlTestSuite.execute(TestNGXmlTestSuite.java:74)
at org.apache.maven.surefire.testng.TestNGProvider.invoke(TestNGProvider.java:123)
at org.apache.maven.surefire.booter.ForkedBooter.runSuitesInProcess(ForkedBooter.java:456)
at org.apache.maven.surefire.booter.ForkedBooter.execute(ForkedBooter.java:169)
at org.apache.maven.surefire.booter.ForkedBooter.run(ForkedBooter.java:595)
at org.apache.maven.surefire.booter.ForkedBooter.main(ForkedBooter.java:581)
]]>
            </full-stacktrace>
          </exception> <!-- org.openqa.selenium.NoSuchElementException -->
          <reporter-output>
          </reporter-output>
        </test-method> <!-- TC004_Validare_Date_Introduse -->
        <test-method is-config="true" signature="tearDown()[pri:0, instance:automation.testng.testcases.TC004_Validare_Date_Introduse@6069db50]" started-at="2025-01-12T09:59:51 EET" name="tearDown" finished-at="2025-01-12T09:59:52 EET" duration-ms="208" status="PASS">
          <reporter-output>
          </reporter-output>
        </test-method> <!-- tearDown -->
        <test-method is-config="true" signature="setup(java.lang.String)[pri:0, instance:automation.testng.testcases.TC004_Validare_Date_Introduse@6069db50]" started-at="2025-01-12T09:59:52 EET" name="setup" finished-at="2025-01-12T09:59:53 EET" duration-ms="1003" status="PASS">
          <params>
            <param index="0">
              <value>
                <![CDATA[chrome]]>
              </value>
            </param>
          </params>
          <reporter-output>
          </reporter-output>
        </test-method> <!-- setup -->
        <test-method signature="TC004_Validare_Date_Introduse(automation.enums.Language,automation.enums.Currency,automation.enums.Currency,java.lang.String,java.lang.String)[pri:0, instance:automation.testng.testcases.TC004_Validare_Date_Introduse@6069db50]" started-at="2025-01-12T09:59:53 EET" name="TC004_Validare_Date_Introduse" data-provider="conversionCases" finished-at="2025-01-12T10:00:08 EET" duration-ms="15573" status="FAIL">
          <params>
            <param index="0">
              <value>
                <![CDATA[FR]]>
              </value>
            </param>
            <param index="1">
              <value>
                <![CDATA[CAD]]>
              </value>
            </param>
            <param index="2">
              <value>
                <![CDATA[USD]]>
              </value>
            </param>
            <param index="3">
              <value>
                <![CDATA[10.50]]>
              </value>
            </param>
            <param index="4">
              <value>
                <![CDATA[Vous devez entrer un nombre.]]>
              </value>
            </param>
          </params>
          <exception class="org.openqa.selenium.NoSuchElementException">
            <message>
              <![CDATA[no such element: Unable to locate element: {"method":"css selector","selector":".result-box p"}
  (Session info: chrome=131.0.6778.265)
For documentation on this error, please visit: https://www.selenium.dev/documentation/webdriver/troubleshooting/errors#no-such-element-exception
Build info: version: '4.12.1', revision: '8e34639b11'
System info: os.name: 'Windows 11', os.arch: 'amd64', os.version: '10.0', java.version: '20.0.2'
Driver info: org.openqa.selenium.chrome.ChromeDriver
Command: [e0c1fe8c38fd3c859ebf5429d929cfc8, findElement {using=css selector, value=.result-box p}]
Capabilities {acceptInsecureCerts: false, browserName: chrome, browserVersion: 131.0.6778.265, chrome: {chromedriverVersion: 131.0.6778.264 (2d05e315153..., userDataDir: C:\WINDOWS\SystemTemp\scope...}, fedcm:accounts: true, goog:chromeOptions: {debuggerAddress: localhost:51048}, networkConnectionEnabled: false, pageLoadStrategy: normal, platformName: windows, proxy: Proxy(), se:cdp: ws://localhost:51048/devtoo..., se:cdpVersion: 131.0.6778.265, setWindowRect: true, strictFileInteractability: false, timeouts: {implicit: 0, pageLoad: 300000, script: 30000}, unhandledPromptBehavior: dismiss and notify, webauthn:extension:credBlob: true, webauthn:extension:largeBlob: true, webauthn:extension:minPinLength: true, webauthn:extension:prf: true, webauthn:virtualAuthenticators: true}
Session ID: e0c1fe8c38fd3c859ebf5429d929cfc8]]>
            </message>
            <full-stacktrace>
              <![CDATA[org.openqa.selenium.NoSuchElementException: no such element: Unable to locate element: {"method":"css selector","selector":".result-box p"}
  (Session info: chrome=131.0.6778.265)
For documentation on this error, please visit: https://www.selenium.dev/documentation/webdriver/troubleshooting/errors#no-such-element-exception
Build info: version: '4.12.1', revision: '8e34639b11'
System info: os.name: 'Windows 11', os.arch: 'amd64', os.version: '10.0', java.version: '20.0.2'
Driver info: org.openqa.selenium.chrome.ChromeDriver
Command: [e0c1fe8c38fd3c859ebf5429d929cfc8, findElement {using=css selector, value=.result-box p}]
Capabilities {acceptInsecureCerts: false, browserName: chrome, browserVersion: 131.0.6778.265, chrome: {chromedriverVersion: 131.0.6778.264 (2d05e315153..., userDataDir: C:\WINDOWS\SystemTemp\scope...}, fedcm:accounts: true, goog:chromeOptions: {debuggerAddress: localhost:51048}, networkConnectionEnabled: false, pageLoadStrategy: normal, platformName: windows, proxy: Proxy(), se:cdp: ws://localhost:51048/devtoo..., se:cdpVersion: 131.0.6778.265, setWindowRect: true, strictFileInteractability: false, timeouts: {implicit: 0, pageLoad: 300000, script: 30000}, unhandledPromptBehavior: dismiss and notify, webauthn:extension:credBlob: true, webauthn:extension:largeBlob: true, webauthn:extension:minPinLength: true, webauthn:extension:prf: true, webauthn:virtualAuthenticators: true}
Session ID: e0c1fe8c38fd3c859ebf5429d929cfc8
at java.base/jdk.internal.reflect.DirectConstructorHandleAccessor.newInstance(DirectConstructorHandleAccessor.java:67)
at java.base/java.lang.reflect.Constructor.newInstanceWithCaller(Constructor.java:500)
at java.base/java.lang.reflect.Constructor.newInstance(Constructor.java:484)
at org.openqa.selenium.remote.codec.w3c.W3CHttpResponseCodec.createException(W3CHttpResponseCodec.java:200)
at org.openqa.selenium.remote.codec.w3c.W3CHttpResponseCodec.decode(W3CHttpResponseCodec.java:133)
at org.openqa.selenium.remote.codec.w3c.W3CHttpResponseCodec.decode(W3CHttpResponseCodec.java:52)
at org.openqa.selenium.remote.HttpCommandExecutor.execute(HttpCommandExecutor.java:191)
at org.openqa.selenium.remote.service.DriverCommandExecutor.invokeExecute(DriverCommandExecutor.java:196)
at org.openqa.selenium.remote.service.DriverCommandExecutor.execute(DriverCommandExecutor.java:171)
at org.openqa.selenium.remote.RemoteWebDriver.execute(RemoteWebDriver.java:602)
at org.openqa.selenium.remote.ElementLocation$ElementFinder$2.findElement(ElementLocation.java:165)
at org.openqa.selenium.remote.ElementLocation.findElement(ElementLocation.java:59)
at org.openqa.selenium.remote.RemoteWebDriver.findElement(RemoteWebDriver.java:359)
at org.openqa.selenium.remote.RemoteWebDriver.findElement(RemoteWebDriver.java:353)
at automation.pages.MainPage.getErrorText(MainPage.java:82)
at automation.testng.testcases.TC004_Validare_Date_Introduse.TC004_Validare_Date_Introduse(TC004_Validare_Date_Introduse.java:21)
at java.base/jdk.internal.reflect.DirectMethodHandleAccessor.invoke(DirectMethodHandleAccessor.java:104)
at java.base/java.lang.reflect.Method.invoke(Method.java:578)
at org.testng.internal.invokers.MethodInvocationHelper.invokeMethod(MethodInvocationHelper.java:139)
at org.testng.internal.invokers.TestInvoker.invokeMethod(TestInvoker.java:677)
at org.testng.internal.invokers.TestInvoker.invokeTestMethod(TestInvoker.java:221)
at org.testng.internal.invokers.MethodRunner.runInSequence(MethodRunner.java:50)
at org.testng.internal.invokers.TestInvoker$MethodInvocationAgent.invoke(TestInvoker.java:969)
at org.testng.internal.invokers.TestInvoker.invokeTestMethods(TestInvoker.java:194)
at org.testng.internal.invokers.TestMethodWorker.invokeTestMethods(TestMethodWorker.java:148)
at org.testng.internal.invokers.TestMethodWorker.run(TestMethodWorker.java:128)
at java.base/java.util.ArrayList.forEach(ArrayList.java:1511)
at org.testng.TestRunner.privateRun(TestRunner.java:829)
at org.testng.TestRunner.run(TestRunner.java:602)
at org.testng.SuiteRunner.runTest(SuiteRunner.java:437)
at org.testng.SuiteRunner.runSequentially(SuiteRunner.java:431)
at org.testng.SuiteRunner.privateRun(SuiteRunner.java:391)
at org.testng.SuiteRunner.run(SuiteRunner.java:330)
at org.testng.SuiteRunnerWorker.runSuite(SuiteRunnerWorker.java:52)
at org.testng.SuiteRunnerWorker.run(SuiteRunnerWorker.java:95)
at org.testng.TestNG.runSuitesSequentially(TestNG.java:1256)
at org.testng.TestNG.runSuitesLocally(TestNG.java:1176)
at org.testng.TestNG.runSuites(TestNG.java:1099)
at org.testng.TestNG.run(TestNG.java:1067)
at org.apache.maven.surefire.testng.TestNGExecutor.run(TestNGExecutor.java:324)
at org.apache.maven.surefire.testng.TestNGXmlTestSuite.execute(TestNGXmlTestSuite.java:74)
at org.apache.maven.surefire.testng.TestNGProvider.invoke(TestNGProvider.java:123)
at org.apache.maven.surefire.booter.ForkedBooter.runSuitesInProcess(ForkedBooter.java:456)
at org.apache.maven.surefire.booter.ForkedBooter.execute(ForkedBooter.java:169)
at org.apache.maven.surefire.booter.ForkedBooter.run(ForkedBooter.java:595)
at org.apache.maven.surefire.booter.ForkedBooter.main(ForkedBooter.java:581)
]]>
            </full-stacktrace>
          </exception> <!-- org.openqa.selenium.NoSuchElementException -->
          <reporter-output>
          </reporter-output>
        </test-method> <!-- TC004_Validare_Date_Introduse -->
        <test-method is-config="true" signature="tearDown()[pri:0, instance:automation.testng.testcases.TC004_Validare_Date_Introduse@6069db50]" started-at="2025-01-12T10:00:08 EET" name="tearDown" finished-at="2025-01-12T10:00:08 EET" duration-ms="180" status="PASS">
          <reporter-output>
          </reporter-output>
        </test-method> <!-- tearDown -->
        <test-method is-config="true" signature="setup(java.lang.String)[pri:0, instance:automation.testng.testcases.TC004_Validare_Date_Introduse@6069db50]" started-at="2025-01-12T10:00:08 EET" name="setup" finished-at="2025-01-12T10:00:09 EET" duration-ms="1057" status="PASS">
          <params>
            <param index="0">
              <value>
                <![CDATA[chrome]]>
              </value>
            </param>
          </params>
          <reporter-output>
          </reporter-output>
        </test-method> <!-- setup -->
        <test-method signature="TC004_Validare_Date_Introduse(automation.enums.Language,automation.enums.Currency,automation.enums.Currency,java.lang.String,java.lang.String)[pri:0, instance:automation.testng.testcases.TC004_Validare_Date_Introduse@6069db50]" started-at="2025-01-12T10:00:09 EET" name="TC004_Validare_Date_Introduse" data-provider="conversionCases" finished-at="2025-01-12T10:00:25 EET" duration-ms="15583" status="FAIL">
          <params>
            <param index="0">
              <value>
                <![CDATA[HU]]>
              </value>
            </param>
            <param index="1">
              <value>
                <![CDATA[CAD]]>
              </value>
            </param>
            <param index="2">
              <value>
                <![CDATA[USD]]>
              </value>
            </param>
            <param index="3">
              <value>
                <![CDATA[10.50]]>
              </value>
            </param>
            <param index="4">
              <value>
                <![CDATA[Meg kell adnia egy számot.]]>
              </value>
            </param>
          </params>
          <exception class="org.openqa.selenium.NoSuchElementException">
            <message>
              <![CDATA[no such element: Unable to locate element: {"method":"css selector","selector":".result-box p"}
  (Session info: chrome=131.0.6778.265)
For documentation on this error, please visit: https://www.selenium.dev/documentation/webdriver/troubleshooting/errors#no-such-element-exception
Build info: version: '4.12.1', revision: '8e34639b11'
System info: os.name: 'Windows 11', os.arch: 'amd64', os.version: '10.0', java.version: '20.0.2'
Driver info: org.openqa.selenium.chrome.ChromeDriver
Command: [f6bab41660edbfee4d6fa4b14802e7ec, findElement {using=css selector, value=.result-box p}]
Capabilities {acceptInsecureCerts: false, browserName: chrome, browserVersion: 131.0.6778.265, chrome: {chromedriverVersion: 131.0.6778.264 (2d05e315153..., userDataDir: C:\WINDOWS\SystemTemp\scope...}, fedcm:accounts: true, goog:chromeOptions: {debuggerAddress: localhost:51066}, networkConnectionEnabled: false, pageLoadStrategy: normal, platformName: windows, proxy: Proxy(), se:cdp: ws://localhost:51066/devtoo..., se:cdpVersion: 131.0.6778.265, setWindowRect: true, strictFileInteractability: false, timeouts: {implicit: 0, pageLoad: 300000, script: 30000}, unhandledPromptBehavior: dismiss and notify, webauthn:extension:credBlob: true, webauthn:extension:largeBlob: true, webauthn:extension:minPinLength: true, webauthn:extension:prf: true, webauthn:virtualAuthenticators: true}
Session ID: f6bab41660edbfee4d6fa4b14802e7ec]]>
            </message>
            <full-stacktrace>
              <![CDATA[org.openqa.selenium.NoSuchElementException: no such element: Unable to locate element: {"method":"css selector","selector":".result-box p"}
  (Session info: chrome=131.0.6778.265)
For documentation on this error, please visit: https://www.selenium.dev/documentation/webdriver/troubleshooting/errors#no-such-element-exception
Build info: version: '4.12.1', revision: '8e34639b11'
System info: os.name: 'Windows 11', os.arch: 'amd64', os.version: '10.0', java.version: '20.0.2'
Driver info: org.openqa.selenium.chrome.ChromeDriver
Command: [f6bab41660edbfee4d6fa4b14802e7ec, findElement {using=css selector, value=.result-box p}]
Capabilities {acceptInsecureCerts: false, browserName: chrome, browserVersion: 131.0.6778.265, chrome: {chromedriverVersion: 131.0.6778.264 (2d05e315153..., userDataDir: C:\WINDOWS\SystemTemp\scope...}, fedcm:accounts: true, goog:chromeOptions: {debuggerAddress: localhost:51066}, networkConnectionEnabled: false, pageLoadStrategy: normal, platformName: windows, proxy: Proxy(), se:cdp: ws://localhost:51066/devtoo..., se:cdpVersion: 131.0.6778.265, setWindowRect: true, strictFileInteractability: false, timeouts: {implicit: 0, pageLoad: 300000, script: 30000}, unhandledPromptBehavior: dismiss and notify, webauthn:extension:credBlob: true, webauthn:extension:largeBlob: true, webauthn:extension:minPinLength: true, webauthn:extension:prf: true, webauthn:virtualAuthenticators: true}
Session ID: f6bab41660edbfee4d6fa4b14802e7ec
at java.base/jdk.internal.reflect.DirectConstructorHandleAccessor.newInstance(DirectConstructorHandleAccessor.java:67)
at java.base/java.lang.reflect.Constructor.newInstanceWithCaller(Constructor.java:500)
at java.base/java.lang.reflect.Constructor.newInstance(Constructor.java:484)
at org.openqa.selenium.remote.codec.w3c.W3CHttpResponseCodec.createException(W3CHttpResponseCodec.java:200)
at org.openqa.selenium.remote.codec.w3c.W3CHttpResponseCodec.decode(W3CHttpResponseCodec.java:133)
at org.openqa.selenium.remote.codec.w3c.W3CHttpResponseCodec.decode(W3CHttpResponseCodec.java:52)
at org.openqa.selenium.remote.HttpCommandExecutor.execute(HttpCommandExecutor.java:191)
at org.openqa.selenium.remote.service.DriverCommandExecutor.invokeExecute(DriverCommandExecutor.java:196)
at org.openqa.selenium.remote.service.DriverCommandExecutor.execute(DriverCommandExecutor.java:171)
at org.openqa.selenium.remote.RemoteWebDriver.execute(RemoteWebDriver.java:602)
at org.openqa.selenium.remote.ElementLocation$ElementFinder$2.findElement(ElementLocation.java:165)
at org.openqa.selenium.remote.ElementLocation.findElement(ElementLocation.java:59)
at org.openqa.selenium.remote.RemoteWebDriver.findElement(RemoteWebDriver.java:359)
at org.openqa.selenium.remote.RemoteWebDriver.findElement(RemoteWebDriver.java:353)
at automation.pages.MainPage.getErrorText(MainPage.java:82)
at automation.testng.testcases.TC004_Validare_Date_Introduse.TC004_Validare_Date_Introduse(TC004_Validare_Date_Introduse.java:21)
at java.base/jdk.internal.reflect.DirectMethodHandleAccessor.invoke(DirectMethodHandleAccessor.java:104)
at java.base/java.lang.reflect.Method.invoke(Method.java:578)
at org.testng.internal.invokers.MethodInvocationHelper.invokeMethod(MethodInvocationHelper.java:139)
at org.testng.internal.invokers.TestInvoker.invokeMethod(TestInvoker.java:677)
at org.testng.internal.invokers.TestInvoker.invokeTestMethod(TestInvoker.java:221)
at org.testng.internal.invokers.MethodRunner.runInSequence(MethodRunner.java:50)
at org.testng.internal.invokers.TestInvoker$MethodInvocationAgent.invoke(TestInvoker.java:969)
at org.testng.internal.invokers.TestInvoker.invokeTestMethods(TestInvoker.java:194)
at org.testng.internal.invokers.TestMethodWorker.invokeTestMethods(TestMethodWorker.java:148)
at org.testng.internal.invokers.TestMethodWorker.run(TestMethodWorker.java:128)
at java.base/java.util.ArrayList.forEach(ArrayList.java:1511)
at org.testng.TestRunner.privateRun(TestRunner.java:829)
at org.testng.TestRunner.run(TestRunner.java:602)
at org.testng.SuiteRunner.runTest(SuiteRunner.java:437)
at org.testng.SuiteRunner.runSequentially(SuiteRunner.java:431)
at org.testng.SuiteRunner.privateRun(SuiteRunner.java:391)
at org.testng.SuiteRunner.run(SuiteRunner.java:330)
at org.testng.SuiteRunnerWorker.runSuite(SuiteRunnerWorker.java:52)
at org.testng.SuiteRunnerWorker.run(SuiteRunnerWorker.java:95)
at org.testng.TestNG.runSuitesSequentially(TestNG.java:1256)
at org.testng.TestNG.runSuitesLocally(TestNG.java:1176)
at org.testng.TestNG.runSuites(TestNG.java:1099)
at org.testng.TestNG.run(TestNG.java:1067)
at org.apache.maven.surefire.testng.TestNGExecutor.run(TestNGExecutor.java:324)
at org.apache.maven.surefire.testng.TestNGXmlTestSuite.execute(TestNGXmlTestSuite.java:74)
at org.apache.maven.surefire.testng.TestNGProvider.invoke(TestNGProvider.java:123)
at org.apache.maven.surefire.booter.ForkedBooter.runSuitesInProcess(ForkedBooter.java:456)
at org.apache.maven.surefire.booter.ForkedBooter.execute(ForkedBooter.java:169)
at org.apache.maven.surefire.booter.ForkedBooter.run(ForkedBooter.java:595)
at org.apache.maven.surefire.booter.ForkedBooter.main(ForkedBooter.java:581)
]]>
            </full-stacktrace>
          </exception> <!-- org.openqa.selenium.NoSuchElementException -->
          <reporter-output>
          </reporter-output>
        </test-method> <!-- TC004_Validare_Date_Introduse -->
        <test-method is-config="true" signature="tearDown()[pri:0, instance:automation.testng.testcases.TC004_Validare_Date_Introduse@6069db50]" started-at="2025-01-12T10:00:25 EET" name="tearDown" finished-at="2025-01-12T10:00:25 EET" duration-ms="176" status="PASS">
          <reporter-output>
          </reporter-output>
        </test-method> <!-- tearDown -->
      </class> <!-- automation.testng.testcases.TC004_Validare_Date_Introduse -->
    </test> <!-- Validari -->
  </suite> <!-- Regression testing - in Chrome -->
  <suite started-at="2025-01-12T10:01:05 EET" name="Test de Performanta" finished-at="2025-01-12T10:01:06 EET" duration-ms="1602">
    <groups>
    </groups>
    <test started-at="2025-01-12T10:01:05 EET" name="Timp de raspuns" finished-at="2025-01-12T10:01:06 EET" duration-ms="1602">
      <class name="automation.testng.testcases.TC007_Performanta">
        <test-method is-config="true" signature="setup(java.lang.String)[pri:0, instance:automation.testng.testcases.TC007_Performanta@130d63be]" started-at="2025-01-12T10:01:05 EET" name="setup" finished-at="2025-01-12T10:01:06 EET" duration-ms="1006" status="PASS">
          <params>
            <param index="0">
              <value>
                <![CDATA[Chrome]]>
              </value>
            </param>
          </params>
          <reporter-output>
          </reporter-output>
        </test-method> <!-- setup -->
        <test-method signature="TC007_Performanta()[pri:0, instance:automation.testng.testcases.TC007_Performanta@130d63be]" started-at="2025-01-12T10:01:06 EET" name="TC007_Performanta" finished-at="2025-01-12T10:01:06 EET" duration-ms="451" status="PASS">
          <reporter-output>
          </reporter-output>
        </test-method> <!-- TC007_Performanta -->
        <test-method is-config="true" signature="tearDown()[pri:0, instance:automation.testng.testcases.TC007_Performanta@130d63be]" started-at="2025-01-12T10:01:06 EET" name="tearDown" finished-at="2025-01-12T10:01:06 EET" duration-ms="144" status="PASS">
          <reporter-output>
          </reporter-output>
        </test-method> <!-- tearDown -->
      </class> <!-- automation.testng.testcases.TC007_Performanta -->
    </test> <!-- Timp de raspuns -->
  </suite> <!-- Test de Performanta -->
  <suite started-at="2025-01-12T10:00:25 EET" name="Compatibilitate Firefox" finished-at="2025-01-12T10:01:05 EET" duration-ms="39528">
    <groups>
    </groups>
    <test started-at="2025-01-12T10:00:25 EET" name="Localizare aplicatie" finished-at="2025-01-12T10:00:45 EET" duration-ms="20249">
      <class name="automation.testng.testcases.TC001_Selectarea_Limbii_Interfetei">
        <test-method is-config="true" signature="setup(java.lang.String)[pri:0, instance:automation.testng.testcases.TC001_Selectarea_Limbii_Interfetei@1a482e36]" started-at="2025-01-12T10:00:25 EET" name="setup" finished-at="2025-01-12T10:00:29 EET" duration-ms="3906" status="PASS">
          <params>
            <param index="0">
              <value>
                <![CDATA[Firefox]]>
              </value>
            </param>
          </params>
          <reporter-output>
          </reporter-output>
        </test-method> <!-- setup -->
        <test-method signature="TC001_Selectarea_Limbii_Interfetei(automation.enums.Language,java.lang.String)[pri:0, instance:automation.testng.testcases.TC001_Selectarea_Limbii_Interfetei@1a482e36]" started-at="2025-01-12T10:00:29 EET" name="TC001_Selectarea_Limbii_Interfetei" data-provider="languageEnumProvider" finished-at="2025-01-12T10:00:30 EET" duration-ms="589" status="PASS">
          <params>
            <param index="0">
              <value>
                <![CDATA[RO]]>
              </value>
            </param>
            <param index="1">
              <value>
                <![CDATA[Conform cursului BNR din 19.11.2024, suma convertită în EUR este: 0,2 EUR]]>
              </value>
            </param>
          </params>
          <reporter-output>
          </reporter-output>
        </test-method> <!-- TC001_Selectarea_Limbii_Interfetei -->
        <test-method is-config="true" signature="tearDown()[pri:0, instance:automation.testng.testcases.TC001_Selectarea_Limbii_Interfetei@1a482e36]" started-at="2025-01-12T10:00:30 EET" name="tearDown" finished-at="2025-01-12T10:00:31 EET" duration-ms="911" status="PASS">
          <reporter-output>
          </reporter-output>
        </test-method> <!-- tearDown -->
        <test-method is-config="true" signature="setup(java.lang.String)[pri:0, instance:automation.testng.testcases.TC001_Selectarea_Limbii_Interfetei@1a482e36]" started-at="2025-01-12T10:00:31 EET" name="setup" finished-at="2025-01-12T10:00:34 EET" duration-ms="3443" status="PASS">
          <params>
            <param index="0">
              <value>
                <![CDATA[Firefox]]>
              </value>
            </param>
          </params>
          <reporter-output>
          </reporter-output>
        </test-method> <!-- setup -->
        <test-method signature="TC001_Selectarea_Limbii_Interfetei(automation.enums.Language,java.lang.String)[pri:0, instance:automation.testng.testcases.TC001_Selectarea_Limbii_Interfetei@1a482e36]" started-at="2025-01-12T10:00:34 EET" name="TC001_Selectarea_Limbii_Interfetei" data-provider="languageEnumProvider" finished-at="2025-01-12T10:00:35 EET" duration-ms="646" status="FAIL">
          <params>
            <param index="0">
              <value>
                <![CDATA[FR]]>
              </value>
            </param>
            <param index="1">
              <value>
                <![CDATA[Selon le taux de change de la BNR du 19.11.2024, le montant converti en EUR est: 0,2 EUR]]>
              </value>
            </param>
          </params>
          <exception class="java.lang.AssertionError">
            <message>
              <![CDATA[Expected to end with: 'Selon le taux de change de la BNR du 19.11.2024, le montant converti en EUR est: 0,2 EUR' but got 'Vous avez choisi de convertir de RON en EUR
Le montant que vous souhaitez convertir est: 1 RON
Selon le taux de change de la BNR du 19.11.2024, le montant converti en EUR est: 1 EUR EUR' expected [true] but found [false]]]>
            </message>
            <full-stacktrace>
              <![CDATA[java.lang.AssertionError: Expected to end with: 'Selon le taux de change de la BNR du 19.11.2024, le montant converti en EUR est: 0,2 EUR' but got 'Vous avez choisi de convertir de RON en EUR
Le montant que vous souhaitez convertir est: 1 RON
Selon le taux de change de la BNR du 19.11.2024, le montant converti en EUR est: 1 EUR EUR' expected [true] but found [false]
at org.testng.Assert.fail(Assert.java:110)
at org.testng.Assert.failNotEquals(Assert.java:1413)
at org.testng.Assert.assertTrue(Assert.java:56)
at automation.testng.testcases.BaseTest.checkEndsWith(BaseTest.java:48)
at automation.testng.testcases.TC001_Selectarea_Limbii_Interfetei.TC001_Selectarea_Limbii_Interfetei(TC001_Selectarea_Limbii_Interfetei.java:20)
at java.base/jdk.internal.reflect.DirectMethodHandleAccessor.invoke(DirectMethodHandleAccessor.java:104)
at java.base/java.lang.reflect.Method.invoke(Method.java:578)
at org.testng.internal.invokers.MethodInvocationHelper.invokeMethod(MethodInvocationHelper.java:139)
at org.testng.internal.invokers.TestInvoker.invokeMethod(TestInvoker.java:677)
at org.testng.internal.invokers.TestInvoker.invokeTestMethod(TestInvoker.java:221)
at org.testng.internal.invokers.MethodRunner.runInSequence(MethodRunner.java:50)
at org.testng.internal.invokers.TestInvoker$MethodInvocationAgent.invoke(TestInvoker.java:969)
at org.testng.internal.invokers.TestInvoker.invokeTestMethods(TestInvoker.java:194)
at org.testng.internal.invokers.TestMethodWorker.invokeTestMethods(TestMethodWorker.java:148)
at org.testng.internal.invokers.TestMethodWorker.run(TestMethodWorker.java:128)
at java.base/java.util.ArrayList.forEach(ArrayList.java:1511)
at org.testng.TestRunner.privateRun(TestRunner.java:829)
at org.testng.TestRunner.run(TestRunner.java:602)
at org.testng.SuiteRunner.runTest(SuiteRunner.java:437)
at org.testng.SuiteRunner.runSequentially(SuiteRunner.java:431)
at org.testng.SuiteRunner.privateRun(SuiteRunner.java:391)
at org.testng.SuiteRunner.run(SuiteRunner.java:330)
at org.testng.SuiteRunnerWorker.runSuite(SuiteRunnerWorker.java:52)
at org.testng.SuiteRunnerWorker.run(SuiteRunnerWorker.java:95)
at org.testng.TestNG.runSuitesSequentially(TestNG.java:1256)
at org.testng.TestNG.runSuitesLocally(TestNG.java:1176)
at org.testng.TestNG.runSuites(TestNG.java:1099)
at org.testng.TestNG.run(TestNG.java:1067)
at org.apache.maven.surefire.testng.TestNGExecutor.run(TestNGExecutor.java:324)
at org.apache.maven.surefire.testng.TestNGXmlTestSuite.execute(TestNGXmlTestSuite.java:74)
at org.apache.maven.surefire.testng.TestNGProvider.invoke(TestNGProvider.java:123)
at org.apache.maven.surefire.booter.ForkedBooter.runSuitesInProcess(ForkedBooter.java:456)
at org.apache.maven.surefire.booter.ForkedBooter.execute(ForkedBooter.java:169)
at org.apache.maven.surefire.booter.ForkedBooter.run(ForkedBooter.java:595)
at org.apache.maven.surefire.booter.ForkedBooter.main(ForkedBooter.java:581)
]]>
            </full-stacktrace>
          </exception> <!-- java.lang.AssertionError -->
          <reporter-output>
          </reporter-output>
        </test-method> <!-- TC001_Selectarea_Limbii_Interfetei -->
        <test-method is-config="true" signature="tearDown()[pri:0, instance:automation.testng.testcases.TC001_Selectarea_Limbii_Interfetei@1a482e36]" started-at="2025-01-12T10:00:35 EET" name="tearDown" finished-at="2025-01-12T10:00:36 EET" duration-ms="888" status="PASS">
          <reporter-output>
          </reporter-output>
        </test-method> <!-- tearDown -->
        <test-method is-config="true" signature="setup(java.lang.String)[pri:0, instance:automation.testng.testcases.TC001_Selectarea_Limbii_Interfetei@1a482e36]" started-at="2025-01-12T10:00:36 EET" name="setup" finished-at="2025-01-12T10:00:39 EET" duration-ms="3247" status="PASS">
          <params>
            <param index="0">
              <value>
                <![CDATA[Firefox]]>
              </value>
            </param>
          </params>
          <reporter-output>
          </reporter-output>
        </test-method> <!-- setup -->
        <test-method signature="TC001_Selectarea_Limbii_Interfetei(automation.enums.Language,java.lang.String)[pri:0, instance:automation.testng.testcases.TC001_Selectarea_Limbii_Interfetei@1a482e36]" started-at="2025-01-12T10:00:39 EET" name="TC001_Selectarea_Limbii_Interfetei" data-provider="languageEnumProvider" finished-at="2025-01-12T10:00:40 EET" duration-ms="745" status="FAIL">
          <params>
            <param index="0">
              <value>
                <![CDATA[HU]]>
              </value>
            </param>
            <param index="1">
              <value>
                <![CDATA[A 2024.11.19-i BNR árfolyam szerint az átváltott összeg EUR-ban: 0,2 EUR]]>
              </value>
            </param>
          </params>
          <exception class="java.lang.AssertionError">
            <message>
              <![CDATA[Expected to end with: 'A 2024.11.19-i BNR árfolyam szerint az átváltott összeg EUR-ban: 0,2 EUR' but got 'A kiválasztott átváltás: RON-ról EUR-ra
Az átváltani kívánt összeg: 1 RON
A 2024.11.19-i BNR árfolyam szerint az átváltott összeg: 0,2 EUR' expected [true] but found [false]]]>
            </message>
            <full-stacktrace>
              <![CDATA[java.lang.AssertionError: Expected to end with: 'A 2024.11.19-i BNR árfolyam szerint az átváltott összeg EUR-ban: 0,2 EUR' but got 'A kiválasztott átváltás: RON-ról EUR-ra
Az átváltani kívánt összeg: 1 RON
A 2024.11.19-i BNR árfolyam szerint az átváltott összeg: 0,2 EUR' expected [true] but found [false]
at org.testng.Assert.fail(Assert.java:110)
at org.testng.Assert.failNotEquals(Assert.java:1413)
at org.testng.Assert.assertTrue(Assert.java:56)
at automation.testng.testcases.BaseTest.checkEndsWith(BaseTest.java:48)
at automation.testng.testcases.TC001_Selectarea_Limbii_Interfetei.TC001_Selectarea_Limbii_Interfetei(TC001_Selectarea_Limbii_Interfetei.java:20)
at java.base/jdk.internal.reflect.DirectMethodHandleAccessor.invoke(DirectMethodHandleAccessor.java:104)
at java.base/java.lang.reflect.Method.invoke(Method.java:578)
at org.testng.internal.invokers.MethodInvocationHelper.invokeMethod(MethodInvocationHelper.java:139)
at org.testng.internal.invokers.TestInvoker.invokeMethod(TestInvoker.java:677)
at org.testng.internal.invokers.TestInvoker.invokeTestMethod(TestInvoker.java:221)
at org.testng.internal.invokers.MethodRunner.runInSequence(MethodRunner.java:50)
at org.testng.internal.invokers.TestInvoker$MethodInvocationAgent.invoke(TestInvoker.java:969)
at org.testng.internal.invokers.TestInvoker.invokeTestMethods(TestInvoker.java:194)
at org.testng.internal.invokers.TestMethodWorker.invokeTestMethods(TestMethodWorker.java:148)
at org.testng.internal.invokers.TestMethodWorker.run(TestMethodWorker.java:128)
at java.base/java.util.ArrayList.forEach(ArrayList.java:1511)
at org.testng.TestRunner.privateRun(TestRunner.java:829)
at org.testng.TestRunner.run(TestRunner.java:602)
at org.testng.SuiteRunner.runTest(SuiteRunner.java:437)
at org.testng.SuiteRunner.runSequentially(SuiteRunner.java:431)
at org.testng.SuiteRunner.privateRun(SuiteRunner.java:391)
at org.testng.SuiteRunner.run(SuiteRunner.java:330)
at org.testng.SuiteRunnerWorker.runSuite(SuiteRunnerWorker.java:52)
at org.testng.SuiteRunnerWorker.run(SuiteRunnerWorker.java:95)
at org.testng.TestNG.runSuitesSequentially(TestNG.java:1256)
at org.testng.TestNG.runSuitesLocally(TestNG.java:1176)
at org.testng.TestNG.runSuites(TestNG.java:1099)
at org.testng.TestNG.run(TestNG.java:1067)
at org.apache.maven.surefire.testng.TestNGExecutor.run(TestNGExecutor.java:324)
at org.apache.maven.surefire.testng.TestNGXmlTestSuite.execute(TestNGXmlTestSuite.java:74)
at org.apache.maven.surefire.testng.TestNGProvider.invoke(TestNGProvider.java:123)
at org.apache.maven.surefire.booter.ForkedBooter.runSuitesInProcess(ForkedBooter.java:456)
at org.apache.maven.surefire.booter.ForkedBooter.execute(ForkedBooter.java:169)
at org.apache.maven.surefire.booter.ForkedBooter.run(ForkedBooter.java:595)
at org.apache.maven.surefire.booter.ForkedBooter.main(ForkedBooter.java:581)
]]>
            </full-stacktrace>
          </exception> <!-- java.lang.AssertionError -->
          <reporter-output>
          </reporter-output>
        </test-method> <!-- TC001_Selectarea_Limbii_Interfetei -->
        <test-method is-config="true" signature="tearDown()[pri:0, instance:automation.testng.testcases.TC001_Selectarea_Limbii_Interfetei@1a482e36]" started-at="2025-01-12T10:00:40 EET" name="tearDown" finished-at="2025-01-12T10:00:40 EET" duration-ms="865" status="PASS">
          <reporter-output>
          </reporter-output>
        </test-method> <!-- tearDown -->
        <test-method is-config="true" signature="setup(java.lang.String)[pri:0, instance:automation.testng.testcases.TC001_Selectarea_Limbii_Interfetei@1a482e36]" started-at="2025-01-12T10:00:40 EET" name="setup" finished-at="2025-01-12T10:00:44 EET" duration-ms="3405" status="PASS">
          <params>
            <param index="0">
              <value>
                <![CDATA[Firefox]]>
              </value>
            </param>
          </params>
          <reporter-output>
          </reporter-output>
        </test-method> <!-- setup -->
        <test-method signature="TC001_Selectarea_Limbii_Interfetei(automation.enums.Language,java.lang.String)[pri:0, instance:automation.testng.testcases.TC001_Selectarea_Limbii_Interfetei@1a482e36]" started-at="2025-01-12T10:00:44 EET" name="TC001_Selectarea_Limbii_Interfetei" data-provider="languageEnumProvider" finished-at="2025-01-12T10:00:45 EET" duration-ms="661" status="PASS">
          <params>
            <param index="0">
              <value>
                <![CDATA[EN]]>
              </value>
            </param>
            <param index="1">
              <value>
                <![CDATA[According to the BNR exchange rate from 19.11.2024, the exchanged amount in EUR is: 0.2 EUR]]>
              </value>
            </param>
          </params>
          <reporter-output>
          </reporter-output>
        </test-method> <!-- TC001_Selectarea_Limbii_Interfetei -->
        <test-method is-config="true" signature="tearDown()[pri:0, instance:automation.testng.testcases.TC001_Selectarea_Limbii_Interfetei@1a482e36]" started-at="2025-01-12T10:00:45 EET" name="tearDown" finished-at="2025-01-12T10:00:45 EET" duration-ms="938" status="PASS">
          <reporter-output>
          </reporter-output>
        </test-method> <!-- tearDown -->
      </class> <!-- automation.testng.testcases.TC001_Selectarea_Limbii_Interfetei -->
    </test> <!-- Localizare aplicatie -->
    <test started-at="2025-01-12T10:00:45 EET" name="Conversii" finished-at="2025-01-12T10:01:05 EET" duration-ms="19273">
      <class name="automation.testng.testcases.TC002_Existentei_Optiunilor_Valutare">
        <test-method is-config="true" signature="setup(java.lang.String)[pri:0, instance:automation.testng.testcases.TC002_Existentei_Optiunilor_Valutare@747ddf94]" started-at="2025-01-12T10:00:45 EET" name="setup" finished-at="2025-01-12T10:00:49 EET" duration-ms="3387" status="PASS">
          <params>
            <param index="0">
              <value>
                <![CDATA[Firefox]]>
              </value>
            </param>
          </params>
          <reporter-output>
          </reporter-output>
        </test-method> <!-- setup -->
        <test-method signature="TC002_Existentei_Optiunilor_Valutare()[pri:0, instance:automation.testng.testcases.TC002_Existentei_Optiunilor_Valutare@747ddf94]" started-at="2025-01-12T10:00:49 EET" name="TC002_Existentei_Optiunilor_Valutare" finished-at="2025-01-12T10:00:49 EET" duration-ms="330" status="PASS">
          <reporter-output>
          </reporter-output>
        </test-method> <!-- TC002_Existentei_Optiunilor_Valutare -->
        <test-method is-config="true" signature="tearDown()[pri:0, instance:automation.testng.testcases.TC002_Existentei_Optiunilor_Valutare@747ddf94]" started-at="2025-01-12T10:00:49 EET" name="tearDown" finished-at="2025-01-12T10:00:50 EET" duration-ms="939" status="PASS">
          <reporter-output>
          </reporter-output>
        </test-method> <!-- tearDown -->
      </class> <!-- automation.testng.testcases.TC002_Existentei_Optiunilor_Valutare -->
      <class name="automation.testng.testcases.TC006_Conversie_Valori_Negative">
        <test-method is-config="true" signature="setup(java.lang.String)[pri:0, instance:automation.testng.testcases.TC006_Conversie_Valori_Negative@35e2d654]" started-at="2025-01-12T10:00:50 EET" name="setup" finished-at="2025-01-12T10:00:53 EET" duration-ms="3256" status="PASS">
          <params>
            <param index="0">
              <value>
                <![CDATA[Firefox]]>
              </value>
            </param>
          </params>
          <reporter-output>
          </reporter-output>
        </test-method> <!-- setup -->
        <test-method signature="TC006_Conversie_Valori_Negative(automation.enums.Language,automation.enums.Currency,automation.enums.Currency,java.lang.String,java.lang.String)[pri:0, instance:automation.testng.testcases.TC006_Conversie_Valori_Negative@35e2d654]" started-at="2025-01-12T10:00:53 EET" name="TC006_Conversie_Valori_Negative" data-provider="conversionCases" finished-at="2025-01-12T10:00:54 EET" duration-ms="831" status="PASS">
          <params>
            <param index="0">
              <value>
                <![CDATA[RO]]>
              </value>
            </param>
            <param index="1">
              <value>
                <![CDATA[USD]]>
              </value>
            </param>
            <param index="2">
              <value>
                <![CDATA[CAD]]>
              </value>
            </param>
            <param index="3">
              <value>
                <![CDATA[-50]]>
              </value>
            </param>
            <param index="4">
              <value>
                <![CDATA[-70 CAD]]>
              </value>
            </param>
          </params>
          <reporter-output>
          </reporter-output>
        </test-method> <!-- TC006_Conversie_Valori_Negative -->
        <test-method is-config="true" signature="tearDown()[pri:0, instance:automation.testng.testcases.TC006_Conversie_Valori_Negative@35e2d654]" started-at="2025-01-12T10:00:54 EET" name="tearDown" finished-at="2025-01-12T10:00:55 EET" duration-ms="870" status="PASS">
          <reporter-output>
          </reporter-output>
        </test-method> <!-- tearDown -->
        <test-method is-config="true" signature="setup(java.lang.String)[pri:0, instance:automation.testng.testcases.TC006_Conversie_Valori_Negative@35e2d654]" started-at="2025-01-12T10:00:55 EET" name="setup" finished-at="2025-01-12T10:00:59 EET" duration-ms="3424" status="PASS">
          <params>
            <param index="0">
              <value>
                <![CDATA[Firefox]]>
              </value>
            </param>
          </params>
          <reporter-output>
          </reporter-output>
        </test-method> <!-- setup -->
        <test-method signature="TC006_Conversie_Valori_Negative(automation.enums.Language,automation.enums.Currency,automation.enums.Currency,java.lang.String,java.lang.String)[pri:0, instance:automation.testng.testcases.TC006_Conversie_Valori_Negative@35e2d654]" started-at="2025-01-12T10:00:59 EET" name="TC006_Conversie_Valori_Negative" data-provider="conversionCases" finished-at="2025-01-12T10:00:59 EET" duration-ms="684" status="PASS">
          <params>
            <param index="0">
              <value>
                <![CDATA[RO]]>
              </value>
            </param>
            <param index="1">
              <value>
                <![CDATA[GBP]]>
              </value>
            </param>
            <param index="2">
              <value>
                <![CDATA[EUR]]>
              </value>
            </param>
            <param index="3">
              <value>
                <![CDATA[-50]]>
              </value>
            </param>
            <param index="4">
              <value>
                <![CDATA[-60 EUR]]>
              </value>
            </param>
          </params>
          <reporter-output>
          </reporter-output>
        </test-method> <!-- TC006_Conversie_Valori_Negative -->
        <test-method is-config="true" signature="tearDown()[pri:0, instance:automation.testng.testcases.TC006_Conversie_Valori_Negative@35e2d654]" started-at="2025-01-12T10:00:59 EET" name="tearDown" finished-at="2025-01-12T10:01:00 EET" duration-ms="872" status="PASS">
          <reporter-output>
          </reporter-output>
        </test-method> <!-- tearDown -->
        <test-method is-config="true" signature="setup(java.lang.String)[pri:0, instance:automation.testng.testcases.TC006_Conversie_Valori_Negative@35e2d654]" started-at="2025-01-12T10:01:00 EET" name="setup" finished-at="2025-01-12T10:01:03 EET" duration-ms="3259" status="PASS">
          <params>
            <param index="0">
              <value>
                <![CDATA[Firefox]]>
              </value>
            </param>
          </params>
          <reporter-output>
          </reporter-output>
        </test-method> <!-- setup -->
        <test-method signature="TC006_Conversie_Valori_Negative(automation.enums.Language,automation.enums.Currency,automation.enums.Currency,java.lang.String,java.lang.String)[pri:0, instance:automation.testng.testcases.TC006_Conversie_Valori_Negative@35e2d654]" started-at="2025-01-12T10:01:03 EET" name="TC006_Conversie_Valori_Negative" data-provider="conversionCases" finished-at="2025-01-12T10:01:04 EET" duration-ms="556" status="PASS">
          <params>
            <param index="0">
              <value>
                <![CDATA[RO]]>
              </value>
            </param>
            <param index="1">
              <value>
                <![CDATA[HUF]]>
              </value>
            </param>
            <param index="2">
              <value>
                <![CDATA[RON]]>
              </value>
            </param>
            <param index="3">
              <value>
                <![CDATA[-50]]>
              </value>
            </param>
            <param index="4">
              <value>
                <![CDATA[-0,6 RON]]>
              </value>
            </param>
          </params>
          <reporter-output>
          </reporter-output>
        </test-method> <!-- TC006_Conversie_Valori_Negative -->
        <test-method is-config="true" signature="tearDown()[pri:0, instance:automation.testng.testcases.TC006_Conversie_Valori_Negative@35e2d654]" started-at="2025-01-12T10:01:04 EET" name="tearDown" finished-at="2025-01-12T10:01:05 EET" duration-ms="862" status="PASS">
          <reporter-output>
          </reporter-output>
        </test-method> <!-- tearDown -->
      </class> <!-- automation.testng.testcases.TC006_Conversie_Valori_Negative -->
    </test> <!-- Conversii -->
  </suite> <!-- Compatibilitate Firefox -->
</testng-results>
